── Attaching packages ─────────────────────────────────────── tidyverse 1.3.0 ──
✔ ggplot2 3.3.2     ✔ purrr   0.3.4
✔ tibble  3.0.4     ✔ dplyr   1.0.2
✔ tidyr   1.1.2     ✔ stringr 1.4.0
✔ readr   1.4.0     ✔ forcats 0.4.0
── Conflicts ────────────────────────────────────────── tidyverse_conflicts() ──
✖ dplyr::filter() masks stats::filter()
✖ dplyr::lag()    masks stats::lag()
Loading required package: StanHeaders
rstan (Version 2.21.2, GitRev: 2e1f913d3ca3)
For execution on a local, multicore CPU with excess RAM we recommend calling
options(mc.cores = parallel::detectCores()).
To avoid recompilation of unchanged Stan programs, we recommend calling
rstan_options(auto_write = TRUE)

Attaching package: ‘rstan’

The following object is masked from ‘package:tidyr’:

    extract


Attaching package: ‘data.table’

The following objects are masked from ‘package:dplyr’:

    between, first, last

The following object is masked from ‘package:purrr’:

    transpose

Loading required package: lme4
Loading required package: Matrix

Attaching package: ‘Matrix’

The following objects are masked from ‘package:tidyr’:

    expand, pack, unpack

Loading required package: methods

Attaching package: ‘lmerTest’

The following object is masked from ‘package:lme4’:

    lmer

The following object is masked from ‘package:stats’:

    step

Loading required package: carData

Attaching package: ‘car’

The following object is masked from ‘package:dplyr’:

    recode

The following object is masked from ‘package:purrr’:

    some

Loading required package: coda

Attaching package: ‘coda’

The following object is masked from ‘package:rstan’:

    traceplot

Linked to JAGS 4.3.0
Loaded modules: basemod,bugs
[1] "71 80"
boundary (singular) fit: see ?isSingular
[1] "everything worked: 1 phen 1"
boundary (singular) fit: see ?isSingular
[1] "everything worked: 2 phen 1"
boundary (singular) fit: see ?isSingular
[1] "everything worked: 3 phen 1"
boundary (singular) fit: see ?isSingular
[1] "everything worked: 4 phen 1"
boundary (singular) fit: see ?isSingular
[1] "everything worked: 5 phen 1"
boundary (singular) fit: see ?isSingular
[1] "everything worked: 6 phen 1"
boundary (singular) fit: see ?isSingular
[1] "everything worked: 7 phen 1"
boundary (singular) fit: see ?isSingular
[1] "everything worked: 8 phen 1"

SAMPLING FOR MODEL '2f8b09025defe902a4bedd6307763397' NOW (CHAIN 1).
Chain 1: 
Chain 1: Gradient evaluation took 0 seconds
Chain 1: 1000 transitions using 10 leapfrog steps per transition would take 0 seconds.
Chain 1: Adjust your expectations accordingly!
Chain 1: 
Chain 1: 
Chain 1: Iteration:    1 / 6000 [  0%]  (Warmup)
Chain 1: Iteration:  600 / 6000 [ 10%]  (Warmup)
Chain 1: Iteration: 1200 / 6000 [ 20%]  (Warmup)
Chain 1: Iteration: 1201 / 6000 [ 20%]  (Sampling)
Chain 1: Iteration: 1800 / 6000 [ 30%]  (Sampling)
Chain 1: Iteration: 2400 / 6000 [ 40%]  (Sampling)
Chain 1: Iteration: 3000 / 6000 [ 50%]  (Sampling)
Chain 1: Iteration: 3600 / 6000 [ 60%]  (Sampling)
Chain 1: Iteration: 4200 / 6000 [ 70%]  (Sampling)
Chain 1: Iteration: 4800 / 6000 [ 80%]  (Sampling)
Chain 1: Iteration: 5400 / 6000 [ 90%]  (Sampling)
Chain 1: Iteration: 6000 / 6000 [100%]  (Sampling)
Chain 1: 
Chain 1:  Elapsed Time: 101.12 seconds (Warm-up)
Chain 1:                502.5 seconds (Sampling)
Chain 1:                603.62 seconds (Total)
Chain 1: 

SAMPLING FOR MODEL '2f8b09025defe902a4bedd6307763397' NOW (CHAIN 2).
Chain 2: 
Chain 2: Gradient evaluation took 0 seconds
Chain 2: 1000 transitions using 10 leapfrog steps per transition would take 0 seconds.
Chain 2: Adjust your expectations accordingly!
Chain 2: 
Chain 2: 
Chain 2: Iteration:    1 / 6000 [  0%]  (Warmup)
Chain 2: Iteration:  600 / 6000 [ 10%]  (Warmup)
Chain 2: Iteration: 1200 / 6000 [ 20%]  (Warmup)
Chain 2: Iteration: 1201 / 6000 [ 20%]  (Sampling)
Chain 2: Iteration: 1800 / 6000 [ 30%]  (Sampling)
Chain 2: Iteration: 2400 / 6000 [ 40%]  (Sampling)
Chain 2: Iteration: 3000 / 6000 [ 50%]  (Sampling)
Chain 2: Iteration: 3600 / 6000 [ 60%]  (Sampling)
Chain 2: Iteration: 4200 / 6000 [ 70%]  (Sampling)
Chain 2: Iteration: 4800 / 6000 [ 80%]  (Sampling)
Chain 2: Iteration: 5400 / 6000 [ 90%]  (Sampling)
Chain 2: Iteration: 6000 / 6000 [100%]  (Sampling)
Chain 2: 
Chain 2:  Elapsed Time: 82.08 seconds (Warm-up)
Chain 2:                481.83 seconds (Sampling)
Chain 2:                563.91 seconds (Total)
Chain 2: 

SAMPLING FOR MODEL '2f8b09025defe902a4bedd6307763397' NOW (CHAIN 3).
Chain 3: 
Chain 3: Gradient evaluation took 0 seconds
Chain 3: 1000 transitions using 10 leapfrog steps per transition would take 0 seconds.
Chain 3: Adjust your expectations accordingly!
Chain 3: 
Chain 3: 
Chain 3: Iteration:    1 / 6000 [  0%]  (Warmup)
Chain 3: Iteration:  600 / 6000 [ 10%]  (Warmup)
Chain 3: Iteration: 1200 / 6000 [ 20%]  (Warmup)
Chain 3: Iteration: 1201 / 6000 [ 20%]  (Sampling)
Chain 3: Iteration: 1800 / 6000 [ 30%]  (Sampling)
Chain 3: Iteration: 2400 / 6000 [ 40%]  (Sampling)
Chain 3: Iteration: 3000 / 6000 [ 50%]  (Sampling)
Chain 3: Iteration: 3600 / 6000 [ 60%]  (Sampling)
Chain 3: Iteration: 4200 / 6000 [ 70%]  (Sampling)
Chain 3: Iteration: 4800 / 6000 [ 80%]  (Sampling)
Chain 3: Iteration: 5400 / 6000 [ 90%]  (Sampling)
Chain 3: Iteration: 6000 / 6000 [100%]  (Sampling)
Chain 3: 
Chain 3:  Elapsed Time: 88.07 seconds (Warm-up)
Chain 3:                523.44 seconds (Sampling)
Chain 3:                611.51 seconds (Total)
Chain 3: 
boundary (singular) fit: see ?isSingular
[1] "everything worked: 1 phen 1"
boundary (singular) fit: see ?isSingular
[1] "everything worked: 2 phen 1"
boundary (singular) fit: see ?isSingular
[1] "everything worked: 3 phen 1"
boundary (singular) fit: see ?isSingular
[1] "everything worked: 4 phen 1"
boundary (singular) fit: see ?isSingular
[1] "everything worked: 5 phen 1"
boundary (singular) fit: see ?isSingular
[1] "everything worked: 6 phen 1"
boundary (singular) fit: see ?isSingular
[1] "everything worked: 7 phen 1"
boundary (singular) fit: see ?isSingular
[1] "everything worked: 8 phen 1"

SAMPLING FOR MODEL '2f8b09025defe902a4bedd6307763397' NOW (CHAIN 1).
Chain 1: 
Chain 1: Gradient evaluation took 0 seconds
Chain 1: 1000 transitions using 10 leapfrog steps per transition would take 0 seconds.
Chain 1: Adjust your expectations accordingly!
Chain 1: 
Chain 1: 
Chain 1: Iteration:    1 / 6000 [  0%]  (Warmup)
Chain 1: Iteration:  600 / 6000 [ 10%]  (Warmup)
Chain 1: Iteration: 1200 / 6000 [ 20%]  (Warmup)
Chain 1: Iteration: 1201 / 6000 [ 20%]  (Sampling)
Chain 1: Iteration: 1800 / 6000 [ 30%]  (Sampling)
Chain 1: Iteration: 2400 / 6000 [ 40%]  (Sampling)
Chain 1: Iteration: 3000 / 6000 [ 50%]  (Sampling)
Chain 1: Iteration: 3600 / 6000 [ 60%]  (Sampling)
Chain 1: Iteration: 4200 / 6000 [ 70%]  (Sampling)
Chain 1: Iteration: 4800 / 6000 [ 80%]  (Sampling)
Chain 1: Iteration: 5400 / 6000 [ 90%]  (Sampling)
Chain 1: Iteration: 6000 / 6000 [100%]  (Sampling)
Chain 1: 
Chain 1:  Elapsed Time: 62.98 seconds (Warm-up)
Chain 1:                352.51 seconds (Sampling)
Chain 1:                415.49 seconds (Total)
Chain 1: 

SAMPLING FOR MODEL '2f8b09025defe902a4bedd6307763397' NOW (CHAIN 2).
Chain 2: 
Chain 2: Gradient evaluation took 0 seconds
Chain 2: 1000 transitions using 10 leapfrog steps per transition would take 0 seconds.
Chain 2: Adjust your expectations accordingly!
Chain 2: 
Chain 2: 
Chain 2: Iteration:    1 / 6000 [  0%]  (Warmup)
Chain 2: Iteration:  600 / 6000 [ 10%]  (Warmup)
Chain 2: Iteration: 1200 / 6000 [ 20%]  (Warmup)
Chain 2: Iteration: 1201 / 6000 [ 20%]  (Sampling)
Chain 2: Iteration: 1800 / 6000 [ 30%]  (Sampling)
Chain 2: Iteration: 2400 / 6000 [ 40%]  (Sampling)
Chain 2: Iteration: 3000 / 6000 [ 50%]  (Sampling)
Chain 2: Iteration: 3600 / 6000 [ 60%]  (Sampling)
Chain 2: Iteration: 4200 / 6000 [ 70%]  (Sampling)
Chain 2: Iteration: 4800 / 6000 [ 80%]  (Sampling)
Chain 2: Iteration: 5400 / 6000 [ 90%]  (Sampling)
Chain 2: Iteration: 6000 / 6000 [100%]  (Sampling)
Chain 2: 
Chain 2:  Elapsed Time: 74.93 seconds (Warm-up)
Chain 2:                366 seconds (Sampling)
Chain 2:                440.93 seconds (Total)
Chain 2: 

SAMPLING FOR MODEL '2f8b09025defe902a4bedd6307763397' NOW (CHAIN 3).
Chain 3: 
Chain 3: Gradient evaluation took 0 seconds
Chain 3: 1000 transitions using 10 leapfrog steps per transition would take 0 seconds.
Chain 3: Adjust your expectations accordingly!
Chain 3: 
Chain 3: 
Chain 3: Iteration:    1 / 6000 [  0%]  (Warmup)
Chain 3: Iteration:  600 / 6000 [ 10%]  (Warmup)
Chain 3: Iteration: 1200 / 6000 [ 20%]  (Warmup)
Chain 3: Iteration: 1201 / 6000 [ 20%]  (Sampling)
Chain 3: Iteration: 1800 / 6000 [ 30%]  (Sampling)
Chain 3: Iteration: 2400 / 6000 [ 40%]  (Sampling)
