── Attaching packages ─────────────────────────────────────── tidyverse 1.3.0 ──
✔ ggplot2 3.3.2     ✔ purrr   0.3.4
✔ tibble  3.0.4     ✔ dplyr   1.0.2
✔ tidyr   1.1.2     ✔ stringr 1.4.0
✔ readr   1.4.0     ✔ forcats 0.4.0
── Conflicts ────────────────────────────────────────── tidyverse_conflicts() ──
✖ dplyr::filter() masks stats::filter()
✖ dplyr::lag()    masks stats::lag()
Loading required package: StanHeaders
rstan (Version 2.21.2, GitRev: 2e1f913d3ca3)
For execution on a local, multicore CPU with excess RAM we recommend calling
options(mc.cores = parallel::detectCores()).
To avoid recompilation of unchanged Stan programs, we recommend calling
rstan_options(auto_write = TRUE)

Attaching package: ‘rstan’

The following object is masked from ‘package:tidyr’:

    extract


Attaching package: ‘data.table’

The following objects are masked from ‘package:dplyr’:

    between, first, last

The following object is masked from ‘package:purrr’:

    transpose

Loading required package: lme4
Loading required package: Matrix

Attaching package: ‘Matrix’

The following objects are masked from ‘package:tidyr’:

    expand, pack, unpack

Loading required package: methods

Attaching package: ‘lmerTest’

The following object is masked from ‘package:lme4’:

    lmer

The following object is masked from ‘package:stats’:

    step

Loading required package: carData

Attaching package: ‘car’

The following object is masked from ‘package:dplyr’:

    recode

The following object is masked from ‘package:purrr’:

    some

Loading required package: coda

Attaching package: ‘coda’

The following object is masked from ‘package:rstan’:

    traceplot

Linked to JAGS 4.3.0
Loaded modules: basemod,bugs
[1] "1 10"
boundary (singular) fit: see ?isSingular
[1] "everything worked: 1 phen 1"
boundary (singular) fit: see ?isSingular
[1] "everything worked: 2 phen 1"
boundary (singular) fit: see ?isSingular
[1] "everything worked: 3 phen 1"
boundary (singular) fit: see ?isSingular
[1] "everything worked: 4 phen 1"
boundary (singular) fit: see ?isSingular
[1] "everything worked: 5 phen 1"
boundary (singular) fit: see ?isSingular
[1] "everything worked: 6 phen 1"
boundary (singular) fit: see ?isSingular
[1] "everything worked: 7 phen 1"
boundary (singular) fit: see ?isSingular
[1] "everything worked: 8 phen 1"

SAMPLING FOR MODEL '2f8b09025defe902a4bedd6307763397' NOW (CHAIN 1).
Chain 1: 
Chain 1: Gradient evaluation took 0 seconds
Chain 1: 1000 transitions using 10 leapfrog steps per transition would take 0 seconds.
Chain 1: Adjust your expectations accordingly!
Chain 1: 
Chain 1: 
Chain 1: Iteration:    1 / 6000 [  0%]  (Warmup)
Chain 1: Iteration:  600 / 6000 [ 10%]  (Warmup)
Chain 1: Iteration: 1200 / 6000 [ 20%]  (Warmup)
Chain 1: Iteration: 1201 / 6000 [ 20%]  (Sampling)
Chain 1: Iteration: 1800 / 6000 [ 30%]  (Sampling)
Chain 1: Iteration: 2400 / 6000 [ 40%]  (Sampling)
Chain 1: Iteration: 3000 / 6000 [ 50%]  (Sampling)
Chain 1: Iteration: 3600 / 6000 [ 60%]  (Sampling)
Chain 1: Iteration: 4200 / 6000 [ 70%]  (Sampling)
Chain 1: Iteration: 4800 / 6000 [ 80%]  (Sampling)
Chain 1: Iteration: 5400 / 6000 [ 90%]  (Sampling)
Chain 1: Iteration: 6000 / 6000 [100%]  (Sampling)
Chain 1: 
Chain 1:  Elapsed Time: 65.81 seconds (Warm-up)
Chain 1:                376.01 seconds (Sampling)
Chain 1:                441.82 seconds (Total)
Chain 1: 

SAMPLING FOR MODEL '2f8b09025defe902a4bedd6307763397' NOW (CHAIN 2).
Chain 2: 
Chain 2: Gradient evaluation took 0 seconds
Chain 2: 1000 transitions using 10 leapfrog steps per transition would take 0 seconds.
Chain 2: Adjust your expectations accordingly!
Chain 2: 
Chain 2: 
Chain 2: Iteration:    1 / 6000 [  0%]  (Warmup)
Chain 2: Iteration:  600 / 6000 [ 10%]  (Warmup)
Chain 2: Iteration: 1200 / 6000 [ 20%]  (Warmup)
Chain 2: Iteration: 1201 / 6000 [ 20%]  (Sampling)
Chain 2: Iteration: 1800 / 6000 [ 30%]  (Sampling)
Chain 2: Iteration: 2400 / 6000 [ 40%]  (Sampling)
Chain 2: Iteration: 3000 / 6000 [ 50%]  (Sampling)
Chain 2: Iteration: 3600 / 6000 [ 60%]  (Sampling)
Chain 2: Iteration: 4200 / 6000 [ 70%]  (Sampling)
Chain 2: Iteration: 4800 / 6000 [ 80%]  (Sampling)
Chain 2: Iteration: 5400 / 6000 [ 90%]  (Sampling)
Chain 2: Iteration: 6000 / 6000 [100%]  (Sampling)
Chain 2: 
Chain 2:  Elapsed Time: 51.96 seconds (Warm-up)
Chain 2:                294.23 seconds (Sampling)
Chain 2:                346.19 seconds (Total)
Chain 2: 

SAMPLING FOR MODEL '2f8b09025defe902a4bedd6307763397' NOW (CHAIN 3).
Chain 3: 
Chain 3: Gradient evaluation took 0 seconds
Chain 3: 1000 transitions using 10 leapfrog steps per transition would take 0 seconds.
Chain 3: Adjust your expectations accordingly!
Chain 3: 
Chain 3: 
Chain 3: Iteration:    1 / 6000 [  0%]  (Warmup)
Chain 3: Iteration:  600 / 6000 [ 10%]  (Warmup)
Chain 3: Iteration: 1200 / 6000 [ 20%]  (Warmup)
Chain 3: Iteration: 1201 / 6000 [ 20%]  (Sampling)
Chain 3: Iteration: 1800 / 6000 [ 30%]  (Sampling)
Chain 3: Iteration: 2400 / 6000 [ 40%]  (Sampling)
Chain 3: Iteration: 3000 / 6000 [ 50%]  (Sampling)
Chain 3: Iteration: 3600 / 6000 [ 60%]  (Sampling)
Chain 3: Iteration: 4200 / 6000 [ 70%]  (Sampling)
Chain 3: Iteration: 4800 / 6000 [ 80%]  (Sampling)
Chain 3: Iteration: 5400 / 6000 [ 90%]  (Sampling)
Chain 3: Iteration: 6000 / 6000 [100%]  (Sampling)
Chain 3: 
Chain 3:  Elapsed Time: 47.49 seconds (Warm-up)
Chain 3:                309.25 seconds (Sampling)
Chain 3:                356.74 seconds (Total)
Chain 3: 
[1] "everything worked: 1 phen 1"
boundary (singular) fit: see ?isSingular
[1] "everything worked: 2 phen 1"
[1] "everything worked: 3 phen 1"
boundary (singular) fit: see ?isSingular
[1] "everything worked: 4 phen 1"
boundary (singular) fit: see ?isSingular
[1] "everything worked: 5 phen 1"
boundary (singular) fit: see ?isSingular
[1] "everything worked: 6 phen 1"
boundary (singular) fit: see ?isSingular
[1] "everything worked: 7 phen 1"
boundary (singular) fit: see ?isSingular
[1] "everything worked: 8 phen 1"

SAMPLING FOR MODEL '2f8b09025defe902a4bedd6307763397' NOW (CHAIN 1).
Chain 1: 
Chain 1: Gradient evaluation took 0 seconds
Chain 1: 1000 transitions using 10 leapfrog steps per transition would take 0 seconds.
Chain 1: Adjust your expectations accordingly!
Chain 1: 
Chain 1: 
Chain 1: Iteration:    1 / 6000 [  0%]  (Warmup)
Chain 1: Iteration:  600 / 6000 [ 10%]  (Warmup)
Chain 1: Iteration: 1200 / 6000 [ 20%]  (Warmup)
Chain 1: Iteration: 1201 / 6000 [ 20%]  (Sampling)
Chain 1: Iteration: 1800 / 6000 [ 30%]  (Sampling)
Chain 1: Iteration: 2400 / 6000 [ 40%]  (Sampling)
Chain 1: Iteration: 3000 / 6000 [ 50%]  (Sampling)
Chain 1: Iteration: 3600 / 6000 [ 60%]  (Sampling)
Chain 1: Iteration: 4200 / 6000 [ 70%]  (Sampling)
Chain 1: Iteration: 4800 / 6000 [ 80%]  (Sampling)
Chain 1: Iteration: 5400 / 6000 [ 90%]  (Sampling)
Chain 1: Iteration: 6000 / 6000 [100%]  (Sampling)
Chain 1: 
Chain 1:  Elapsed Time: 64 seconds (Warm-up)
Chain 1:                420.35 seconds (Sampling)
Chain 1:                484.35 seconds (Total)
Chain 1: 

SAMPLING FOR MODEL '2f8b09025defe902a4bedd6307763397' NOW (CHAIN 2).
Chain 2: 
Chain 2: Gradient evaluation took 0 seconds
Chain 2: 1000 transitions using 10 leapfrog steps per transition would take 0 seconds.
Chain 2: Adjust your expectations accordingly!
Chain 2: 
Chain 2: 
Chain 2: Iteration:    1 / 6000 [  0%]  (Warmup)
Chain 2: Iteration:  600 / 6000 [ 10%]  (Warmup)
Chain 2: Iteration: 1200 / 6000 [ 20%]  (Warmup)
Chain 2: Iteration: 1201 / 6000 [ 20%]  (Sampling)
Chain 2: Iteration: 1800 / 6000 [ 30%]  (Sampling)
Chain 2: Iteration: 2400 / 6000 [ 40%]  (Sampling)
Chain 2: Iteration: 3000 / 6000 [ 50%]  (Sampling)
Chain 2: Iteration: 3600 / 6000 [ 60%]  (Sampling)
Chain 2: Iteration: 4200 / 6000 [ 70%]  (Sampling)
Chain 2: Iteration: 4800 / 6000 [ 80%]  (Sampling)
Chain 2: Iteration: 5400 / 6000 [ 90%]  (Sampling)
Chain 2: Iteration: 6000 / 6000 [100%]  (Sampling)
Chain 2: 
Chain 2:  Elapsed Time: 98.62 seconds (Warm-up)
Chain 2:                562.12 seconds (Sampling)
Chain 2:                660.74 seconds (Total)
Chain 2: 

SAMPLING FOR MODEL '2f8b09025defe902a4bedd6307763397' NOW (CHAIN 3).
Chain 3: 
Chain 3: Gradient evaluation took 0 seconds
Chain 3: 1000 transitions using 10 leapfrog steps per transition would take 0 seconds.
Chain 3: Adjust your expectations accordingly!
Chain 3: 
Chain 3: 
Chain 3: Iteration:    1 / 6000 [  0%]  (Warmup)
Chain 3: Iteration:  600 / 6000 [ 10%]  (Warmup)
Chain 3: Iteration: 1200 / 6000 [ 20%]  (Warmup)
Chain 3: Iteration: 1201 / 6000 [ 20%]  (Sampling)
Chain 3: Iteration: 1800 / 6000 [ 30%]  (Sampling)
Chain 3: Iteration: 2400 / 6000 [ 40%]  (Sampling)
Chain 3: Iteration: 3000 / 6000 [ 50%]  (Sampling)
Chain 3: Iteration: 3600 / 6000 [ 60%]  (Sampling)
Chain 3: Iteration: 4200 / 6000 [ 70%]  (Sampling)
Chain 3: Iteration: 4800 / 6000 [ 80%]  (Sampling)
Chain 3: Iteration: 5400 / 6000 [ 90%]  (Sampling)
Chain 3: Iteration: 6000 / 6000 [100%]  (Sampling)
Chain 3: 
Chain 3:  Elapsed Time: 76.34 seconds (Warm-up)
Chain 3:                468.85 seconds (Sampling)
Chain 3:                545.19 seconds (Total)
Chain 3: 
[1] "everything worked: 1 phen 1"
[1] "everything worked: 2 phen 1"
[1] "everything worked: 3 phen 1"
[1] "everything worked: 4 phen 1"
boundary (singular) fit: see ?isSingular
[1] "everything worked: 5 phen 1"
[1] "everything worked: 6 phen 1"
[1] "everything worked: 7 phen 1"
[1] "everything worked: 8 phen 1"

SAMPLING FOR MODEL '2f8b09025defe902a4bedd6307763397' NOW (CHAIN 1).
Chain 1: 
Chain 1: Gradient evaluation took 0 seconds
Chain 1: 1000 transitions using 10 leapfrog steps per transition would take 0 seconds.
Chain 1: Adjust your expectations accordingly!
Chain 1: 
Chain 1: 
Chain 1: Iteration:    1 / 6000 [  0%]  (Warmup)
Chain 1: Iteration:  600 / 6000 [ 10%]  (Warmup)
Chain 1: Iteration: 1200 / 6000 [ 20%]  (Warmup)
Chain 1: Iteration: 1201 / 6000 [ 20%]  (Sampling)
Chain 1: Iteration: 1800 / 6000 [ 30%]  (Sampling)
Chain 1: Iteration: 2400 / 6000 [ 40%]  (Sampling)
Chain 1: Iteration: 3000 / 6000 [ 50%]  (Sampling)
Chain 1: Iteration: 3600 / 6000 [ 60%]  (Sampling)
Chain 1: Iteration: 4200 / 6000 [ 70%]  (Sampling)
Chain 1: Iteration: 4800 / 6000 [ 80%]  (Sampling)
Chain 1: Iteration: 5400 / 6000 [ 90%]  (Sampling)
Chain 1: Iteration: 6000 / 6000 [100%]  (Sampling)
Chain 1: 
Chain 1:  Elapsed Time: 85.56 seconds (Warm-up)
Chain 1:                499.5 seconds (Sampling)
Chain 1:                585.06 seconds (Total)
Chain 1: 

SAMPLING FOR MODEL '2f8b09025defe902a4bedd6307763397' NOW (CHAIN 2).
Chain 2: 
Chain 2: Gradient evaluation took 0 seconds
Chain 2: 1000 transitions using 10 leapfrog steps per transition would take 0 seconds.
Chain 2: Adjust your expectations accordingly!
Chain 2: 
Chain 2: 
Chain 2: Iteration:    1 / 6000 [  0%]  (Warmup)
Chain 2: Iteration:  600 / 6000 [ 10%]  (Warmup)
Chain 2: Iteration: 1200 / 6000 [ 20%]  (Warmup)
Chain 2: Iteration: 1201 / 6000 [ 20%]  (Sampling)
Chain 2: Iteration: 1800 / 6000 [ 30%]  (Sampling)
Chain 2: Iteration: 2400 / 6000 [ 40%]  (Sampling)
Chain 2: Iteration: 3000 / 6000 [ 50%]  (Sampling)
Chain 2: Iteration: 3600 / 6000 [ 60%]  (Sampling)
Chain 2: Iteration: 4200 / 6000 [ 70%]  (Sampling)
Chain 2: Iteration: 4800 / 6000 [ 80%]  (Sampling)
Chain 2: Iteration: 5400 / 6000 [ 90%]  (Sampling)
Chain 2: Iteration: 6000 / 6000 [100%]  (Sampling)
Chain 2: 
Chain 2:  Elapsed Time: 89.97 seconds (Warm-up)
Chain 2:                531.07 seconds (Sampling)
Chain 2:                621.04 seconds (Total)
Chain 2: 

SAMPLING FOR MODEL '2f8b09025defe902a4bedd6307763397' NOW (CHAIN 3).
Chain 3: 
Chain 3: Gradient evaluation took 0 seconds
Chain 3: 1000 transitions using 10 leapfrog steps per transition would take 0 seconds.
Chain 3: Adjust your expectations accordingly!
Chain 3: 
Chain 3: 
Chain 3: Iteration:    1 / 6000 [  0%]  (Warmup)
Chain 3: Iteration:  600 / 6000 [ 10%]  (Warmup)
Chain 3: Iteration: 1200 / 6000 [ 20%]  (Warmup)
Chain 3: Iteration: 1201 / 6000 [ 20%]  (Sampling)
Chain 3: Iteration: 1800 / 6000 [ 30%]  (Sampling)
Chain 3: Iteration: 2400 / 6000 [ 40%]  (Sampling)
Chain 3: Iteration: 3000 / 6000 [ 50%]  (Sampling)
Chain 3: Iteration: 3600 / 6000 [ 60%]  (Sampling)
Chain 3: Iteration: 4200 / 6000 [ 70%]  (Sampling)
Chain 3: Iteration: 4800 / 6000 [ 80%]  (Sampling)
Chain 3: Iteration: 5400 / 6000 [ 90%]  (Sampling)
Chain 3: Iteration: 6000 / 6000 [100%]  (Sampling)
Chain 3: 
Chain 3:  Elapsed Time: 95.78 seconds (Warm-up)
Chain 3:                483.07 seconds (Sampling)
Chain 3:                578.85 seconds (Total)
Chain 3: 
boundary (singular) fit: see ?isSingular
[1] "everything worked: 1 phen 1"
boundary (singular) fit: see ?isSingular
[1] "everything worked: 2 phen 1"
boundary (singular) fit: see ?isSingular
[1] "everything worked: 3 phen 1"
boundary (singular) fit: see ?isSingular
[1] "everything worked: 4 phen 1"
boundary (singular) fit: see ?isSingular
[1] "everything worked: 5 phen 1"
boundary (singular) fit: see ?isSingular
[1] "everything worked: 6 phen 1"
boundary (singular) fit: see ?isSingular
[1] "everything worked: 7 phen 1"
boundary (singular) fit: see ?isSingular
[1] "everything worked: 8 phen 1"

SAMPLING FOR MODEL '2f8b09025defe902a4bedd6307763397' NOW (CHAIN 1).
Chain 1: 
Chain 1: Gradient evaluation took 0 seconds
Chain 1: 1000 transitions using 10 leapfrog steps per transition would take 0 seconds.
Chain 1: Adjust your expectations accordingly!
Chain 1: 
Chain 1: 
Chain 1: Iteration:    1 / 6000 [  0%]  (Warmup)
Chain 1: Iteration:  600 / 6000 [ 10%]  (Warmup)
Chain 1: Iteration: 1200 / 6000 [ 20%]  (Warmup)
Chain 1: Iteration: 1201 / 6000 [ 20%]  (Sampling)
Chain 1: Iteration: 1800 / 6000 [ 30%]  (Sampling)
Chain 1: Iteration: 2400 / 6000 [ 40%]  (Sampling)
Chain 1: Iteration: 3000 / 6000 [ 50%]  (Sampling)
Chain 1: Iteration: 3600 / 6000 [ 60%]  (Sampling)
Chain 1: Iteration: 4200 / 6000 [ 70%]  (Sampling)
Chain 1: Iteration: 4800 / 6000 [ 80%]  (Sampling)
Chain 1: Iteration: 5400 / 6000 [ 90%]  (Sampling)
Chain 1: Iteration: 6000 / 6000 [100%]  (Sampling)
Chain 1: 
Chain 1:  Elapsed Time: 66.63 seconds (Warm-up)
Chain 1:                267.28 seconds (Sampling)
Chain 1:                333.91 seconds (Total)
Chain 1: 

SAMPLING FOR MODEL '2f8b09025defe902a4bedd6307763397' NOW (CHAIN 2).
Chain 2: 
Chain 2: Gradient evaluation took 0 seconds
Chain 2: 1000 transitions using 10 leapfrog steps per transition would take 0 seconds.
Chain 2: Adjust your expectations accordingly!
Chain 2: 
Chain 2: 
Chain 2: Iteration:    1 / 6000 [  0%]  (Warmup)
Chain 2: Iteration:  600 / 6000 [ 10%]  (Warmup)
Chain 2: Iteration: 1200 / 6000 [ 20%]  (Warmup)
Chain 2: Iteration: 1201 / 6000 [ 20%]  (Sampling)
Chain 2: Iteration: 1800 / 6000 [ 30%]  (Sampling)
Chain 2: Iteration: 2400 / 6000 [ 40%]  (Sampling)
Chain 2: Iteration: 3000 / 6000 [ 50%]  (Sampling)
Chain 2: Iteration: 3600 / 6000 [ 60%]  (Sampling)
Chain 2: Iteration: 4200 / 6000 [ 70%]  (Sampling)
Chain 2: Iteration: 4800 / 6000 [ 80%]  (Sampling)
Chain 2: Iteration: 5400 / 6000 [ 90%]  (Sampling)
Chain 2: Iteration: 6000 / 6000 [100%]  (Sampling)
Chain 2: 
Chain 2:  Elapsed Time: 85.51 seconds (Warm-up)
Chain 2:                394.12 seconds (Sampling)
Chain 2:                479.63 seconds (Total)
Chain 2: 

SAMPLING FOR MODEL '2f8b09025defe902a4bedd6307763397' NOW (CHAIN 3).
Chain 3: 
Chain 3: Gradient evaluation took 0 seconds
Chain 3: 1000 transitions using 10 leapfrog steps per transition would take 0 seconds.
Chain 3: Adjust your expectations accordingly!
Chain 3: 
Chain 3: 
Chain 3: Iteration:    1 / 6000 [  0%]  (Warmup)
Chain 3: Iteration:  600 / 6000 [ 10%]  (Warmup)
Chain 3: Iteration: 1200 / 6000 [ 20%]  (Warmup)
Chain 3: Iteration: 1201 / 6000 [ 20%]  (Sampling)
Chain 3: Iteration: 1800 / 6000 [ 30%]  (Sampling)
Chain 3: Iteration: 2400 / 6000 [ 40%]  (Sampling)
Chain 3: Iteration: 3000 / 6000 [ 50%]  (Sampling)
Chain 3: Iteration: 3600 / 6000 [ 60%]  (Sampling)
Chain 3: Iteration: 4200 / 6000 [ 70%]  (Sampling)
Chain 3: Iteration: 4800 / 6000 [ 80%]  (Sampling)
Chain 3: Iteration: 5400 / 6000 [ 90%]  (Sampling)
Chain 3: Iteration: 6000 / 6000 [100%]  (Sampling)
Chain 3: 
Chain 3:  Elapsed Time: 66.39 seconds (Warm-up)
Chain 3:                340.78 seconds (Sampling)
Chain 3:                407.17 seconds (Total)
Chain 3: 
boundary (singular) fit: see ?isSingular
[1] "everything worked: 1 phen 1"
boundary (singular) fit: see ?isSingular
[1] "everything worked: 2 phen 1"
boundary (singular) fit: see ?isSingular
[1] "everything worked: 3 phen 1"
boundary (singular) fit: see ?isSingular
[1] "everything worked: 4 phen 1"
[1] "everything worked: 5 phen 1"
boundary (singular) fit: see ?isSingular
[1] "everything worked: 6 phen 1"
boundary (singular) fit: see ?isSingular
[1] "everything worked: 7 phen 1"
boundary (singular) fit: see ?isSingular
[1] "everything worked: 8 phen 1"

SAMPLING FOR MODEL '2f8b09025defe902a4bedd6307763397' NOW (CHAIN 1).
Chain 1: 
Chain 1: Gradient evaluation took 0 seconds
Chain 1: 1000 transitions using 10 leapfrog steps per transition would take 0 seconds.
Chain 1: Adjust your expectations accordingly!
Chain 1: 
Chain 1: 
Chain 1: Iteration:    1 / 6000 [  0%]  (Warmup)
Chain 1: Iteration:  600 / 6000 [ 10%]  (Warmup)
Chain 1: Iteration: 1200 / 6000 [ 20%]  (Warmup)
Chain 1: Iteration: 1201 / 6000 [ 20%]  (Sampling)
Chain 1: Iteration: 1800 / 6000 [ 30%]  (Sampling)
Chain 1: Iteration: 2400 / 6000 [ 40%]  (Sampling)
Chain 1: Iteration: 3000 / 6000 [ 50%]  (Sampling)
Chain 1: Iteration: 3600 / 6000 [ 60%]  (Sampling)
Chain 1: Iteration: 4200 / 6000 [ 70%]  (Sampling)
Chain 1: Iteration: 4800 / 6000 [ 80%]  (Sampling)
Chain 1: Iteration: 5400 / 6000 [ 90%]  (Sampling)
Chain 1: Iteration: 6000 / 6000 [100%]  (Sampling)
Chain 1: 
Chain 1:  Elapsed Time: 95.33 seconds (Warm-up)
Chain 1:                369.36 seconds (Sampling)
Chain 1:                464.69 seconds (Total)
Chain 1: 

SAMPLING FOR MODEL '2f8b09025defe902a4bedd6307763397' NOW (CHAIN 2).
Chain 2: 
Chain 2: Gradient evaluation took 0 seconds
Chain 2: 1000 transitions using 10 leapfrog steps per transition would take 0 seconds.
Chain 2: Adjust your expectations accordingly!
Chain 2: 
Chain 2: 
Chain 2: Iteration:    1 / 6000 [  0%]  (Warmup)
Chain 2: Iteration:  600 / 6000 [ 10%]  (Warmup)
Chain 2: Iteration: 1200 / 6000 [ 20%]  (Warmup)
Chain 2: Iteration: 1201 / 6000 [ 20%]  (Sampling)
Chain 2: Iteration: 1800 / 6000 [ 30%]  (Sampling)
Chain 2: Iteration: 2400 / 6000 [ 40%]  (Sampling)
Chain 2: Iteration: 3000 / 6000 [ 50%]  (Sampling)
Chain 2: Iteration: 3600 / 6000 [ 60%]  (Sampling)
Chain 2: Iteration: 4200 / 6000 [ 70%]  (Sampling)
Chain 2: Iteration: 4800 / 6000 [ 80%]  (Sampling)
Chain 2: Iteration: 5400 / 6000 [ 90%]  (Sampling)
Chain 2: Iteration: 6000 / 6000 [100%]  (Sampling)
Chain 2: 
Chain 2:  Elapsed Time: 41.62 seconds (Warm-up)
Chain 2:                283.23 seconds (Sampling)
Chain 2:                324.85 seconds (Total)
Chain 2: 

SAMPLING FOR MODEL '2f8b09025defe902a4bedd6307763397' NOW (CHAIN 3).
Chain 3: 
Chain 3: Gradient evaluation took 0 seconds
Chain 3: 1000 transitions using 10 leapfrog steps per transition would take 0 seconds.
Chain 3: Adjust your expectations accordingly!
Chain 3: 
Chain 3: 
Chain 3: Iteration:    1 / 6000 [  0%]  (Warmup)
Chain 3: Iteration:  600 / 6000 [ 10%]  (Warmup)
Chain 3: Iteration: 1200 / 6000 [ 20%]  (Warmup)
Chain 3: Iteration: 1201 / 6000 [ 20%]  (Sampling)
Chain 3: Iteration: 1800 / 6000 [ 30%]  (Sampling)
Chain 3: Iteration: 2400 / 6000 [ 40%]  (Sampling)
Chain 3: Iteration: 3000 / 6000 [ 50%]  (Sampling)
Chain 3: Iteration: 3600 / 6000 [ 60%]  (Sampling)
Chain 3: Iteration: 4200 / 6000 [ 70%]  (Sampling)
Chain 3: Iteration: 4800 / 6000 [ 80%]  (Sampling)
Chain 3: Iteration: 5400 / 6000 [ 90%]  (Sampling)
Chain 3: Iteration: 6000 / 6000 [100%]  (Sampling)
Chain 3: 
Chain 3:  Elapsed Time: 59.57 seconds (Warm-up)
Chain 3:                414.27 seconds (Sampling)
Chain 3:                473.84 seconds (Total)
Chain 3: 
boundary (singular) fit: see ?isSingular
[1] "everything worked: 1 phen 1"
boundary (singular) fit: see ?isSingular
[1] "everything worked: 2 phen 1"
boundary (singular) fit: see ?isSingular
[1] "everything worked: 3 phen 1"
boundary (singular) fit: see ?isSingular
[1] "everything worked: 4 phen 1"
boundary (singular) fit: see ?isSingular
[1] "everything worked: 5 phen 1"
[1] "everything worked: 6 phen 1"
[1] "everything worked: 7 phen 1"
[1] "everything worked: 8 phen 1"

SAMPLING FOR MODEL '2f8b09025defe902a4bedd6307763397' NOW (CHAIN 1).
Chain 1: 
Chain 1: Gradient evaluation took 0 seconds
Chain 1: 1000 transitions using 10 leapfrog steps per transition would take 0 seconds.
Chain 1: Adjust your expectations accordingly!
Chain 1: 
Chain 1: 
Chain 1: Iteration:    1 / 6000 [  0%]  (Warmup)
Chain 1: Iteration:  600 / 6000 [ 10%]  (Warmup)
Chain 1: Iteration: 1200 / 6000 [ 20%]  (Warmup)
Chain 1: Iteration: 1201 / 6000 [ 20%]  (Sampling)
Chain 1: Iteration: 1800 / 6000 [ 30%]  (Sampling)
Chain 1: Iteration: 2400 / 6000 [ 40%]  (Sampling)
Chain 1: Iteration: 3000 / 6000 [ 50%]  (Sampling)
Chain 1: Iteration: 3600 / 6000 [ 60%]  (Sampling)
Chain 1: Iteration: 4200 / 6000 [ 70%]  (Sampling)
Chain 1: Iteration: 4800 / 6000 [ 80%]  (Sampling)
Chain 1: Iteration: 5400 / 6000 [ 90%]  (Sampling)
Chain 1: Iteration: 6000 / 6000 [100%]  (Sampling)
Chain 1: 
Chain 1:  Elapsed Time: 47.66 seconds (Warm-up)
Chain 1:                364.56 seconds (Sampling)
Chain 1:                412.22 seconds (Total)
Chain 1: 

SAMPLING FOR MODEL '2f8b09025defe902a4bedd6307763397' NOW (CHAIN 2).
Chain 2: 
Chain 2: Gradient evaluation took 0 seconds
Chain 2: 1000 transitions using 10 leapfrog steps per transition would take 0 seconds.
Chain 2: Adjust your expectations accordingly!
Chain 2: 
Chain 2: 
Chain 2: Iteration:    1 / 6000 [  0%]  (Warmup)
Chain 2: Iteration:  600 / 6000 [ 10%]  (Warmup)
Chain 2: Iteration: 1200 / 6000 [ 20%]  (Warmup)
Chain 2: Iteration: 1201 / 6000 [ 20%]  (Sampling)
Chain 2: Iteration: 1800 / 6000 [ 30%]  (Sampling)
Chain 2: Iteration: 2400 / 6000 [ 40%]  (Sampling)
Chain 2: Iteration: 3000 / 6000 [ 50%]  (Sampling)
Chain 2: Iteration: 3600 / 6000 [ 60%]  (Sampling)
Chain 2: Iteration: 4200 / 6000 [ 70%]  (Sampling)
Chain 2: Iteration: 4800 / 6000 [ 80%]  (Sampling)
Chain 2: Iteration: 5400 / 6000 [ 90%]  (Sampling)
Chain 2: Iteration: 6000 / 6000 [100%]  (Sampling)
Chain 2: 
Chain 2:  Elapsed Time: 47.52 seconds (Warm-up)
Chain 2:                308.04 seconds (Sampling)
Chain 2:                355.56 seconds (Total)
Chain 2: 

SAMPLING FOR MODEL '2f8b09025defe902a4bedd6307763397' NOW (CHAIN 3).
Chain 3: 
Chain 3: Gradient evaluation took 0 seconds
Chain 3: 1000 transitions using 10 leapfrog steps per transition would take 0 seconds.
Chain 3: Adjust your expectations accordingly!
Chain 3: 
Chain 3: 
Chain 3: Iteration:    1 / 6000 [  0%]  (Warmup)
Chain 3: Iteration:  600 / 6000 [ 10%]  (Warmup)
Chain 3: Iteration: 1200 / 6000 [ 20%]  (Warmup)
Chain 3: Iteration: 1201 / 6000 [ 20%]  (Sampling)
Chain 3: Iteration: 1800 / 6000 [ 30%]  (Sampling)
Chain 3: Iteration: 2400 / 6000 [ 40%]  (Sampling)
Chain 3: Iteration: 3000 / 6000 [ 50%]  (Sampling)
Chain 3: Iteration: 3600 / 6000 [ 60%]  (Sampling)
Chain 3: Iteration: 4200 / 6000 [ 70%]  (Sampling)
Chain 3: Iteration: 4800 / 6000 [ 80%]  (Sampling)
Chain 3: Iteration: 5400 / 6000 [ 90%]  (Sampling)
Chain 3: Iteration: 6000 / 6000 [100%]  (Sampling)
Chain 3: 
Chain 3:  Elapsed Time: 59.56 seconds (Warm-up)
Chain 3:                401.59 seconds (Sampling)
Chain 3:                461.15 seconds (Total)
Chain 3: 
boundary (singular) fit: see ?isSingular
[1] "everything worked: 1 phen 1"
boundary (singular) fit: see ?isSingular
[1] "everything worked: 2 phen 1"
boundary (singular) fit: see ?isSingular
[1] "everything worked: 3 phen 1"
boundary (singular) fit: see ?isSingular
[1] "everything worked: 4 phen 1"
boundary (singular) fit: see ?isSingular
[1] "everything worked: 5 phen 1"
[1] "everything worked: 6 phen 1"
[1] "everything worked: 7 phen 1"
[1] "everything worked: 8 phen 1"

SAMPLING FOR MODEL '2f8b09025defe902a4bedd6307763397' NOW (CHAIN 1).
Chain 1: 
Chain 1: Gradient evaluation took 0 seconds
Chain 1: 1000 transitions using 10 leapfrog steps per transition would take 0 seconds.
Chain 1: Adjust your expectations accordingly!
Chain 1: 
Chain 1: 
Chain 1: Iteration:    1 / 6000 [  0%]  (Warmup)
Chain 1: Iteration:  600 / 6000 [ 10%]  (Warmup)
Chain 1: Iteration: 1200 / 6000 [ 20%]  (Warmup)
Chain 1: Iteration: 1201 / 6000 [ 20%]  (Sampling)
Chain 1: Iteration: 1800 / 6000 [ 30%]  (Sampling)
Chain 1: Iteration: 2400 / 6000 [ 40%]  (Sampling)
Chain 1: Iteration: 3000 / 6000 [ 50%]  (Sampling)
Chain 1: Iteration: 3600 / 6000 [ 60%]  (Sampling)
Chain 1: Iteration: 4200 / 6000 [ 70%]  (Sampling)
Chain 1: Iteration: 4800 / 6000 [ 80%]  (Sampling)
Chain 1: Iteration: 5400 / 6000 [ 90%]  (Sampling)
Chain 1: Iteration: 6000 / 6000 [100%]  (Sampling)
Chain 1: 
Chain 1:  Elapsed Time: 70.16 seconds (Warm-up)
Chain 1:                356.05 seconds (Sampling)
Chain 1:                426.21 seconds (Total)
Chain 1: 

SAMPLING FOR MODEL '2f8b09025defe902a4bedd6307763397' NOW (CHAIN 2).
Chain 2: 
Chain 2: Gradient evaluation took 0 seconds
Chain 2: 1000 transitions using 10 leapfrog steps per transition would take 0 seconds.
Chain 2: Adjust your expectations accordingly!
Chain 2: 
Chain 2: 
Chain 2: Iteration:    1 / 6000 [  0%]  (Warmup)
Chain 2: Iteration:  600 / 6000 [ 10%]  (Warmup)
Chain 2: Iteration: 1200 / 6000 [ 20%]  (Warmup)
Chain 2: Iteration: 1201 / 6000 [ 20%]  (Sampling)
Chain 2: Iteration: 1800 / 6000 [ 30%]  (Sampling)
Chain 2: Iteration: 2400 / 6000 [ 40%]  (Sampling)
Chain 2: Iteration: 3000 / 6000 [ 50%]  (Sampling)
Chain 2: Iteration: 3600 / 6000 [ 60%]  (Sampling)
Chain 2: Iteration: 4200 / 6000 [ 70%]  (Sampling)
Chain 2: Iteration: 4800 / 6000 [ 80%]  (Sampling)
Chain 2: Iteration: 5400 / 6000 [ 90%]  (Sampling)
Chain 2: Iteration: 6000 / 6000 [100%]  (Sampling)
Chain 2: 
Chain 2:  Elapsed Time: 67.46 seconds (Warm-up)
Chain 2:                382.42 seconds (Sampling)
Chain 2:                449.88 seconds (Total)
Chain 2: 

SAMPLING FOR MODEL '2f8b09025defe902a4bedd6307763397' NOW (CHAIN 3).
Chain 3: 
Chain 3: Gradient evaluation took 0 seconds
Chain 3: 1000 transitions using 10 leapfrog steps per transition would take 0 seconds.
Chain 3: Adjust your expectations accordingly!
Chain 3: 
Chain 3: 
Chain 3: Iteration:    1 / 6000 [  0%]  (Warmup)
Chain 3: Iteration:  600 / 6000 [ 10%]  (Warmup)
Chain 3: Iteration: 1200 / 6000 [ 20%]  (Warmup)
Chain 3: Iteration: 1201 / 6000 [ 20%]  (Sampling)
Chain 3: Iteration: 1800 / 6000 [ 30%]  (Sampling)
Chain 3: Iteration: 2400 / 6000 [ 40%]  (Sampling)
Chain 3: Iteration: 3000 / 6000 [ 50%]  (Sampling)
Chain 3: Iteration: 3600 / 6000 [ 60%]  (Sampling)
Chain 3: Iteration: 4200 / 6000 [ 70%]  (Sampling)
Chain 3: Iteration: 4800 / 6000 [ 80%]  (Sampling)
Chain 3: Iteration: 5400 / 6000 [ 90%]  (Sampling)
Chain 3: Iteration: 6000 / 6000 [100%]  (Sampling)
Chain 3: 
Chain 3:  Elapsed Time: 58.63 seconds (Warm-up)
Chain 3:                499.87 seconds (Sampling)
Chain 3:                558.5 seconds (Total)
Chain 3: 
boundary (singular) fit: see ?isSingular
[1] "everything worked: 1 phen 1"
boundary (singular) fit: see ?isSingular
[1] "everything worked: 2 phen 1"
boundary (singular) fit: see ?isSingular
[1] "everything worked: 3 phen 1"
boundary (singular) fit: see ?isSingular
[1] "everything worked: 4 phen 1"
boundary (singular) fit: see ?isSingular
[1] "everything worked: 5 phen 1"
boundary (singular) fit: see ?isSingular
[1] "everything worked: 6 phen 1"
boundary (singular) fit: see ?isSingular
[1] "everything worked: 7 phen 1"
[1] "everything worked: 8 phen 1"

SAMPLING FOR MODEL '2f8b09025defe902a4bedd6307763397' NOW (CHAIN 1).
Chain 1: 
Chain 1: Gradient evaluation took 0 seconds
Chain 1: 1000 transitions using 10 leapfrog steps per transition would take 0 seconds.
Chain 1: Adjust your expectations accordingly!
Chain 1: 
Chain 1: 
Chain 1: Iteration:    1 / 6000 [  0%]  (Warmup)
Chain 1: Iteration:  600 / 6000 [ 10%]  (Warmup)
Chain 1: Iteration: 1200 / 6000 [ 20%]  (Warmup)
Chain 1: Iteration: 1201 / 6000 [ 20%]  (Sampling)
Chain 1: Iteration: 1800 / 6000 [ 30%]  (Sampling)
Chain 1: Iteration: 2400 / 6000 [ 40%]  (Sampling)
Chain 1: Iteration: 3000 / 6000 [ 50%]  (Sampling)
Chain 1: Iteration: 3600 / 6000 [ 60%]  (Sampling)
Chain 1: Iteration: 4200 / 6000 [ 70%]  (Sampling)
Chain 1: Iteration: 4800 / 6000 [ 80%]  (Sampling)
Chain 1: Iteration: 5400 / 6000 [ 90%]  (Sampling)
Chain 1: Iteration: 6000 / 6000 [100%]  (Sampling)
Chain 1: 
Chain 1:  Elapsed Time: 95.83 seconds (Warm-up)
Chain 1:                439.35 seconds (Sampling)
Chain 1:                535.18 seconds (Total)
Chain 1: 

SAMPLING FOR MODEL '2f8b09025defe902a4bedd6307763397' NOW (CHAIN 2).
Chain 2: 
Chain 2: Gradient evaluation took 0 seconds
Chain 2: 1000 transitions using 10 leapfrog steps per transition would take 0 seconds.
Chain 2: Adjust your expectations accordingly!
Chain 2: 
Chain 2: 
Chain 2: Iteration:    1 / 6000 [  0%]  (Warmup)
Chain 2: Iteration:  600 / 6000 [ 10%]  (Warmup)
Chain 2: Iteration: 1200 / 6000 [ 20%]  (Warmup)
Chain 2: Iteration: 1201 / 6000 [ 20%]  (Sampling)
Chain 2: Iteration: 1800 / 6000 [ 30%]  (Sampling)
Chain 2: Iteration: 2400 / 6000 [ 40%]  (Sampling)
Chain 2: Iteration: 3000 / 6000 [ 50%]  (Sampling)
Chain 2: Iteration: 3600 / 6000 [ 60%]  (Sampling)
Chain 2: Iteration: 4200 / 6000 [ 70%]  (Sampling)
Chain 2: Iteration: 4800 / 6000 [ 80%]  (Sampling)
Chain 2: Iteration: 5400 / 6000 [ 90%]  (Sampling)
Chain 2: Iteration: 6000 / 6000 [100%]  (Sampling)
Chain 2: 
Chain 2:  Elapsed Time: 89.28 seconds (Warm-up)
Chain 2:                557.56 seconds (Sampling)
Chain 2:                646.84 seconds (Total)
Chain 2: 

SAMPLING FOR MODEL '2f8b09025defe902a4bedd6307763397' NOW (CHAIN 3).
Chain 3: 
Chain 3: Gradient evaluation took 0 seconds
Chain 3: 1000 transitions using 10 leapfrog steps per transition would take 0 seconds.
Chain 3: Adjust your expectations accordingly!
Chain 3: 
Chain 3: 
Chain 3: Iteration:    1 / 6000 [  0%]  (Warmup)
Chain 3: Iteration:  600 / 6000 [ 10%]  (Warmup)
Chain 3: Iteration: 1200 / 6000 [ 20%]  (Warmup)
Chain 3: Iteration: 1201 / 6000 [ 20%]  (Sampling)
Chain 3: Iteration: 1800 / 6000 [ 30%]  (Sampling)
Chain 3: Iteration: 2400 / 6000 [ 40%]  (Sampling)
Chain 3: Iteration: 3000 / 6000 [ 50%]  (Sampling)
Chain 3: Iteration: 3600 / 6000 [ 60%]  (Sampling)
Chain 3: Iteration: 4200 / 6000 [ 70%]  (Sampling)
Chain 3: Iteration: 4800 / 6000 [ 80%]  (Sampling)
Chain 3: Iteration: 5400 / 6000 [ 90%]  (Sampling)
Chain 3: Iteration: 6000 / 6000 [100%]  (Sampling)
Chain 3: 
Chain 3:  Elapsed Time: 76.24 seconds (Warm-up)
Chain 3:                428.53 seconds (Sampling)
Chain 3:                504.77 seconds (Total)
Chain 3: 
boundary (singular) fit: see ?isSingular
[1] "everything worked: 1 phen 1"
boundary (singular) fit: see ?isSingular
[1] "everything worked: 2 phen 1"
boundary (singular) fit: see ?isSingular
[1] "everything worked: 3 phen 1"
boundary (singular) fit: see ?isSingular
[1] "everything worked: 4 phen 1"
boundary (singular) fit: see ?isSingular
[1] "everything worked: 5 phen 1"
boundary (singular) fit: see ?isSingular
[1] "everything worked: 6 phen 1"
[1] "everything worked: 7 phen 1"
[1] "everything worked: 8 phen 1"

SAMPLING FOR MODEL '2f8b09025defe902a4bedd6307763397' NOW (CHAIN 1).
Chain 1: 
Chain 1: Gradient evaluation took 0 seconds
Chain 1: 1000 transitions using 10 leapfrog steps per transition would take 0 seconds.
Chain 1: Adjust your expectations accordingly!
Chain 1: 
Chain 1: 
Chain 1: Iteration:    1 / 6000 [  0%]  (Warmup)
Chain 1: Iteration:  600 / 6000 [ 10%]  (Warmup)
Chain 1: Iteration: 1200 / 6000 [ 20%]  (Warmup)
Chain 1: Iteration: 1201 / 6000 [ 20%]  (Sampling)
Chain 1: Iteration: 1800 / 6000 [ 30%]  (Sampling)
Chain 1: Iteration: 2400 / 6000 [ 40%]  (Sampling)
Chain 1: Iteration: 3000 / 6000 [ 50%]  (Sampling)
Chain 1: Iteration: 3600 / 6000 [ 60%]  (Sampling)
Chain 1: Iteration: 4200 / 6000 [ 70%]  (Sampling)
Chain 1: Iteration: 4800 / 6000 [ 80%]  (Sampling)
Chain 1: Iteration: 5400 / 6000 [ 90%]  (Sampling)
Chain 1: Iteration: 6000 / 6000 [100%]  (Sampling)
Chain 1: 
Chain 1:  Elapsed Time: 75.58 seconds (Warm-up)
Chain 1:                458.76 seconds (Sampling)
Chain 1:                534.34 seconds (Total)
Chain 1: 

SAMPLING FOR MODEL '2f8b09025defe902a4bedd6307763397' NOW (CHAIN 2).
Chain 2: 
Chain 2: Gradient evaluation took 0 seconds
Chain 2: 1000 transitions using 10 leapfrog steps per transition would take 0 seconds.
Chain 2: Adjust your expectations accordingly!
Chain 2: 
Chain 2: 
Chain 2: Iteration:    1 / 6000 [  0%]  (Warmup)
Chain 2: Iteration:  600 / 6000 [ 10%]  (Warmup)
Chain 2: Iteration: 1200 / 6000 [ 20%]  (Warmup)
Chain 2: Iteration: 1201 / 6000 [ 20%]  (Sampling)
Chain 2: Iteration: 1800 / 6000 [ 30%]  (Sampling)
Chain 2: Iteration: 2400 / 6000 [ 40%]  (Sampling)
Chain 2: Iteration: 3000 / 6000 [ 50%]  (Sampling)
Chain 2: Iteration: 3600 / 6000 [ 60%]  (Sampling)
Chain 2: Iteration: 4200 / 6000 [ 70%]  (Sampling)
Chain 2: Iteration: 4800 / 6000 [ 80%]  (Sampling)
Chain 2: Iteration: 5400 / 6000 [ 90%]  (Sampling)
Chain 2: Iteration: 6000 / 6000 [100%]  (Sampling)
Chain 2: 
Chain 2:  Elapsed Time: 87.06 seconds (Warm-up)
Chain 2:                511.87 seconds (Sampling)
Chain 2:                598.93 seconds (Total)
Chain 2: 

SAMPLING FOR MODEL '2f8b09025defe902a4bedd6307763397' NOW (CHAIN 3).
Chain 3: 
Chain 3: Gradient evaluation took 0 seconds
Chain 3: 1000 transitions using 10 leapfrog steps per transition would take 0 seconds.
Chain 3: Adjust your expectations accordingly!
Chain 3: 
Chain 3: 
Chain 3: Iteration:    1 / 6000 [  0%]  (Warmup)
Chain 3: Iteration:  600 / 6000 [ 10%]  (Warmup)
Chain 3: Iteration: 1200 / 6000 [ 20%]  (Warmup)
Chain 3: Iteration: 1201 / 6000 [ 20%]  (Sampling)
Chain 3: Iteration: 1800 / 6000 [ 30%]  (Sampling)
Chain 3: Iteration: 2400 / 6000 [ 40%]  (Sampling)
Chain 3: Iteration: 3000 / 6000 [ 50%]  (Sampling)
Chain 3: Iteration: 3600 / 6000 [ 60%]  (Sampling)
Chain 3: Iteration: 4200 / 6000 [ 70%]  (Sampling)
Chain 3: Iteration: 4800 / 6000 [ 80%]  (Sampling)
Chain 3: Iteration: 5400 / 6000 [ 90%]  (Sampling)
Chain 3: Iteration: 6000 / 6000 [100%]  (Sampling)
Chain 3: 
Chain 3:  Elapsed Time: 89.35 seconds (Warm-up)
Chain 3:                486.28 seconds (Sampling)
Chain 3:                575.63 seconds (Total)
Chain 3: 
boundary (singular) fit: see ?isSingular
[1] "everything worked: 1 phen 1"
boundary (singular) fit: see ?isSingular
[1] "everything worked: 2 phen 1"
boundary (singular) fit: see ?isSingular
[1] "everything worked: 3 phen 1"
boundary (singular) fit: see ?isSingular
[1] "everything worked: 4 phen 1"
boundary (singular) fit: see ?isSingular
[1] "everything worked: 5 phen 1"
boundary (singular) fit: see ?isSingular
[1] "everything worked: 6 phen 1"
boundary (singular) fit: see ?isSingular
[1] "everything worked: 7 phen 1"
boundary (singular) fit: see ?isSingular
[1] "everything worked: 8 phen 1"

SAMPLING FOR MODEL '2f8b09025defe902a4bedd6307763397' NOW (CHAIN 1).
Chain 1: 
Chain 1: Gradient evaluation took 0 seconds
Chain 1: 1000 transitions using 10 leapfrog steps per transition would take 0 seconds.
Chain 1: Adjust your expectations accordingly!
Chain 1: 
Chain 1: 
Chain 1: Iteration:    1 / 6000 [  0%]  (Warmup)
Chain 1: Iteration:  600 / 6000 [ 10%]  (Warmup)
Chain 1: Iteration: 1200 / 6000 [ 20%]  (Warmup)
Chain 1: Iteration: 1201 / 6000 [ 20%]  (Sampling)
Chain 1: Iteration: 1800 / 6000 [ 30%]  (Sampling)
Chain 1: Iteration: 2400 / 6000 [ 40%]  (Sampling)
Chain 1: Iteration: 3000 / 6000 [ 50%]  (Sampling)
Chain 1: Iteration: 3600 / 6000 [ 60%]  (Sampling)
Chain 1: Iteration: 4200 / 6000 [ 70%]  (Sampling)
Chain 1: Iteration: 4800 / 6000 [ 80%]  (Sampling)
Chain 1: Iteration: 5400 / 6000 [ 90%]  (Sampling)
Chain 1: Iteration: 6000 / 6000 [100%]  (Sampling)
Chain 1: 
Chain 1:  Elapsed Time: 78.64 seconds (Warm-up)
Chain 1:                439.59 seconds (Sampling)
Chain 1:                518.23 seconds (Total)
Chain 1: 

SAMPLING FOR MODEL '2f8b09025defe902a4bedd6307763397' NOW (CHAIN 2).
Chain 2: 
Chain 2: Gradient evaluation took 0 seconds
Chain 2: 1000 transitions using 10 leapfrog steps per transition would take 0 seconds.
Chain 2: Adjust your expectations accordingly!
Chain 2: 
Chain 2: 
Chain 2: Iteration:    1 / 6000 [  0%]  (Warmup)
Chain 2: Iteration:  600 / 6000 [ 10%]  (Warmup)
Chain 2: Iteration: 1200 / 6000 [ 20%]  (Warmup)
Chain 2: Iteration: 1201 / 6000 [ 20%]  (Sampling)
Chain 2: Iteration: 1800 / 6000 [ 30%]  (Sampling)
Chain 2: Iteration: 2400 / 6000 [ 40%]  (Sampling)
Chain 2: Iteration: 3000 / 6000 [ 50%]  (Sampling)
Chain 2: Iteration: 3600 / 6000 [ 60%]  (Sampling)
Chain 2: Iteration: 4200 / 6000 [ 70%]  (Sampling)
Chain 2: Iteration: 4800 / 6000 [ 80%]  (Sampling)
Chain 2: Iteration: 5400 / 6000 [ 90%]  (Sampling)
Chain 2: Iteration: 6000 / 6000 [100%]  (Sampling)
Chain 2: 
Chain 2:  Elapsed Time: 73.59 seconds (Warm-up)
Chain 2:                336 seconds (Sampling)
Chain 2:                409.59 seconds (Total)
Chain 2: 

SAMPLING FOR MODEL '2f8b09025defe902a4bedd6307763397' NOW (CHAIN 3).
Chain 3: 
Chain 3: Gradient evaluation took 0.01 seconds
Chain 3: 1000 transitions using 10 leapfrog steps per transition would take 100 seconds.
Chain 3: Adjust your expectations accordingly!
Chain 3: 
Chain 3: 
Chain 3: Iteration:    1 / 6000 [  0%]  (Warmup)
Chain 3: Iteration:  600 / 6000 [ 10%]  (Warmup)
Chain 3: Iteration: 1200 / 6000 [ 20%]  (Warmup)
Chain 3: Iteration: 1201 / 6000 [ 20%]  (Sampling)
Chain 3: Iteration: 1800 / 6000 [ 30%]  (Sampling)
Chain 3: Iteration: 2400 / 6000 [ 40%]  (Sampling)
Chain 3: Iteration: 3000 / 6000 [ 50%]  (Sampling)
Chain 3: Iteration: 3600 / 6000 [ 60%]  (Sampling)
Chain 3: Iteration: 4200 / 6000 [ 70%]  (Sampling)
Chain 3: Iteration: 4800 / 6000 [ 80%]  (Sampling)
Chain 3: Iteration: 5400 / 6000 [ 90%]  (Sampling)
Chain 3: Iteration: 6000 / 6000 [100%]  (Sampling)
Chain 3: 
Chain 3:  Elapsed Time: 49.81 seconds (Warm-up)
Chain 3:                322.91 seconds (Sampling)
Chain 3:                372.72 seconds (Total)
Chain 3: 
There were 50 or more warnings (use warnings() to see the first 50)
