── Attaching packages ─────────────────────────────────────── tidyverse 1.3.0 ──
✔ ggplot2 3.3.2     ✔ purrr   0.3.4
✔ tibble  3.0.4     ✔ dplyr   1.0.2
✔ tidyr   1.1.2     ✔ stringr 1.4.0
✔ readr   1.4.0     ✔ forcats 0.4.0
── Conflicts ────────────────────────────────────────── tidyverse_conflicts() ──
✖ dplyr::filter() masks stats::filter()
✖ dplyr::lag()    masks stats::lag()
Loading required package: StanHeaders
rstan (Version 2.21.2, GitRev: 2e1f913d3ca3)
For execution on a local, multicore CPU with excess RAM we recommend calling
options(mc.cores = parallel::detectCores()).
To avoid recompilation of unchanged Stan programs, we recommend calling
rstan_options(auto_write = TRUE)

Attaching package: ‘rstan’

The following object is masked from ‘package:tidyr’:

    extract


Attaching package: ‘data.table’

The following objects are masked from ‘package:dplyr’:

    between, first, last

The following object is masked from ‘package:purrr’:

    transpose

Loading required package: lme4
Loading required package: Matrix

Attaching package: ‘Matrix’

The following objects are masked from ‘package:tidyr’:

    expand, pack, unpack

Loading required package: methods

Attaching package: ‘lmerTest’

The following object is masked from ‘package:lme4’:

    lmer

The following object is masked from ‘package:stats’:

    step

Loading required package: carData

Attaching package: ‘car’

The following object is masked from ‘package:dplyr’:

    recode

The following object is masked from ‘package:purrr’:

    some

Loading required package: coda

Attaching package: ‘coda’

The following object is masked from ‘package:rstan’:

    traceplot

Linked to JAGS 4.3.0
Loaded modules: basemod,bugs
[1] "61 70"
boundary (singular) fit: see ?isSingular
[1] "everything worked: 1 phen 1"
boundary (singular) fit: see ?isSingular
[1] "everything worked: 2 phen 1"
boundary (singular) fit: see ?isSingular
[1] "everything worked: 3 phen 1"
boundary (singular) fit: see ?isSingular
[1] "everything worked: 4 phen 1"
boundary (singular) fit: see ?isSingular
[1] "everything worked: 5 phen 1"
boundary (singular) fit: see ?isSingular
[1] "everything worked: 6 phen 1"
boundary (singular) fit: see ?isSingular
[1] "everything worked: 7 phen 1"
[1] "everything worked: 8 phen 1"

SAMPLING FOR MODEL '2f8b09025defe902a4bedd6307763397' NOW (CHAIN 1).
Chain 1: 
Chain 1: Gradient evaluation took 0 seconds
Chain 1: 1000 transitions using 10 leapfrog steps per transition would take 0 seconds.
Chain 1: Adjust your expectations accordingly!
Chain 1: 
Chain 1: 
Chain 1: Iteration:    1 / 6000 [  0%]  (Warmup)
Chain 1: Iteration:  600 / 6000 [ 10%]  (Warmup)
Chain 1: Iteration: 1200 / 6000 [ 20%]  (Warmup)
Chain 1: Iteration: 1201 / 6000 [ 20%]  (Sampling)
Chain 1: Iteration: 1800 / 6000 [ 30%]  (Sampling)
Chain 1: Iteration: 2400 / 6000 [ 40%]  (Sampling)
Chain 1: Iteration: 3000 / 6000 [ 50%]  (Sampling)
Chain 1: Iteration: 3600 / 6000 [ 60%]  (Sampling)
Chain 1: Iteration: 4200 / 6000 [ 70%]  (Sampling)
Chain 1: Iteration: 4800 / 6000 [ 80%]  (Sampling)
Chain 1: Iteration: 5400 / 6000 [ 90%]  (Sampling)
Chain 1: Iteration: 6000 / 6000 [100%]  (Sampling)
Chain 1: 
Chain 1:  Elapsed Time: 87.49 seconds (Warm-up)
Chain 1:                433.27 seconds (Sampling)
Chain 1:                520.76 seconds (Total)
Chain 1: 

SAMPLING FOR MODEL '2f8b09025defe902a4bedd6307763397' NOW (CHAIN 2).
Chain 2: 
Chain 2: Gradient evaluation took 0 seconds
Chain 2: 1000 transitions using 10 leapfrog steps per transition would take 0 seconds.
Chain 2: Adjust your expectations accordingly!
Chain 2: 
Chain 2: 
Chain 2: Iteration:    1 / 6000 [  0%]  (Warmup)
Chain 2: Iteration:  600 / 6000 [ 10%]  (Warmup)
Chain 2: Iteration: 1200 / 6000 [ 20%]  (Warmup)
Chain 2: Iteration: 1201 / 6000 [ 20%]  (Sampling)
Chain 2: Iteration: 1800 / 6000 [ 30%]  (Sampling)
Chain 2: Iteration: 2400 / 6000 [ 40%]  (Sampling)
Chain 2: Iteration: 3000 / 6000 [ 50%]  (Sampling)
Chain 2: Iteration: 3600 / 6000 [ 60%]  (Sampling)
Chain 2: Iteration: 4200 / 6000 [ 70%]  (Sampling)
Chain 2: Iteration: 4800 / 6000 [ 80%]  (Sampling)
Chain 2: Iteration: 5400 / 6000 [ 90%]  (Sampling)
Chain 2: Iteration: 6000 / 6000 [100%]  (Sampling)
Chain 2: 
Chain 2:  Elapsed Time: 83.25 seconds (Warm-up)
Chain 2:                419.84 seconds (Sampling)
Chain 2:                503.09 seconds (Total)
Chain 2: 

SAMPLING FOR MODEL '2f8b09025defe902a4bedd6307763397' NOW (CHAIN 3).
Chain 3: 
Chain 3: Gradient evaluation took 0 seconds
Chain 3: 1000 transitions using 10 leapfrog steps per transition would take 0 seconds.
Chain 3: Adjust your expectations accordingly!
Chain 3: 
Chain 3: 
Chain 3: Iteration:    1 / 6000 [  0%]  (Warmup)
Chain 3: Iteration:  600 / 6000 [ 10%]  (Warmup)
Chain 3: Iteration: 1200 / 6000 [ 20%]  (Warmup)
Chain 3: Iteration: 1201 / 6000 [ 20%]  (Sampling)
Chain 3: Iteration: 1800 / 6000 [ 30%]  (Sampling)
Chain 3: Iteration: 2400 / 6000 [ 40%]  (Sampling)
Chain 3: Iteration: 3000 / 6000 [ 50%]  (Sampling)
Chain 3: Iteration: 3600 / 6000 [ 60%]  (Sampling)
Chain 3: Iteration: 4200 / 6000 [ 70%]  (Sampling)
Chain 3: Iteration: 4800 / 6000 [ 80%]  (Sampling)
Chain 3: Iteration: 5400 / 6000 [ 90%]  (Sampling)
Chain 3: Iteration: 6000 / 6000 [100%]  (Sampling)
Chain 3: 
Chain 3:  Elapsed Time: 86.95 seconds (Warm-up)
Chain 3:                455.2 seconds (Sampling)
Chain 3:                542.15 seconds (Total)
Chain 3: 
boundary (singular) fit: see ?isSingular
[1] "everything worked: 1 phen 1"
boundary (singular) fit: see ?isSingular
[1] "everything worked: 2 phen 1"
boundary (singular) fit: see ?isSingular
[1] "everything worked: 3 phen 1"
boundary (singular) fit: see ?isSingular
[1] "everything worked: 4 phen 1"
boundary (singular) fit: see ?isSingular
[1] "everything worked: 5 phen 1"
boundary (singular) fit: see ?isSingular
[1] "everything worked: 6 phen 1"
[1] "everything worked: 7 phen 1"
[1] "everything worked: 8 phen 1"

SAMPLING FOR MODEL '2f8b09025defe902a4bedd6307763397' NOW (CHAIN 1).
Chain 1: 
Chain 1: Gradient evaluation took 0 seconds
Chain 1: 1000 transitions using 10 leapfrog steps per transition would take 0 seconds.
Chain 1: Adjust your expectations accordingly!
Chain 1: 
Chain 1: 
Chain 1: Iteration:    1 / 6000 [  0%]  (Warmup)
Chain 1: Iteration:  600 / 6000 [ 10%]  (Warmup)
Chain 1: Iteration: 1200 / 6000 [ 20%]  (Warmup)
Chain 1: Iteration: 1201 / 6000 [ 20%]  (Sampling)
Chain 1: Iteration: 1800 / 6000 [ 30%]  (Sampling)
Chain 1: Iteration: 2400 / 6000 [ 40%]  (Sampling)
Chain 1: Iteration: 3000 / 6000 [ 50%]  (Sampling)
Chain 1: Iteration: 3600 / 6000 [ 60%]  (Sampling)
Chain 1: Iteration: 4200 / 6000 [ 70%]  (Sampling)
Chain 1: Iteration: 4800 / 6000 [ 80%]  (Sampling)
Chain 1: Iteration: 5400 / 6000 [ 90%]  (Sampling)
Chain 1: Iteration: 6000 / 6000 [100%]  (Sampling)
Chain 1: 
Chain 1:  Elapsed Time: 73.38 seconds (Warm-up)
Chain 1:                506.31 seconds (Sampling)
Chain 1:                579.69 seconds (Total)
Chain 1: 

SAMPLING FOR MODEL '2f8b09025defe902a4bedd6307763397' NOW (CHAIN 2).
Chain 2: 
Chain 2: Gradient evaluation took 0 seconds
Chain 2: 1000 transitions using 10 leapfrog steps per transition would take 0 seconds.
Chain 2: Adjust your expectations accordingly!
Chain 2: 
Chain 2: 
Chain 2: Iteration:    1 / 6000 [  0%]  (Warmup)
Chain 2: Iteration:  600 / 6000 [ 10%]  (Warmup)
Chain 2: Iteration: 1200 / 6000 [ 20%]  (Warmup)
Chain 2: Iteration: 1201 / 6000 [ 20%]  (Sampling)
Chain 2: Iteration: 1800 / 6000 [ 30%]  (Sampling)
Chain 2: Iteration: 2400 / 6000 [ 40%]  (Sampling)
Chain 2: Iteration: 3000 / 6000 [ 50%]  (Sampling)
Chain 2: Iteration: 3600 / 6000 [ 60%]  (Sampling)
Chain 2: Iteration: 4200 / 6000 [ 70%]  (Sampling)
Chain 2: Iteration: 4800 / 6000 [ 80%]  (Sampling)
Chain 2: Iteration: 5400 / 6000 [ 90%]  (Sampling)
Chain 2: Iteration: 6000 / 6000 [100%]  (Sampling)
Chain 2: 
Chain 2:  Elapsed Time: 82.65 seconds (Warm-up)
Chain 2:                381.45 seconds (Sampling)
Chain 2:                464.1 seconds (Total)
Chain 2: 

SAMPLING FOR MODEL '2f8b09025defe902a4bedd6307763397' NOW (CHAIN 3).
Chain 3: 
Chain 3: Gradient evaluation took 0 seconds
Chain 3: 1000 transitions using 10 leapfrog steps per transition would take 0 seconds.
Chain 3: Adjust your expectations accordingly!
Chain 3: 
Chain 3: 
Chain 3: Iteration:    1 / 6000 [  0%]  (Warmup)
Chain 3: Iteration:  600 / 6000 [ 10%]  (Warmup)
Chain 3: Iteration: 1200 / 6000 [ 20%]  (Warmup)
Chain 3: Iteration: 1201 / 6000 [ 20%]  (Sampling)
Chain 3: Iteration: 1800 / 6000 [ 30%]  (Sampling)
Chain 3: Iteration: 2400 / 6000 [ 40%]  (Sampling)
Chain 3: Iteration: 3000 / 6000 [ 50%]  (Sampling)
Chain 3: Iteration: 3600 / 6000 [ 60%]  (Sampling)
Chain 3: Iteration: 4200 / 6000 [ 70%]  (Sampling)
Chain 3: Iteration: 4800 / 6000 [ 80%]  (Sampling)
Chain 3: Iteration: 5400 / 6000 [ 90%]  (Sampling)
Chain 3: Iteration: 6000 / 6000 [100%]  (Sampling)
Chain 3: 
Chain 3:  Elapsed Time: 109.5 seconds (Warm-up)
Chain 3:                511.38 seconds (Sampling)
Chain 3:                620.88 seconds (Total)
Chain 3: 
boundary (singular) fit: see ?isSingular
[1] "everything worked: 1 phen 1"
boundary (singular) fit: see ?isSingular
[1] "everything worked: 2 phen 1"
boundary (singular) fit: see ?isSingular
[1] "everything worked: 3 phen 1"
boundary (singular) fit: see ?isSingular
[1] "everything worked: 4 phen 1"
boundary (singular) fit: see ?isSingular
[1] "everything worked: 5 phen 1"
boundary (singular) fit: see ?isSingular
[1] "everything worked: 6 phen 1"
boundary (singular) fit: see ?isSingular
[1] "everything worked: 7 phen 1"
boundary (singular) fit: see ?isSingular
[1] "everything worked: 8 phen 1"

SAMPLING FOR MODEL '2f8b09025defe902a4bedd6307763397' NOW (CHAIN 1).
Chain 1: 
Chain 1: Gradient evaluation took 0 seconds
Chain 1: 1000 transitions using 10 leapfrog steps per transition would take 0 seconds.
Chain 1: Adjust your expectations accordingly!
Chain 1: 
Chain 1: 
Chain 1: Iteration:    1 / 6000 [  0%]  (Warmup)
Chain 1: Iteration:  600 / 6000 [ 10%]  (Warmup)
Chain 1: Iteration: 1200 / 6000 [ 20%]  (Warmup)
Chain 1: Iteration: 1201 / 6000 [ 20%]  (Sampling)
Chain 1: Iteration: 1800 / 6000 [ 30%]  (Sampling)
Chain 1: Iteration: 2400 / 6000 [ 40%]  (Sampling)
Chain 1: Iteration: 3000 / 6000 [ 50%]  (Sampling)
Chain 1: Iteration: 3600 / 6000 [ 60%]  (Sampling)
Chain 1: Iteration: 4200 / 6000 [ 70%]  (Sampling)
Chain 1: Iteration: 4800 / 6000 [ 80%]  (Sampling)
Chain 1: Iteration: 5400 / 6000 [ 90%]  (Sampling)
Chain 1: Iteration: 6000 / 6000 [100%]  (Sampling)
Chain 1: 
Chain 1:  Elapsed Time: 66.35 seconds (Warm-up)
Chain 1:                571.68 seconds (Sampling)
Chain 1:                638.03 seconds (Total)
Chain 1: 

SAMPLING FOR MODEL '2f8b09025defe902a4bedd6307763397' NOW (CHAIN 2).
Chain 2: 
Chain 2: Gradient evaluation took 0 seconds
Chain 2: 1000 transitions using 10 leapfrog steps per transition would take 0 seconds.
Chain 2: Adjust your expectations accordingly!
Chain 2: 
Chain 2: 
Chain 2: Iteration:    1 / 6000 [  0%]  (Warmup)
Chain 2: Iteration:  600 / 6000 [ 10%]  (Warmup)
Chain 2: Iteration: 1200 / 6000 [ 20%]  (Warmup)
Chain 2: Iteration: 1201 / 6000 [ 20%]  (Sampling)
Chain 2: Iteration: 1800 / 6000 [ 30%]  (Sampling)
Chain 2: Iteration: 2400 / 6000 [ 40%]  (Sampling)
Chain 2: Iteration: 3000 / 6000 [ 50%]  (Sampling)
Chain 2: Iteration: 3600 / 6000 [ 60%]  (Sampling)
Chain 2: Iteration: 4200 / 6000 [ 70%]  (Sampling)
Chain 2: Iteration: 4800 / 6000 [ 80%]  (Sampling)
Chain 2: Iteration: 5400 / 6000 [ 90%]  (Sampling)
Chain 2: Iteration: 6000 / 6000 [100%]  (Sampling)
Chain 2: 
Chain 2:  Elapsed Time: 73.38 seconds (Warm-up)
Chain 2:                430.56 seconds (Sampling)
Chain 2:                503.94 seconds (Total)
Chain 2: 

SAMPLING FOR MODEL '2f8b09025defe902a4bedd6307763397' NOW (CHAIN 3).
Chain 3: 
Chain 3: Gradient evaluation took 0 seconds
Chain 3: 1000 transitions using 10 leapfrog steps per transition would take 0 seconds.
Chain 3: Adjust your expectations accordingly!
Chain 3: 
Chain 3: 
Chain 3: Iteration:    1 / 6000 [  0%]  (Warmup)
Chain 3: Iteration:  600 / 6000 [ 10%]  (Warmup)
Chain 3: Iteration: 1200 / 6000 [ 20%]  (Warmup)
Chain 3: Iteration: 1201 / 6000 [ 20%]  (Sampling)
Chain 3: Iteration: 1800 / 6000 [ 30%]  (Sampling)
Chain 3: Iteration: 2400 / 6000 [ 40%]  (Sampling)
Chain 3: Iteration: 3000 / 6000 [ 50%]  (Sampling)
Chain 3: Iteration: 3600 / 6000 [ 60%]  (Sampling)
Chain 3: Iteration: 4200 / 6000 [ 70%]  (Sampling)
Chain 3: Iteration: 4800 / 6000 [ 80%]  (Sampling)
Chain 3: Iteration: 5400 / 6000 [ 90%]  (Sampling)
Chain 3: Iteration: 6000 / 6000 [100%]  (Sampling)
Chain 3: 
Chain 3:  Elapsed Time: 64.39 seconds (Warm-up)
Chain 3:                377 seconds (Sampling)
Chain 3:                441.39 seconds (Total)
Chain 3: 
[1] "everything worked: 1 phen 1"
boundary (singular) fit: see ?isSingular
[1] "everything worked: 2 phen 1"
boundary (singular) fit: see ?isSingular
[1] "everything worked: 3 phen 1"
boundary (singular) fit: see ?isSingular
[1] "everything worked: 4 phen 1"
boundary (singular) fit: see ?isSingular
[1] "everything worked: 5 phen 1"
boundary (singular) fit: see ?isSingular
[1] "everything worked: 6 phen 1"
boundary (singular) fit: see ?isSingular
[1] "everything worked: 7 phen 1"
boundary (singular) fit: see ?isSingular
[1] "everything worked: 8 phen 1"

SAMPLING FOR MODEL '2f8b09025defe902a4bedd6307763397' NOW (CHAIN 1).
Chain 1: 
Chain 1: Gradient evaluation took 0 seconds
Chain 1: 1000 transitions using 10 leapfrog steps per transition would take 0 seconds.
Chain 1: Adjust your expectations accordingly!
Chain 1: 
Chain 1: 
Chain 1: Iteration:    1 / 6000 [  0%]  (Warmup)
Chain 1: Iteration:  600 / 6000 [ 10%]  (Warmup)
Chain 1: Iteration: 1200 / 6000 [ 20%]  (Warmup)
Chain 1: Iteration: 1201 / 6000 [ 20%]  (Sampling)
Chain 1: Iteration: 1800 / 6000 [ 30%]  (Sampling)
Chain 1: Iteration: 2400 / 6000 [ 40%]  (Sampling)
Chain 1: Iteration: 3000 / 6000 [ 50%]  (Sampling)
Chain 1: Iteration: 3600 / 6000 [ 60%]  (Sampling)
Chain 1: Iteration: 4200 / 6000 [ 70%]  (Sampling)
Chain 1: Iteration: 4800 / 6000 [ 80%]  (Sampling)
Chain 1: Iteration: 5400 / 6000 [ 90%]  (Sampling)
Chain 1: Iteration: 6000 / 6000 [100%]  (Sampling)
Chain 1: 
Chain 1:  Elapsed Time: 66.92 seconds (Warm-up)
Chain 1:                389.25 seconds (Sampling)
Chain 1:                456.17 seconds (Total)
Chain 1: 

SAMPLING FOR MODEL '2f8b09025defe902a4bedd6307763397' NOW (CHAIN 2).
Chain 2: 
Chain 2: Gradient evaluation took 0 seconds
Chain 2: 1000 transitions using 10 leapfrog steps per transition would take 0 seconds.
Chain 2: Adjust your expectations accordingly!
Chain 2: 
Chain 2: 
Chain 2: Iteration:    1 / 6000 [  0%]  (Warmup)
Chain 2: Iteration:  600 / 6000 [ 10%]  (Warmup)
Chain 2: Iteration: 1200 / 6000 [ 20%]  (Warmup)
Chain 2: Iteration: 1201 / 6000 [ 20%]  (Sampling)
Chain 2: Iteration: 1800 / 6000 [ 30%]  (Sampling)
Chain 2: Iteration: 2400 / 6000 [ 40%]  (Sampling)
Chain 2: Iteration: 3000 / 6000 [ 50%]  (Sampling)
Chain 2: Iteration: 3600 / 6000 [ 60%]  (Sampling)
Chain 2: Iteration: 4200 / 6000 [ 70%]  (Sampling)
Chain 2: Iteration: 4800 / 6000 [ 80%]  (Sampling)
Chain 2: Iteration: 5400 / 6000 [ 90%]  (Sampling)
Chain 2: Iteration: 6000 / 6000 [100%]  (Sampling)
Chain 2: 
Chain 2:  Elapsed Time: 62.3 seconds (Warm-up)
Chain 2:                527.61 seconds (Sampling)
Chain 2:                589.91 seconds (Total)
Chain 2: 

SAMPLING FOR MODEL '2f8b09025defe902a4bedd6307763397' NOW (CHAIN 3).
Chain 3: 
Chain 3: Gradient evaluation took 0 seconds
Chain 3: 1000 transitions using 10 leapfrog steps per transition would take 0 seconds.
Chain 3: Adjust your expectations accordingly!
Chain 3: 
Chain 3: 
Chain 3: Iteration:    1 / 6000 [  0%]  (Warmup)
Chain 3: Iteration:  600 / 6000 [ 10%]  (Warmup)
Chain 3: Iteration: 1200 / 6000 [ 20%]  (Warmup)
Chain 3: Iteration: 1201 / 6000 [ 20%]  (Sampling)
Chain 3: Iteration: 1800 / 6000 [ 30%]  (Sampling)
Chain 3: Iteration: 2400 / 6000 [ 40%]  (Sampling)
Chain 3: Iteration: 3000 / 6000 [ 50%]  (Sampling)
Chain 3: Iteration: 3600 / 6000 [ 60%]  (Sampling)
Chain 3: Iteration: 4200 / 6000 [ 70%]  (Sampling)
Chain 3: Iteration: 4800 / 6000 [ 80%]  (Sampling)
Chain 3: Iteration: 5400 / 6000 [ 90%]  (Sampling)
Chain 3: Iteration: 6000 / 6000 [100%]  (Sampling)
Chain 3: 
Chain 3:  Elapsed Time: 77.48 seconds (Warm-up)
Chain 3:                364.98 seconds (Sampling)
Chain 3:                442.46 seconds (Total)
Chain 3: 
boundary (singular) fit: see ?isSingular
[1] "everything worked: 1 phen 1"
boundary (singular) fit: see ?isSingular
[1] "everything worked: 2 phen 1"
boundary (singular) fit: see ?isSingular
[1] "everything worked: 3 phen 1"
boundary (singular) fit: see ?isSingular
[1] "everything worked: 4 phen 1"
boundary (singular) fit: see ?isSingular
[1] "everything worked: 5 phen 1"
boundary (singular) fit: see ?isSingular
[1] "everything worked: 6 phen 1"
boundary (singular) fit: see ?isSingular
[1] "everything worked: 7 phen 1"
boundary (singular) fit: see ?isSingular
[1] "everything worked: 8 phen 1"

SAMPLING FOR MODEL '2f8b09025defe902a4bedd6307763397' NOW (CHAIN 1).
Chain 1: 
Chain 1: Gradient evaluation took 0 seconds
Chain 1: 1000 transitions using 10 leapfrog steps per transition would take 0 seconds.
Chain 1: Adjust your expectations accordingly!
Chain 1: 
Chain 1: 
Chain 1: Iteration:    1 / 6000 [  0%]  (Warmup)
Chain 1: Iteration:  600 / 6000 [ 10%]  (Warmup)
Chain 1: Iteration: 1200 / 6000 [ 20%]  (Warmup)
Chain 1: Iteration: 1201 / 6000 [ 20%]  (Sampling)
Chain 1: Iteration: 1800 / 6000 [ 30%]  (Sampling)
Chain 1: Iteration: 2400 / 6000 [ 40%]  (Sampling)
Chain 1: Iteration: 3000 / 6000 [ 50%]  (Sampling)
Chain 1: Iteration: 3600 / 6000 [ 60%]  (Sampling)
Chain 1: Iteration: 4200 / 6000 [ 70%]  (Sampling)
Chain 1: Iteration: 4800 / 6000 [ 80%]  (Sampling)
Chain 1: Iteration: 5400 / 6000 [ 90%]  (Sampling)
Chain 1: Iteration: 6000 / 6000 [100%]  (Sampling)
Chain 1: 
Chain 1:  Elapsed Time: 82.34 seconds (Warm-up)
Chain 1:                387.62 seconds (Sampling)
Chain 1:                469.96 seconds (Total)
Chain 1: 

SAMPLING FOR MODEL '2f8b09025defe902a4bedd6307763397' NOW (CHAIN 2).
Chain 2: 
Chain 2: Gradient evaluation took 0 seconds
Chain 2: 1000 transitions using 10 leapfrog steps per transition would take 0 seconds.
Chain 2: Adjust your expectations accordingly!
Chain 2: 
Chain 2: 
Chain 2: Iteration:    1 / 6000 [  0%]  (Warmup)
Chain 2: Iteration:  600 / 6000 [ 10%]  (Warmup)
Chain 2: Iteration: 1200 / 6000 [ 20%]  (Warmup)
Chain 2: Iteration: 1201 / 6000 [ 20%]  (Sampling)
Chain 2: Iteration: 1800 / 6000 [ 30%]  (Sampling)
Chain 2: Iteration: 2400 / 6000 [ 40%]  (Sampling)
Chain 2: Iteration: 3000 / 6000 [ 50%]  (Sampling)
Chain 2: Iteration: 3600 / 6000 [ 60%]  (Sampling)
Chain 2: Iteration: 4200 / 6000 [ 70%]  (Sampling)
Chain 2: Iteration: 4800 / 6000 [ 80%]  (Sampling)
Chain 2: Iteration: 5400 / 6000 [ 90%]  (Sampling)
Chain 2: Iteration: 6000 / 6000 [100%]  (Sampling)
Chain 2: 
Chain 2:  Elapsed Time: 74.03 seconds (Warm-up)
Chain 2:                473.06 seconds (Sampling)
Chain 2:                547.09 seconds (Total)
Chain 2: 

SAMPLING FOR MODEL '2f8b09025defe902a4bedd6307763397' NOW (CHAIN 3).
Chain 3: 
Chain 3: Gradient evaluation took 0 seconds
Chain 3: 1000 transitions using 10 leapfrog steps per transition would take 0 seconds.
Chain 3: Adjust your expectations accordingly!
Chain 3: 
Chain 3: 
Chain 3: Iteration:    1 / 6000 [  0%]  (Warmup)
Chain 3: Iteration:  600 / 6000 [ 10%]  (Warmup)
Chain 3: Iteration: 1200 / 6000 [ 20%]  (Warmup)
Chain 3: Iteration: 1201 / 6000 [ 20%]  (Sampling)
Chain 3: Iteration: 1800 / 6000 [ 30%]  (Sampling)
Chain 3: Iteration: 2400 / 6000 [ 40%]  (Sampling)
Chain 3: Iteration: 3000 / 6000 [ 50%]  (Sampling)
Chain 3: Iteration: 3600 / 6000 [ 60%]  (Sampling)
Chain 3: Iteration: 4200 / 6000 [ 70%]  (Sampling)
Chain 3: Iteration: 4800 / 6000 [ 80%]  (Sampling)
Chain 3: Iteration: 5400 / 6000 [ 90%]  (Sampling)
Chain 3: Iteration: 6000 / 6000 [100%]  (Sampling)
Chain 3: 
Chain 3:  Elapsed Time: 83.67 seconds (Warm-up)
Chain 3:                476.27 seconds (Sampling)
Chain 3:                559.94 seconds (Total)
Chain 3: 
boundary (singular) fit: see ?isSingular
[1] "everything worked: 1 phen 1"
boundary (singular) fit: see ?isSingular
[1] "everything worked: 2 phen 1"
boundary (singular) fit: see ?isSingular
[1] "everything worked: 3 phen 1"
boundary (singular) fit: see ?isSingular
[1] "everything worked: 4 phen 1"
boundary (singular) fit: see ?isSingular
[1] "everything worked: 5 phen 1"
boundary (singular) fit: see ?isSingular
[1] "everything worked: 6 phen 1"
boundary (singular) fit: see ?isSingular
[1] "everything worked: 7 phen 1"
boundary (singular) fit: see ?isSingular
[1] "everything worked: 8 phen 1"

SAMPLING FOR MODEL '2f8b09025defe902a4bedd6307763397' NOW (CHAIN 1).
Chain 1: 
Chain 1: Gradient evaluation took 0 seconds
Chain 1: 1000 transitions using 10 leapfrog steps per transition would take 0 seconds.
Chain 1: Adjust your expectations accordingly!
Chain 1: 
Chain 1: 
Chain 1: Iteration:    1 / 6000 [  0%]  (Warmup)
Chain 1: Iteration:  600 / 6000 [ 10%]  (Warmup)
Chain 1: Iteration: 1200 / 6000 [ 20%]  (Warmup)
Chain 1: Iteration: 1201 / 6000 [ 20%]  (Sampling)
Chain 1: Iteration: 1800 / 6000 [ 30%]  (Sampling)
Chain 1: Iteration: 2400 / 6000 [ 40%]  (Sampling)
Chain 1: Iteration: 3000 / 6000 [ 50%]  (Sampling)
Chain 1: Iteration: 3600 / 6000 [ 60%]  (Sampling)
Chain 1: Iteration: 4200 / 6000 [ 70%]  (Sampling)
Chain 1: Iteration: 4800 / 6000 [ 80%]  (Sampling)
Chain 1: Iteration: 5400 / 6000 [ 90%]  (Sampling)
Chain 1: Iteration: 6000 / 6000 [100%]  (Sampling)
Chain 1: 
Chain 1:  Elapsed Time: 92.88 seconds (Warm-up)
Chain 1:                360.44 seconds (Sampling)
Chain 1:                453.32 seconds (Total)
Chain 1: 

SAMPLING FOR MODEL '2f8b09025defe902a4bedd6307763397' NOW (CHAIN 2).
Chain 2: 
Chain 2: Gradient evaluation took 0 seconds
Chain 2: 1000 transitions using 10 leapfrog steps per transition would take 0 seconds.
Chain 2: Adjust your expectations accordingly!
Chain 2: 
Chain 2: 
Chain 2: Iteration:    1 / 6000 [  0%]  (Warmup)
Chain 2: Iteration:  600 / 6000 [ 10%]  (Warmup)
Chain 2: Iteration: 1200 / 6000 [ 20%]  (Warmup)
Chain 2: Iteration: 1201 / 6000 [ 20%]  (Sampling)
Chain 2: Iteration: 1800 / 6000 [ 30%]  (Sampling)
Chain 2: Iteration: 2400 / 6000 [ 40%]  (Sampling)
Chain 2: Iteration: 3000 / 6000 [ 50%]  (Sampling)
Chain 2: Iteration: 3600 / 6000 [ 60%]  (Sampling)
Chain 2: Iteration: 4200 / 6000 [ 70%]  (Sampling)
Chain 2: Iteration: 4800 / 6000 [ 80%]  (Sampling)
Chain 2: Iteration: 5400 / 6000 [ 90%]  (Sampling)
Chain 2: Iteration: 6000 / 6000 [100%]  (Sampling)
Chain 2: 
Chain 2:  Elapsed Time: 80.01 seconds (Warm-up)
Chain 2:                434.27 seconds (Sampling)
Chain 2:                514.28 seconds (Total)
Chain 2: 

SAMPLING FOR MODEL '2f8b09025defe902a4bedd6307763397' NOW (CHAIN 3).
Chain 3: 
Chain 3: Gradient evaluation took 0 seconds
Chain 3: 1000 transitions using 10 leapfrog steps per transition would take 0 seconds.
Chain 3: Adjust your expectations accordingly!
Chain 3: 
Chain 3: 
Chain 3: Iteration:    1 / 6000 [  0%]  (Warmup)
Chain 3: Iteration:  600 / 6000 [ 10%]  (Warmup)
Chain 3: Iteration: 1200 / 6000 [ 20%]  (Warmup)
Chain 3: Iteration: 1201 / 6000 [ 20%]  (Sampling)
Chain 3: Iteration: 1800 / 6000 [ 30%]  (Sampling)
Chain 3: Iteration: 2400 / 6000 [ 40%]  (Sampling)
Chain 3: Iteration: 3000 / 6000 [ 50%]  (Sampling)
Chain 3: Iteration: 3600 / 6000 [ 60%]  (Sampling)
Chain 3: Iteration: 4200 / 6000 [ 70%]  (Sampling)
Chain 3: Iteration: 4800 / 6000 [ 80%]  (Sampling)
Chain 3: Iteration: 5400 / 6000 [ 90%]  (Sampling)
Chain 3: Iteration: 6000 / 6000 [100%]  (Sampling)
Chain 3: 
Chain 3:  Elapsed Time: 80.35 seconds (Warm-up)
Chain 3:                419.9 seconds (Sampling)
Chain 3:                500.25 seconds (Total)
Chain 3: 
boundary (singular) fit: see ?isSingular
[1] "everything worked: 1 phen 1"
boundary (singular) fit: see ?isSingular
[1] "everything worked: 2 phen 1"
boundary (singular) fit: see ?isSingular
[1] "everything worked: 3 phen 1"
boundary (singular) fit: see ?isSingular
[1] "everything worked: 4 phen 1"
boundary (singular) fit: see ?isSingular
[1] "everything worked: 5 phen 1"
[1] "everything worked: 6 phen 1"
boundary (singular) fit: see ?isSingular
[1] "everything worked: 7 phen 1"
boundary (singular) fit: see ?isSingular
[1] "everything worked: 8 phen 1"

SAMPLING FOR MODEL '2f8b09025defe902a4bedd6307763397' NOW (CHAIN 1).
Chain 1: 
Chain 1: Gradient evaluation took 0 seconds
Chain 1: 1000 transitions using 10 leapfrog steps per transition would take 0 seconds.
Chain 1: Adjust your expectations accordingly!
Chain 1: 
Chain 1: 
Chain 1: Iteration:    1 / 6000 [  0%]  (Warmup)
Chain 1: Iteration:  600 / 6000 [ 10%]  (Warmup)
Chain 1: Iteration: 1200 / 6000 [ 20%]  (Warmup)
Chain 1: Iteration: 1201 / 6000 [ 20%]  (Sampling)
Chain 1: Iteration: 1800 / 6000 [ 30%]  (Sampling)
Chain 1: Iteration: 2400 / 6000 [ 40%]  (Sampling)
Chain 1: Iteration: 3000 / 6000 [ 50%]  (Sampling)
Chain 1: Iteration: 3600 / 6000 [ 60%]  (Sampling)
Chain 1: Iteration: 4200 / 6000 [ 70%]  (Sampling)
Chain 1: Iteration: 4800 / 6000 [ 80%]  (Sampling)
Chain 1: Iteration: 5400 / 6000 [ 90%]  (Sampling)
Chain 1: Iteration: 6000 / 6000 [100%]  (Sampling)
Chain 1: 
Chain 1:  Elapsed Time: 90.61 seconds (Warm-up)
Chain 1:                338.92 seconds (Sampling)
Chain 1:                429.53 seconds (Total)
Chain 1: 

SAMPLING FOR MODEL '2f8b09025defe902a4bedd6307763397' NOW (CHAIN 2).
Chain 2: 
Chain 2: Gradient evaluation took 0 seconds
Chain 2: 1000 transitions using 10 leapfrog steps per transition would take 0 seconds.
Chain 2: Adjust your expectations accordingly!
Chain 2: 
Chain 2: 
Chain 2: Iteration:    1 / 6000 [  0%]  (Warmup)
Chain 2: Iteration:  600 / 6000 [ 10%]  (Warmup)
Chain 2: Iteration: 1200 / 6000 [ 20%]  (Warmup)
Chain 2: Iteration: 1201 / 6000 [ 20%]  (Sampling)
Chain 2: Iteration: 1800 / 6000 [ 30%]  (Sampling)
Chain 2: Iteration: 2400 / 6000 [ 40%]  (Sampling)
Chain 2: Iteration: 3000 / 6000 [ 50%]  (Sampling)
Chain 2: Iteration: 3600 / 6000 [ 60%]  (Sampling)
Chain 2: Iteration: 4200 / 6000 [ 70%]  (Sampling)
Chain 2: Iteration: 4800 / 6000 [ 80%]  (Sampling)
Chain 2: Iteration: 5400 / 6000 [ 90%]  (Sampling)
Chain 2: Iteration: 6000 / 6000 [100%]  (Sampling)
Chain 2: 
Chain 2:  Elapsed Time: 82.85 seconds (Warm-up)
Chain 2:                309.93 seconds (Sampling)
Chain 2:                392.78 seconds (Total)
Chain 2: 

SAMPLING FOR MODEL '2f8b09025defe902a4bedd6307763397' NOW (CHAIN 3).
Chain 3: 
Chain 3: Gradient evaluation took 0 seconds
Chain 3: 1000 transitions using 10 leapfrog steps per transition would take 0 seconds.
Chain 3: Adjust your expectations accordingly!
Chain 3: 
Chain 3: 
Chain 3: Iteration:    1 / 6000 [  0%]  (Warmup)
Chain 3: Iteration:  600 / 6000 [ 10%]  (Warmup)
Chain 3: Iteration: 1200 / 6000 [ 20%]  (Warmup)
Chain 3: Iteration: 1201 / 6000 [ 20%]  (Sampling)
Chain 3: Iteration: 1800 / 6000 [ 30%]  (Sampling)
Chain 3: Iteration: 2400 / 6000 [ 40%]  (Sampling)
Chain 3: Iteration: 3000 / 6000 [ 50%]  (Sampling)
Chain 3: Iteration: 3600 / 6000 [ 60%]  (Sampling)
Chain 3: Iteration: 4200 / 6000 [ 70%]  (Sampling)
Chain 3: Iteration: 4800 / 6000 [ 80%]  (Sampling)
Chain 3: Iteration: 5400 / 6000 [ 90%]  (Sampling)
Chain 3: Iteration: 6000 / 6000 [100%]  (Sampling)
Chain 3: 
Chain 3:  Elapsed Time: 67.6 seconds (Warm-up)
Chain 3:                370.15 seconds (Sampling)
Chain 3:                437.75 seconds (Total)
Chain 3: 
boundary (singular) fit: see ?isSingular
[1] "everything worked: 1 phen 1"
boundary (singular) fit: see ?isSingular
[1] "everything worked: 2 phen 1"
boundary (singular) fit: see ?isSingular
[1] "everything worked: 3 phen 1"
boundary (singular) fit: see ?isSingular
[1] "everything worked: 4 phen 1"
boundary (singular) fit: see ?isSingular
[1] "everything worked: 5 phen 1"
boundary (singular) fit: see ?isSingular
[1] "everything worked: 6 phen 1"
boundary (singular) fit: see ?isSingular
[1] "everything worked: 7 phen 1"
boundary (singular) fit: see ?isSingular
[1] "everything worked: 8 phen 1"

SAMPLING FOR MODEL '2f8b09025defe902a4bedd6307763397' NOW (CHAIN 1).
Chain 1: 
Chain 1: Gradient evaluation took 0 seconds
Chain 1: 1000 transitions using 10 leapfrog steps per transition would take 0 seconds.
Chain 1: Adjust your expectations accordingly!
Chain 1: 
Chain 1: 
Chain 1: Iteration:    1 / 6000 [  0%]  (Warmup)
Chain 1: Iteration:  600 / 6000 [ 10%]  (Warmup)
Chain 1: Iteration: 1200 / 6000 [ 20%]  (Warmup)
Chain 1: Iteration: 1201 / 6000 [ 20%]  (Sampling)
Chain 1: Iteration: 1800 / 6000 [ 30%]  (Sampling)
Chain 1: Iteration: 2400 / 6000 [ 40%]  (Sampling)
Chain 1: Iteration: 3000 / 6000 [ 50%]  (Sampling)
Chain 1: Iteration: 3600 / 6000 [ 60%]  (Sampling)
Chain 1: Iteration: 4200 / 6000 [ 70%]  (Sampling)
Chain 1: Iteration: 4800 / 6000 [ 80%]  (Sampling)
Chain 1: Iteration: 5400 / 6000 [ 90%]  (Sampling)
Chain 1: Iteration: 6000 / 6000 [100%]  (Sampling)
Chain 1: 
Chain 1:  Elapsed Time: 85.14 seconds (Warm-up)
Chain 1:                314.17 seconds (Sampling)
Chain 1:                399.31 seconds (Total)
Chain 1: 

SAMPLING FOR MODEL '2f8b09025defe902a4bedd6307763397' NOW (CHAIN 2).
Chain 2: 
Chain 2: Gradient evaluation took 0 seconds
Chain 2: 1000 transitions using 10 leapfrog steps per transition would take 0 seconds.
Chain 2: Adjust your expectations accordingly!
Chain 2: 
Chain 2: 
Chain 2: Iteration:    1 / 6000 [  0%]  (Warmup)
Chain 2: Iteration:  600 / 6000 [ 10%]  (Warmup)
Chain 2: Iteration: 1200 / 6000 [ 20%]  (Warmup)
Chain 2: Iteration: 1201 / 6000 [ 20%]  (Sampling)
Chain 2: Iteration: 1800 / 6000 [ 30%]  (Sampling)
Chain 2: Iteration: 2400 / 6000 [ 40%]  (Sampling)
Chain 2: Iteration: 3000 / 6000 [ 50%]  (Sampling)
Chain 2: Iteration: 3600 / 6000 [ 60%]  (Sampling)
Chain 2: Iteration: 4200 / 6000 [ 70%]  (Sampling)
Chain 2: Iteration: 4800 / 6000 [ 80%]  (Sampling)
Chain 2: Iteration: 5400 / 6000 [ 90%]  (Sampling)
Chain 2: Iteration: 6000 / 6000 [100%]  (Sampling)
Chain 2: 
Chain 2:  Elapsed Time: 79.59 seconds (Warm-up)
Chain 2:                368.97 seconds (Sampling)
Chain 2:                448.56 seconds (Total)
Chain 2: 

SAMPLING FOR MODEL '2f8b09025defe902a4bedd6307763397' NOW (CHAIN 3).
Chain 3: 
Chain 3: Gradient evaluation took 0 seconds
Chain 3: 1000 transitions using 10 leapfrog steps per transition would take 0 seconds.
Chain 3: Adjust your expectations accordingly!
Chain 3: 
Chain 3: 
Chain 3: Iteration:    1 / 6000 [  0%]  (Warmup)
Chain 3: Iteration:  600 / 6000 [ 10%]  (Warmup)
Chain 3: Iteration: 1200 / 6000 [ 20%]  (Warmup)
Chain 3: Iteration: 1201 / 6000 [ 20%]  (Sampling)
Chain 3: Iteration: 1800 / 6000 [ 30%]  (Sampling)
Chain 3: Iteration: 2400 / 6000 [ 40%]  (Sampling)
Chain 3: Iteration: 3000 / 6000 [ 50%]  (Sampling)
Chain 3: Iteration: 3600 / 6000 [ 60%]  (Sampling)
Chain 3: Iteration: 4200 / 6000 [ 70%]  (Sampling)
Chain 3: Iteration: 4800 / 6000 [ 80%]  (Sampling)
Chain 3: Iteration: 5400 / 6000 [ 90%]  (Sampling)
Chain 3: Iteration: 6000 / 6000 [100%]  (Sampling)
Chain 3: 
Chain 3:  Elapsed Time: 98.37 seconds (Warm-up)
Chain 3:                442.9 seconds (Sampling)
Chain 3:                541.27 seconds (Total)
Chain 3: 
boundary (singular) fit: see ?isSingular
[1] "everything worked: 1 phen 1"
boundary (singular) fit: see ?isSingular
[1] "everything worked: 2 phen 1"
boundary (singular) fit: see ?isSingular
[1] "everything worked: 3 phen 1"
boundary (singular) fit: see ?isSingular
[1] "everything worked: 4 phen 1"
boundary (singular) fit: see ?isSingular
[1] "everything worked: 5 phen 1"
boundary (singular) fit: see ?isSingular
[1] "everything worked: 6 phen 1"
boundary (singular) fit: see ?isSingular
[1] "everything worked: 7 phen 1"
boundary (singular) fit: see ?isSingular
[1] "everything worked: 8 phen 1"

SAMPLING FOR MODEL '2f8b09025defe902a4bedd6307763397' NOW (CHAIN 1).
Chain 1: 
Chain 1: Gradient evaluation took 0 seconds
Chain 1: 1000 transitions using 10 leapfrog steps per transition would take 0 seconds.
Chain 1: Adjust your expectations accordingly!
Chain 1: 
Chain 1: 
Chain 1: Iteration:    1 / 6000 [  0%]  (Warmup)
Chain 1: Iteration:  600 / 6000 [ 10%]  (Warmup)
Chain 1: Iteration: 1200 / 6000 [ 20%]  (Warmup)
Chain 1: Iteration: 1201 / 6000 [ 20%]  (Sampling)
Chain 1: Iteration: 1800 / 6000 [ 30%]  (Sampling)
Chain 1: Iteration: 2400 / 6000 [ 40%]  (Sampling)
Chain 1: Iteration: 3000 / 6000 [ 50%]  (Sampling)
Chain 1: Iteration: 3600 / 6000 [ 60%]  (Sampling)
Chain 1: Iteration: 4200 / 6000 [ 70%]  (Sampling)
Chain 1: Iteration: 4800 / 6000 [ 80%]  (Sampling)
Chain 1: Iteration: 5400 / 6000 [ 90%]  (Sampling)
Chain 1: Iteration: 6000 / 6000 [100%]  (Sampling)
Chain 1: 
Chain 1:  Elapsed Time: 112.16 seconds (Warm-up)
Chain 1:                463.1 seconds (Sampling)
Chain 1:                575.26 seconds (Total)
Chain 1: 

SAMPLING FOR MODEL '2f8b09025defe902a4bedd6307763397' NOW (CHAIN 2).
Chain 2: 
Chain 2: Gradient evaluation took 0 seconds
Chain 2: 1000 transitions using 10 leapfrog steps per transition would take 0 seconds.
Chain 2: Adjust your expectations accordingly!
Chain 2: 
Chain 2: 
Chain 2: Iteration:    1 / 6000 [  0%]  (Warmup)
Chain 2: Iteration:  600 / 6000 [ 10%]  (Warmup)
Chain 2: Iteration: 1200 / 6000 [ 20%]  (Warmup)
Chain 2: Iteration: 1201 / 6000 [ 20%]  (Sampling)
Chain 2: Iteration: 1800 / 6000 [ 30%]  (Sampling)
Chain 2: Iteration: 2400 / 6000 [ 40%]  (Sampling)
Chain 2: Iteration: 3000 / 6000 [ 50%]  (Sampling)
Chain 2: Iteration: 3600 / 6000 [ 60%]  (Sampling)
Chain 2: Iteration: 4200 / 6000 [ 70%]  (Sampling)
Chain 2: Iteration: 4800 / 6000 [ 80%]  (Sampling)
Chain 2: Iteration: 5400 / 6000 [ 90%]  (Sampling)
Chain 2: Iteration: 6000 / 6000 [100%]  (Sampling)
Chain 2: 
Chain 2:  Elapsed Time: 106.17 seconds (Warm-up)
Chain 2:                368.16 seconds (Sampling)
Chain 2:                474.33 seconds (Total)
Chain 2: 

SAMPLING FOR MODEL '2f8b09025defe902a4bedd6307763397' NOW (CHAIN 3).
Chain 3: 
Chain 3: Gradient evaluation took 0 seconds
Chain 3: 1000 transitions using 10 leapfrog steps per transition would take 0 seconds.
Chain 3: Adjust your expectations accordingly!
Chain 3: 
Chain 3: 
Chain 3: Iteration:    1 / 6000 [  0%]  (Warmup)
Chain 3: Iteration:  600 / 6000 [ 10%]  (Warmup)
Chain 3: Iteration: 1200 / 6000 [ 20%]  (Warmup)
Chain 3: Iteration: 1201 / 6000 [ 20%]  (Sampling)
Chain 3: Iteration: 1800 / 6000 [ 30%]  (Sampling)
Chain 3: Iteration: 2400 / 6000 [ 40%]  (Sampling)
Chain 3: Iteration: 3000 / 6000 [ 50%]  (Sampling)
Chain 3: Iteration: 3600 / 6000 [ 60%]  (Sampling)
Chain 3: Iteration: 4200 / 6000 [ 70%]  (Sampling)
Chain 3: Iteration: 4800 / 6000 [ 80%]  (Sampling)
Chain 3: Iteration: 5400 / 6000 [ 90%]  (Sampling)
Chain 3: Iteration: 6000 / 6000 [100%]  (Sampling)
Chain 3: 
Chain 3:  Elapsed Time: 75.26 seconds (Warm-up)
Chain 3:                420.38 seconds (Sampling)
Chain 3:                495.64 seconds (Total)
Chain 3: 
boundary (singular) fit: see ?isSingular
[1] "everything worked: 1 phen 1"
boundary (singular) fit: see ?isSingular
[1] "everything worked: 2 phen 1"
[1] "everything worked: 3 phen 1"
[1] "everything worked: 4 phen 1"
[1] "everything worked: 5 phen 1"
boundary (singular) fit: see ?isSingular
[1] "everything worked: 6 phen 1"
boundary (singular) fit: see ?isSingular
[1] "everything worked: 7 phen 1"
boundary (singular) fit: see ?isSingular
[1] "everything worked: 8 phen 1"

SAMPLING FOR MODEL '2f8b09025defe902a4bedd6307763397' NOW (CHAIN 1).
Chain 1: 
Chain 1: Gradient evaluation took 0 seconds
Chain 1: 1000 transitions using 10 leapfrog steps per transition would take 0 seconds.
Chain 1: Adjust your expectations accordingly!
Chain 1: 
Chain 1: 
Chain 1: Iteration:    1 / 6000 [  0%]  (Warmup)
Chain 1: Iteration:  600 / 6000 [ 10%]  (Warmup)
Chain 1: Iteration: 1200 / 6000 [ 20%]  (Warmup)
Chain 1: Iteration: 1201 / 6000 [ 20%]  (Sampling)
Chain 1: Iteration: 1800 / 6000 [ 30%]  (Sampling)
Chain 1: Iteration: 2400 / 6000 [ 40%]  (Sampling)
Chain 1: Iteration: 3000 / 6000 [ 50%]  (Sampling)
Chain 1: Iteration: 3600 / 6000 [ 60%]  (Sampling)
Chain 1: Iteration: 4200 / 6000 [ 70%]  (Sampling)
Chain 1: Iteration: 4800 / 6000 [ 80%]  (Sampling)
Chain 1: Iteration: 5400 / 6000 [ 90%]  (Sampling)
Chain 1: Iteration: 6000 / 6000 [100%]  (Sampling)
Chain 1: 
Chain 1:  Elapsed Time: 77.89 seconds (Warm-up)
Chain 1:                430.78 seconds (Sampling)
Chain 1:                508.67 seconds (Total)
Chain 1: 

SAMPLING FOR MODEL '2f8b09025defe902a4bedd6307763397' NOW (CHAIN 2).
Chain 2: 
Chain 2: Gradient evaluation took 0 seconds
Chain 2: 1000 transitions using 10 leapfrog steps per transition would take 0 seconds.
Chain 2: Adjust your expectations accordingly!
Chain 2: 
Chain 2: 
Chain 2: Iteration:    1 / 6000 [  0%]  (Warmup)
Chain 2: Iteration:  600 / 6000 [ 10%]  (Warmup)
Chain 2: Iteration: 1200 / 6000 [ 20%]  (Warmup)
Chain 2: Iteration: 1201 / 6000 [ 20%]  (Sampling)
Chain 2: Iteration: 1800 / 6000 [ 30%]  (Sampling)
Chain 2: Iteration: 2400 / 6000 [ 40%]  (Sampling)
Chain 2: Iteration: 3000 / 6000 [ 50%]  (Sampling)
Chain 2: Iteration: 3600 / 6000 [ 60%]  (Sampling)
Chain 2: Iteration: 4200 / 6000 [ 70%]  (Sampling)
Chain 2: Iteration: 4800 / 6000 [ 80%]  (Sampling)
Chain 2: Iteration: 5400 / 6000 [ 90%]  (Sampling)
Chain 2: Iteration: 6000 / 6000 [100%]  (Sampling)
Chain 2: 
Chain 2:  Elapsed Time: 81.06 seconds (Warm-up)
Chain 2:                413.56 seconds (Sampling)
Chain 2:                494.62 seconds (Total)
Chain 2: 

SAMPLING FOR MODEL '2f8b09025defe902a4bedd6307763397' NOW (CHAIN 3).
Chain 3: 
Chain 3: Gradient evaluation took 0 seconds
Chain 3: 1000 transitions using 10 leapfrog steps per transition would take 0 seconds.
Chain 3: Adjust your expectations accordingly!
Chain 3: 
Chain 3: 
Chain 3: Iteration:    1 / 6000 [  0%]  (Warmup)
Chain 3: Iteration:  600 / 6000 [ 10%]  (Warmup)
Chain 3: Iteration: 1200 / 6000 [ 20%]  (Warmup)
Chain 3: Iteration: 1201 / 6000 [ 20%]  (Sampling)
Chain 3: Iteration: 1800 / 6000 [ 30%]  (Sampling)
Chain 3: Iteration: 2400 / 6000 [ 40%]  (Sampling)
Chain 3: Iteration: 3000 / 6000 [ 50%]  (Sampling)
Chain 3: Iteration: 3600 / 6000 [ 60%]  (Sampling)
Chain 3: Iteration: 4200 / 6000 [ 70%]  (Sampling)
Chain 3: Iteration: 4800 / 6000 [ 80%]  (Sampling)
Chain 3: Iteration: 5400 / 6000 [ 90%]  (Sampling)
Chain 3: Iteration: 6000 / 6000 [100%]  (Sampling)
Chain 3: 
Chain 3:  Elapsed Time: 66.79 seconds (Warm-up)
Chain 3:                422.65 seconds (Sampling)
Chain 3:                489.44 seconds (Total)
Chain 3: 
There were 50 or more warnings (use warnings() to see the first 50)
