── Attaching packages ─────────────────────────────────────── tidyverse 1.3.0 ──
✔ ggplot2 3.3.2     ✔ purrr   0.3.4
✔ tibble  3.0.4     ✔ dplyr   1.0.2
✔ tidyr   1.1.2     ✔ stringr 1.4.0
✔ readr   1.4.0     ✔ forcats 0.4.0
── Conflicts ────────────────────────────────────────── tidyverse_conflicts() ──
✖ dplyr::filter() masks stats::filter()
✖ dplyr::lag()    masks stats::lag()
Loading required package: StanHeaders
rstan (Version 2.21.2, GitRev: 2e1f913d3ca3)
For execution on a local, multicore CPU with excess RAM we recommend calling
options(mc.cores = parallel::detectCores()).
To avoid recompilation of unchanged Stan programs, we recommend calling
rstan_options(auto_write = TRUE)

Attaching package: ‘rstan’

The following object is masked from ‘package:tidyr’:

    extract


Attaching package: ‘data.table’

The following objects are masked from ‘package:dplyr’:

    between, first, last

The following object is masked from ‘package:purrr’:

    transpose

Loading required package: lme4
Loading required package: Matrix

Attaching package: ‘Matrix’

The following objects are masked from ‘package:tidyr’:

    expand, pack, unpack

Loading required package: methods

Attaching package: ‘lmerTest’

The following object is masked from ‘package:lme4’:

    lmer

The following object is masked from ‘package:stats’:

    step

Loading required package: carData

Attaching package: ‘car’

The following object is masked from ‘package:dplyr’:

    recode

The following object is masked from ‘package:purrr’:

    some

Loading required package: coda

Attaching package: ‘coda’

The following object is masked from ‘package:rstan’:

    traceplot

Linked to JAGS 4.3.0
Loaded modules: basemod,bugs
[1] "91 100"
boundary (singular) fit: see ?isSingular
[1] "everything worked: 1 phen 1"
boundary (singular) fit: see ?isSingular
[1] "everything worked: 2 phen 1"
boundary (singular) fit: see ?isSingular
[1] "everything worked: 3 phen 1"
boundary (singular) fit: see ?isSingular
[1] "everything worked: 4 phen 1"
boundary (singular) fit: see ?isSingular
[1] "everything worked: 5 phen 1"
boundary (singular) fit: see ?isSingular
[1] "everything worked: 6 phen 1"
boundary (singular) fit: see ?isSingular
[1] "everything worked: 7 phen 1"
boundary (singular) fit: see ?isSingular
[1] "everything worked: 8 phen 1"

SAMPLING FOR MODEL '2f8b09025defe902a4bedd6307763397' NOW (CHAIN 1).
Chain 1: 
Chain 1: Gradient evaluation took 0 seconds
Chain 1: 1000 transitions using 10 leapfrog steps per transition would take 0 seconds.
Chain 1: Adjust your expectations accordingly!
Chain 1: 
Chain 1: 
Chain 1: Iteration:    1 / 6000 [  0%]  (Warmup)
Chain 1: Iteration:  600 / 6000 [ 10%]  (Warmup)
Chain 1: Iteration: 1200 / 6000 [ 20%]  (Warmup)
Chain 1: Iteration: 1201 / 6000 [ 20%]  (Sampling)
Chain 1: Iteration: 1800 / 6000 [ 30%]  (Sampling)
Chain 1: Iteration: 2400 / 6000 [ 40%]  (Sampling)
Chain 1: Iteration: 3000 / 6000 [ 50%]  (Sampling)
Chain 1: Iteration: 3600 / 6000 [ 60%]  (Sampling)
Chain 1: Iteration: 4200 / 6000 [ 70%]  (Sampling)
Chain 1: Iteration: 4800 / 6000 [ 80%]  (Sampling)
Chain 1: Iteration: 5400 / 6000 [ 90%]  (Sampling)
Chain 1: Iteration: 6000 / 6000 [100%]  (Sampling)
Chain 1: 
Chain 1:  Elapsed Time: 101.77 seconds (Warm-up)
Chain 1:                349.71 seconds (Sampling)
Chain 1:                451.48 seconds (Total)
Chain 1: 

SAMPLING FOR MODEL '2f8b09025defe902a4bedd6307763397' NOW (CHAIN 2).
Chain 2: 
Chain 2: Gradient evaluation took 0 seconds
Chain 2: 1000 transitions using 10 leapfrog steps per transition would take 0 seconds.
Chain 2: Adjust your expectations accordingly!
Chain 2: 
Chain 2: 
Chain 2: Iteration:    1 / 6000 [  0%]  (Warmup)
Chain 2: Iteration:  600 / 6000 [ 10%]  (Warmup)
Chain 2: Iteration: 1200 / 6000 [ 20%]  (Warmup)
Chain 2: Iteration: 1201 / 6000 [ 20%]  (Sampling)
Chain 2: Iteration: 1800 / 6000 [ 30%]  (Sampling)
Chain 2: Iteration: 2400 / 6000 [ 40%]  (Sampling)
Chain 2: Iteration: 3000 / 6000 [ 50%]  (Sampling)
Chain 2: Iteration: 3600 / 6000 [ 60%]  (Sampling)
Chain 2: Iteration: 4200 / 6000 [ 70%]  (Sampling)
Chain 2: Iteration: 4800 / 6000 [ 80%]  (Sampling)
Chain 2: Iteration: 5400 / 6000 [ 90%]  (Sampling)
Chain 2: Iteration: 6000 / 6000 [100%]  (Sampling)
Chain 2: 
Chain 2:  Elapsed Time: 61.43 seconds (Warm-up)
Chain 2:                373.13 seconds (Sampling)
Chain 2:                434.56 seconds (Total)
Chain 2: 

SAMPLING FOR MODEL '2f8b09025defe902a4bedd6307763397' NOW (CHAIN 3).
Chain 3: 
Chain 3: Gradient evaluation took 0.01 seconds
Chain 3: 1000 transitions using 10 leapfrog steps per transition would take 100 seconds.
Chain 3: Adjust your expectations accordingly!
Chain 3: 
Chain 3: 
Chain 3: Iteration:    1 / 6000 [  0%]  (Warmup)
Chain 3: Iteration:  600 / 6000 [ 10%]  (Warmup)
Chain 3: Iteration: 1200 / 6000 [ 20%]  (Warmup)
Chain 3: Iteration: 1201 / 6000 [ 20%]  (Sampling)
Chain 3: Iteration: 1800 / 6000 [ 30%]  (Sampling)
Chain 3: Iteration: 2400 / 6000 [ 40%]  (Sampling)
Chain 3: Iteration: 3000 / 6000 [ 50%]  (Sampling)
Chain 3: Iteration: 3600 / 6000 [ 60%]  (Sampling)
Chain 3: Iteration: 4200 / 6000 [ 70%]  (Sampling)
Chain 3: Iteration: 4800 / 6000 [ 80%]  (Sampling)
Chain 3: Iteration: 5400 / 6000 [ 90%]  (Sampling)
Chain 3: Iteration: 6000 / 6000 [100%]  (Sampling)
Chain 3: 
Chain 3:  Elapsed Time: 74.74 seconds (Warm-up)
Chain 3:                412.9 seconds (Sampling)
Chain 3:                487.64 seconds (Total)
Chain 3: 
boundary (singular) fit: see ?isSingular
[1] "everything worked: 1 phen 1"
boundary (singular) fit: see ?isSingular
[1] "everything worked: 2 phen 1"
boundary (singular) fit: see ?isSingular
[1] "everything worked: 3 phen 1"
boundary (singular) fit: see ?isSingular
[1] "everything worked: 4 phen 1"
boundary (singular) fit: see ?isSingular
[1] "everything worked: 5 phen 1"
boundary (singular) fit: see ?isSingular
[1] "everything worked: 6 phen 1"
boundary (singular) fit: see ?isSingular
[1] "everything worked: 7 phen 1"
boundary (singular) fit: see ?isSingular
[1] "everything worked: 8 phen 1"

SAMPLING FOR MODEL '2f8b09025defe902a4bedd6307763397' NOW (CHAIN 1).
Chain 1: 
Chain 1: Gradient evaluation took 0 seconds
Chain 1: 1000 transitions using 10 leapfrog steps per transition would take 0 seconds.
Chain 1: Adjust your expectations accordingly!
Chain 1: 
Chain 1: 
Chain 1: Iteration:    1 / 6000 [  0%]  (Warmup)
Chain 1: Iteration:  600 / 6000 [ 10%]  (Warmup)
Chain 1: Iteration: 1200 / 6000 [ 20%]  (Warmup)
Chain 1: Iteration: 1201 / 6000 [ 20%]  (Sampling)
Chain 1: Iteration: 1800 / 6000 [ 30%]  (Sampling)
Chain 1: Iteration: 2400 / 6000 [ 40%]  (Sampling)
Chain 1: Iteration: 3000 / 6000 [ 50%]  (Sampling)
Chain 1: Iteration: 3600 / 6000 [ 60%]  (Sampling)
Chain 1: Iteration: 4200 / 6000 [ 70%]  (Sampling)
Chain 1: Iteration: 4800 / 6000 [ 80%]  (Sampling)
Chain 1: Iteration: 5400 / 6000 [ 90%]  (Sampling)
Chain 1: Iteration: 6000 / 6000 [100%]  (Sampling)
Chain 1: 
Chain 1:  Elapsed Time: 66.7 seconds (Warm-up)
Chain 1:                357.21 seconds (Sampling)
Chain 1:                423.91 seconds (Total)
Chain 1: 

SAMPLING FOR MODEL '2f8b09025defe902a4bedd6307763397' NOW (CHAIN 2).
Chain 2: 
Chain 2: Gradient evaluation took 0 seconds
Chain 2: 1000 transitions using 10 leapfrog steps per transition would take 0 seconds.
Chain 2: Adjust your expectations accordingly!
Chain 2: 
Chain 2: 
Chain 2: Iteration:    1 / 6000 [  0%]  (Warmup)
Chain 2: Iteration:  600 / 6000 [ 10%]  (Warmup)
Chain 2: Iteration: 1200 / 6000 [ 20%]  (Warmup)
Chain 2: Iteration: 1201 / 6000 [ 20%]  (Sampling)
Chain 2: Iteration: 1800 / 6000 [ 30%]  (Sampling)
Chain 2: Iteration: 2400 / 6000 [ 40%]  (Sampling)
Chain 2: Iteration: 3000 / 6000 [ 50%]  (Sampling)
Chain 2: Iteration: 3600 / 6000 [ 60%]  (Sampling)
Chain 2: Iteration: 4200 / 6000 [ 70%]  (Sampling)
Chain 2: Iteration: 4800 / 6000 [ 80%]  (Sampling)
Chain 2: Iteration: 5400 / 6000 [ 90%]  (Sampling)
Chain 2: Iteration: 6000 / 6000 [100%]  (Sampling)
Chain 2: 
Chain 2:  Elapsed Time: 92.23 seconds (Warm-up)
Chain 2:                506.42 seconds (Sampling)
Chain 2:                598.65 seconds (Total)
Chain 2: 

SAMPLING FOR MODEL '2f8b09025defe902a4bedd6307763397' NOW (CHAIN 3).
Chain 3: 
Chain 3: Gradient evaluation took 0 seconds
Chain 3: 1000 transitions using 10 leapfrog steps per transition would take 0 seconds.
Chain 3: Adjust your expectations accordingly!
Chain 3: 
Chain 3: 
Chain 3: Iteration:    1 / 6000 [  0%]  (Warmup)
Chain 3: Iteration:  600 / 6000 [ 10%]  (Warmup)
Chain 3: Iteration: 1200 / 6000 [ 20%]  (Warmup)
Chain 3: Iteration: 1201 / 6000 [ 20%]  (Sampling)
Chain 3: Iteration: 1800 / 6000 [ 30%]  (Sampling)
Chain 3: Iteration: 2400 / 6000 [ 40%]  (Sampling)
Chain 3: Iteration: 3000 / 6000 [ 50%]  (Sampling)
Chain 3: Iteration: 3600 / 6000 [ 60%]  (Sampling)
Chain 3: Iteration: 4200 / 6000 [ 70%]  (Sampling)
Chain 3: Iteration: 4800 / 6000 [ 80%]  (Sampling)
Chain 3: Iteration: 5400 / 6000 [ 90%]  (Sampling)
Chain 3: Iteration: 6000 / 6000 [100%]  (Sampling)
Chain 3: 
Chain 3:  Elapsed Time: 63.93 seconds (Warm-up)
Chain 3:                358.96 seconds (Sampling)
Chain 3:                422.89 seconds (Total)
Chain 3: 
boundary (singular) fit: see ?isSingular
[1] "everything worked: 1 phen 1"
boundary (singular) fit: see ?isSingular
[1] "everything worked: 2 phen 1"
boundary (singular) fit: see ?isSingular
[1] "everything worked: 3 phen 1"
boundary (singular) fit: see ?isSingular
[1] "everything worked: 4 phen 1"
boundary (singular) fit: see ?isSingular
[1] "everything worked: 5 phen 1"
boundary (singular) fit: see ?isSingular
[1] "everything worked: 6 phen 1"
boundary (singular) fit: see ?isSingular
[1] "everything worked: 7 phen 1"
[1] "everything worked: 8 phen 1"

SAMPLING FOR MODEL '2f8b09025defe902a4bedd6307763397' NOW (CHAIN 1).
Chain 1: 
Chain 1: Gradient evaluation took 0 seconds
Chain 1: 1000 transitions using 10 leapfrog steps per transition would take 0 seconds.
Chain 1: Adjust your expectations accordingly!
Chain 1: 
Chain 1: 
Chain 1: Iteration:    1 / 6000 [  0%]  (Warmup)
Chain 1: Iteration:  600 / 6000 [ 10%]  (Warmup)
Chain 1: Iteration: 1200 / 6000 [ 20%]  (Warmup)
Chain 1: Iteration: 1201 / 6000 [ 20%]  (Sampling)
Chain 1: Iteration: 1800 / 6000 [ 30%]  (Sampling)
Chain 1: Iteration: 2400 / 6000 [ 40%]  (Sampling)
Chain 1: Iteration: 3000 / 6000 [ 50%]  (Sampling)
Chain 1: Iteration: 3600 / 6000 [ 60%]  (Sampling)
Chain 1: Iteration: 4200 / 6000 [ 70%]  (Sampling)
Chain 1: Iteration: 4800 / 6000 [ 80%]  (Sampling)
Chain 1: Iteration: 5400 / 6000 [ 90%]  (Sampling)
Chain 1: Iteration: 6000 / 6000 [100%]  (Sampling)
Chain 1: 
Chain 1:  Elapsed Time: 82.76 seconds (Warm-up)
Chain 1:                494.09 seconds (Sampling)
Chain 1:                576.85 seconds (Total)
Chain 1: 

SAMPLING FOR MODEL '2f8b09025defe902a4bedd6307763397' NOW (CHAIN 2).
Chain 2: 
Chain 2: Gradient evaluation took 0 seconds
Chain 2: 1000 transitions using 10 leapfrog steps per transition would take 0 seconds.
Chain 2: Adjust your expectations accordingly!
Chain 2: 
Chain 2: 
Chain 2: Iteration:    1 / 6000 [  0%]  (Warmup)
Chain 2: Iteration:  600 / 6000 [ 10%]  (Warmup)
Chain 2: Iteration: 1200 / 6000 [ 20%]  (Warmup)
Chain 2: Iteration: 1201 / 6000 [ 20%]  (Sampling)
Chain 2: Iteration: 1800 / 6000 [ 30%]  (Sampling)
Chain 2: Iteration: 2400 / 6000 [ 40%]  (Sampling)
Chain 2: Iteration: 3000 / 6000 [ 50%]  (Sampling)
Chain 2: Iteration: 3600 / 6000 [ 60%]  (Sampling)
Chain 2: Iteration: 4200 / 6000 [ 70%]  (Sampling)
Chain 2: Iteration: 4800 / 6000 [ 80%]  (Sampling)
Chain 2: Iteration: 5400 / 6000 [ 90%]  (Sampling)
Chain 2: Iteration: 6000 / 6000 [100%]  (Sampling)
Chain 2: 
Chain 2:  Elapsed Time: 83.78 seconds (Warm-up)
Chain 2:                389.2 seconds (Sampling)
Chain 2:                472.98 seconds (Total)
Chain 2: 

SAMPLING FOR MODEL '2f8b09025defe902a4bedd6307763397' NOW (CHAIN 3).
Chain 3: 
Chain 3: Gradient evaluation took 0 seconds
Chain 3: 1000 transitions using 10 leapfrog steps per transition would take 0 seconds.
Chain 3: Adjust your expectations accordingly!
Chain 3: 
Chain 3: 
Chain 3: Iteration:    1 / 6000 [  0%]  (Warmup)
Chain 3: Iteration:  600 / 6000 [ 10%]  (Warmup)
Chain 3: Iteration: 1200 / 6000 [ 20%]  (Warmup)
Chain 3: Iteration: 1201 / 6000 [ 20%]  (Sampling)
Chain 3: Iteration: 1800 / 6000 [ 30%]  (Sampling)
Chain 3: Iteration: 2400 / 6000 [ 40%]  (Sampling)
Chain 3: Iteration: 3000 / 6000 [ 50%]  (Sampling)
Chain 3: Iteration: 3600 / 6000 [ 60%]  (Sampling)
Chain 3: Iteration: 4200 / 6000 [ 70%]  (Sampling)
Chain 3: Iteration: 4800 / 6000 [ 80%]  (Sampling)
Chain 3: Iteration: 5400 / 6000 [ 90%]  (Sampling)
Chain 3: Iteration: 6000 / 6000 [100%]  (Sampling)
Chain 3: 
Chain 3:  Elapsed Time: 82.43 seconds (Warm-up)
Chain 3:                608.38 seconds (Sampling)
Chain 3:                690.81 seconds (Total)
Chain 3: 
boundary (singular) fit: see ?isSingular
[1] "everything worked: 1 phen 1"
boundary (singular) fit: see ?isSingular
[1] "everything worked: 2 phen 1"
boundary (singular) fit: see ?isSingular
[1] "everything worked: 3 phen 1"
boundary (singular) fit: see ?isSingular
[1] "everything worked: 4 phen 1"
boundary (singular) fit: see ?isSingular
[1] "everything worked: 5 phen 1"
boundary (singular) fit: see ?isSingular
[1] "everything worked: 6 phen 1"
[1] "everything worked: 7 phen 1"
[1] "everything worked: 8 phen 1"

SAMPLING FOR MODEL '2f8b09025defe902a4bedd6307763397' NOW (CHAIN 1).
Chain 1: 
Chain 1: Gradient evaluation took 0 seconds
Chain 1: 1000 transitions using 10 leapfrog steps per transition would take 0 seconds.
Chain 1: Adjust your expectations accordingly!
Chain 1: 
Chain 1: 
Chain 1: Iteration:    1 / 6000 [  0%]  (Warmup)
Chain 1: Iteration:  600 / 6000 [ 10%]  (Warmup)
Chain 1: Iteration: 1200 / 6000 [ 20%]  (Warmup)
Chain 1: Iteration: 1201 / 6000 [ 20%]  (Sampling)
Chain 1: Iteration: 1800 / 6000 [ 30%]  (Sampling)
Chain 1: Iteration: 2400 / 6000 [ 40%]  (Sampling)
Chain 1: Iteration: 3000 / 6000 [ 50%]  (Sampling)
Chain 1: Iteration: 3600 / 6000 [ 60%]  (Sampling)
Chain 1: Iteration: 4200 / 6000 [ 70%]  (Sampling)
Chain 1: Iteration: 4800 / 6000 [ 80%]  (Sampling)
Chain 1: Iteration: 5400 / 6000 [ 90%]  (Sampling)
Chain 1: Iteration: 6000 / 6000 [100%]  (Sampling)
Chain 1: 
Chain 1:  Elapsed Time: 97.16 seconds (Warm-up)
Chain 1:                486.58 seconds (Sampling)
Chain 1:                583.74 seconds (Total)
Chain 1: 

SAMPLING FOR MODEL '2f8b09025defe902a4bedd6307763397' NOW (CHAIN 2).
Chain 2: 
Chain 2: Gradient evaluation took 0 seconds
Chain 2: 1000 transitions using 10 leapfrog steps per transition would take 0 seconds.
Chain 2: Adjust your expectations accordingly!
Chain 2: 
Chain 2: 
Chain 2: Iteration:    1 / 6000 [  0%]  (Warmup)
Chain 2: Iteration:  600 / 6000 [ 10%]  (Warmup)
Chain 2: Iteration: 1200 / 6000 [ 20%]  (Warmup)
Chain 2: Iteration: 1201 / 6000 [ 20%]  (Sampling)
Chain 2: Iteration: 1800 / 6000 [ 30%]  (Sampling)
Chain 2: Iteration: 2400 / 6000 [ 40%]  (Sampling)
Chain 2: Iteration: 3000 / 6000 [ 50%]  (Sampling)
Chain 2: Iteration: 3600 / 6000 [ 60%]  (Sampling)
Chain 2: Iteration: 4200 / 6000 [ 70%]  (Sampling)
Chain 2: Iteration: 4800 / 6000 [ 80%]  (Sampling)
Chain 2: Iteration: 5400 / 6000 [ 90%]  (Sampling)
Chain 2: Iteration: 6000 / 6000 [100%]  (Sampling)
Chain 2: 
Chain 2:  Elapsed Time: 79.89 seconds (Warm-up)
Chain 2:                375.48 seconds (Sampling)
Chain 2:                455.37 seconds (Total)
Chain 2: 

SAMPLING FOR MODEL '2f8b09025defe902a4bedd6307763397' NOW (CHAIN 3).
Chain 3: 
Chain 3: Gradient evaluation took 0 seconds
Chain 3: 1000 transitions using 10 leapfrog steps per transition would take 0 seconds.
Chain 3: Adjust your expectations accordingly!
Chain 3: 
Chain 3: 
Chain 3: Iteration:    1 / 6000 [  0%]  (Warmup)
Chain 3: Iteration:  600 / 6000 [ 10%]  (Warmup)
Chain 3: Iteration: 1200 / 6000 [ 20%]  (Warmup)
Chain 3: Iteration: 1201 / 6000 [ 20%]  (Sampling)
Chain 3: Iteration: 1800 / 6000 [ 30%]  (Sampling)
Chain 3: Iteration: 2400 / 6000 [ 40%]  (Sampling)
Chain 3: Iteration: 3000 / 6000 [ 50%]  (Sampling)
Chain 3: Iteration: 3600 / 6000 [ 60%]  (Sampling)
Chain 3: Iteration: 4200 / 6000 [ 70%]  (Sampling)
Chain 3: Iteration: 4800 / 6000 [ 80%]  (Sampling)
Chain 3: Iteration: 5400 / 6000 [ 90%]  (Sampling)
Chain 3: Iteration: 6000 / 6000 [100%]  (Sampling)
Chain 3: 
Chain 3:  Elapsed Time: 78 seconds (Warm-up)
Chain 3:                463.31 seconds (Sampling)
Chain 3:                541.31 seconds (Total)
Chain 3: 
[1] "everything worked: 1 phen 1"
[1] "everything worked: 2 phen 1"
[1] "everything worked: 3 phen 1"
[1] "everything worked: 4 phen 1"
[1] "everything worked: 5 phen 1"
[1] "everything worked: 6 phen 1"
[1] "everything worked: 7 phen 1"
[1] "everything worked: 8 phen 1"

SAMPLING FOR MODEL '2f8b09025defe902a4bedd6307763397' NOW (CHAIN 1).
Chain 1: 
Chain 1: Gradient evaluation took 0 seconds
Chain 1: 1000 transitions using 10 leapfrog steps per transition would take 0 seconds.
Chain 1: Adjust your expectations accordingly!
Chain 1: 
Chain 1: 
Chain 1: Iteration:    1 / 6000 [  0%]  (Warmup)
Chain 1: Iteration:  600 / 6000 [ 10%]  (Warmup)
Chain 1: Iteration: 1200 / 6000 [ 20%]  (Warmup)
Chain 1: Iteration: 1201 / 6000 [ 20%]  (Sampling)
Chain 1: Iteration: 1800 / 6000 [ 30%]  (Sampling)
Chain 1: Iteration: 2400 / 6000 [ 40%]  (Sampling)
Chain 1: Iteration: 3000 / 6000 [ 50%]  (Sampling)
Chain 1: Iteration: 3600 / 6000 [ 60%]  (Sampling)
Chain 1: Iteration: 4200 / 6000 [ 70%]  (Sampling)
Chain 1: Iteration: 4800 / 6000 [ 80%]  (Sampling)
Chain 1: Iteration: 5400 / 6000 [ 90%]  (Sampling)
Chain 1: Iteration: 6000 / 6000 [100%]  (Sampling)
Chain 1: 
Chain 1:  Elapsed Time: 83.61 seconds (Warm-up)
Chain 1:                556.33 seconds (Sampling)
Chain 1:                639.94 seconds (Total)
Chain 1: 

SAMPLING FOR MODEL '2f8b09025defe902a4bedd6307763397' NOW (CHAIN 2).
Chain 2: 
Chain 2: Gradient evaluation took 0 seconds
Chain 2: 1000 transitions using 10 leapfrog steps per transition would take 0 seconds.
Chain 2: Adjust your expectations accordingly!
Chain 2: 
Chain 2: 
Chain 2: Iteration:    1 / 6000 [  0%]  (Warmup)
Chain 2: Iteration:  600 / 6000 [ 10%]  (Warmup)
Chain 2: Iteration: 1200 / 6000 [ 20%]  (Warmup)
Chain 2: Iteration: 1201 / 6000 [ 20%]  (Sampling)
Chain 2: Iteration: 1800 / 6000 [ 30%]  (Sampling)
Chain 2: Iteration: 2400 / 6000 [ 40%]  (Sampling)
Chain 2: Iteration: 3000 / 6000 [ 50%]  (Sampling)
Chain 2: Iteration: 3600 / 6000 [ 60%]  (Sampling)
Chain 2: Iteration: 4200 / 6000 [ 70%]  (Sampling)
Chain 2: Iteration: 4800 / 6000 [ 80%]  (Sampling)
Chain 2: Iteration: 5400 / 6000 [ 90%]  (Sampling)
Chain 2: Iteration: 6000 / 6000 [100%]  (Sampling)
Chain 2: 
Chain 2:  Elapsed Time: 76.57 seconds (Warm-up)
Chain 2:                461.28 seconds (Sampling)
Chain 2:                537.85 seconds (Total)
Chain 2: 

SAMPLING FOR MODEL '2f8b09025defe902a4bedd6307763397' NOW (CHAIN 3).
Chain 3: 
Chain 3: Gradient evaluation took 0 seconds
Chain 3: 1000 transitions using 10 leapfrog steps per transition would take 0 seconds.
Chain 3: Adjust your expectations accordingly!
Chain 3: 
Chain 3: 
Chain 3: Iteration:    1 / 6000 [  0%]  (Warmup)
Chain 3: Iteration:  600 / 6000 [ 10%]  (Warmup)
Chain 3: Iteration: 1200 / 6000 [ 20%]  (Warmup)
Chain 3: Iteration: 1201 / 6000 [ 20%]  (Sampling)
Chain 3: Iteration: 1800 / 6000 [ 30%]  (Sampling)
Chain 3: Iteration: 2400 / 6000 [ 40%]  (Sampling)
Chain 3: Iteration: 3000 / 6000 [ 50%]  (Sampling)
Chain 3: Iteration: 3600 / 6000 [ 60%]  (Sampling)
Chain 3: Iteration: 4200 / 6000 [ 70%]  (Sampling)
Chain 3: Iteration: 4800 / 6000 [ 80%]  (Sampling)
Chain 3: Iteration: 5400 / 6000 [ 90%]  (Sampling)
Chain 3: Iteration: 6000 / 6000 [100%]  (Sampling)
Chain 3: 
Chain 3:  Elapsed Time: 76.56 seconds (Warm-up)
Chain 3:                374.79 seconds (Sampling)
Chain 3:                451.35 seconds (Total)
Chain 3: 
boundary (singular) fit: see ?isSingular
[1] "everything worked: 1 phen 1"
boundary (singular) fit: see ?isSingular
[1] "everything worked: 2 phen 1"
boundary (singular) fit: see ?isSingular
[1] "everything worked: 3 phen 1"
boundary (singular) fit: see ?isSingular
[1] "everything worked: 4 phen 1"
boundary (singular) fit: see ?isSingular
[1] "everything worked: 5 phen 1"
boundary (singular) fit: see ?isSingular
[1] "everything worked: 6 phen 1"
boundary (singular) fit: see ?isSingular
[1] "everything worked: 7 phen 1"
boundary (singular) fit: see ?isSingular
[1] "everything worked: 8 phen 1"

SAMPLING FOR MODEL '2f8b09025defe902a4bedd6307763397' NOW (CHAIN 1).
Chain 1: 
Chain 1: Gradient evaluation took 0 seconds
Chain 1: 1000 transitions using 10 leapfrog steps per transition would take 0 seconds.
Chain 1: Adjust your expectations accordingly!
Chain 1: 
Chain 1: 
Chain 1: Iteration:    1 / 6000 [  0%]  (Warmup)
Chain 1: Iteration:  600 / 6000 [ 10%]  (Warmup)
Chain 1: Iteration: 1200 / 6000 [ 20%]  (Warmup)
Chain 1: Iteration: 1201 / 6000 [ 20%]  (Sampling)
Chain 1: Iteration: 1800 / 6000 [ 30%]  (Sampling)
Chain 1: Iteration: 2400 / 6000 [ 40%]  (Sampling)
Chain 1: Iteration: 3000 / 6000 [ 50%]  (Sampling)
Chain 1: Iteration: 3600 / 6000 [ 60%]  (Sampling)
Chain 1: Iteration: 4200 / 6000 [ 70%]  (Sampling)
Chain 1: Iteration: 4800 / 6000 [ 80%]  (Sampling)
Chain 1: Iteration: 5400 / 6000 [ 90%]  (Sampling)
Chain 1: Iteration: 6000 / 6000 [100%]  (Sampling)
Chain 1: 
Chain 1:  Elapsed Time: 94.25 seconds (Warm-up)
Chain 1:                386.72 seconds (Sampling)
Chain 1:                480.97 seconds (Total)
Chain 1: 

SAMPLING FOR MODEL '2f8b09025defe902a4bedd6307763397' NOW (CHAIN 2).
Chain 2: 
Chain 2: Gradient evaluation took 0 seconds
Chain 2: 1000 transitions using 10 leapfrog steps per transition would take 0 seconds.
Chain 2: Adjust your expectations accordingly!
Chain 2: 
Chain 2: 
Chain 2: Iteration:    1 / 6000 [  0%]  (Warmup)
Chain 2: Iteration:  600 / 6000 [ 10%]  (Warmup)
Chain 2: Iteration: 1200 / 6000 [ 20%]  (Warmup)
Chain 2: Iteration: 1201 / 6000 [ 20%]  (Sampling)
Chain 2: Iteration: 1800 / 6000 [ 30%]  (Sampling)
Chain 2: Iteration: 2400 / 6000 [ 40%]  (Sampling)
Chain 2: Iteration: 3000 / 6000 [ 50%]  (Sampling)
Chain 2: Iteration: 3600 / 6000 [ 60%]  (Sampling)
Chain 2: Iteration: 4200 / 6000 [ 70%]  (Sampling)
Chain 2: Iteration: 4800 / 6000 [ 80%]  (Sampling)
Chain 2: Iteration: 5400 / 6000 [ 90%]  (Sampling)
Chain 2: Iteration: 6000 / 6000 [100%]  (Sampling)
Chain 2: 
Chain 2:  Elapsed Time: 94.91 seconds (Warm-up)
Chain 2:                469.82 seconds (Sampling)
Chain 2:                564.73 seconds (Total)
Chain 2: 

SAMPLING FOR MODEL '2f8b09025defe902a4bedd6307763397' NOW (CHAIN 3).
Chain 3: 
Chain 3: Gradient evaluation took 0 seconds
Chain 3: 1000 transitions using 10 leapfrog steps per transition would take 0 seconds.
Chain 3: Adjust your expectations accordingly!
Chain 3: 
Chain 3: 
Chain 3: Iteration:    1 / 6000 [  0%]  (Warmup)
Chain 3: Iteration:  600 / 6000 [ 10%]  (Warmup)
Chain 3: Iteration: 1200 / 6000 [ 20%]  (Warmup)
Chain 3: Iteration: 1201 / 6000 [ 20%]  (Sampling)
Chain 3: Iteration: 1800 / 6000 [ 30%]  (Sampling)
Chain 3: Iteration: 2400 / 6000 [ 40%]  (Sampling)
Chain 3: Iteration: 3000 / 6000 [ 50%]  (Sampling)
Chain 3: Iteration: 3600 / 6000 [ 60%]  (Sampling)
Chain 3: Iteration: 4200 / 6000 [ 70%]  (Sampling)
Chain 3: Iteration: 4800 / 6000 [ 80%]  (Sampling)
Chain 3: Iteration: 5400 / 6000 [ 90%]  (Sampling)
Chain 3: Iteration: 6000 / 6000 [100%]  (Sampling)
Chain 3: 
Chain 3:  Elapsed Time: 87.24 seconds (Warm-up)
Chain 3:                506.46 seconds (Sampling)
Chain 3:                593.7 seconds (Total)
Chain 3: 
boundary (singular) fit: see ?isSingular
[1] "everything worked: 1 phen 1"
boundary (singular) fit: see ?isSingular
[1] "everything worked: 2 phen 1"
boundary (singular) fit: see ?isSingular
[1] "everything worked: 3 phen 1"
boundary (singular) fit: see ?isSingular
[1] "everything worked: 4 phen 1"
boundary (singular) fit: see ?isSingular
[1] "everything worked: 5 phen 1"
[1] "everything worked: 6 phen 1"
boundary (singular) fit: see ?isSingular
[1] "everything worked: 7 phen 1"
boundary (singular) fit: see ?isSingular
[1] "everything worked: 8 phen 1"

SAMPLING FOR MODEL '2f8b09025defe902a4bedd6307763397' NOW (CHAIN 1).
Chain 1: 
Chain 1: Gradient evaluation took 0 seconds
Chain 1: 1000 transitions using 10 leapfrog steps per transition would take 0 seconds.
Chain 1: Adjust your expectations accordingly!
Chain 1: 
Chain 1: 
Chain 1: Iteration:    1 / 6000 [  0%]  (Warmup)
Chain 1: Iteration:  600 / 6000 [ 10%]  (Warmup)
Chain 1: Iteration: 1200 / 6000 [ 20%]  (Warmup)
Chain 1: Iteration: 1201 / 6000 [ 20%]  (Sampling)
Chain 1: Iteration: 1800 / 6000 [ 30%]  (Sampling)
Chain 1: Iteration: 2400 / 6000 [ 40%]  (Sampling)
Chain 1: Iteration: 3000 / 6000 [ 50%]  (Sampling)
Chain 1: Iteration: 3600 / 6000 [ 60%]  (Sampling)
Chain 1: Iteration: 4200 / 6000 [ 70%]  (Sampling)
Chain 1: Iteration: 4800 / 6000 [ 80%]  (Sampling)
Chain 1: Iteration: 5400 / 6000 [ 90%]  (Sampling)
Chain 1: Iteration: 6000 / 6000 [100%]  (Sampling)
Chain 1: 
Chain 1:  Elapsed Time: 88.09 seconds (Warm-up)
Chain 1:                458.47 seconds (Sampling)
Chain 1:                546.56 seconds (Total)
Chain 1: 

SAMPLING FOR MODEL '2f8b09025defe902a4bedd6307763397' NOW (CHAIN 2).
Chain 2: 
Chain 2: Gradient evaluation took 0 seconds
Chain 2: 1000 transitions using 10 leapfrog steps per transition would take 0 seconds.
Chain 2: Adjust your expectations accordingly!
Chain 2: 
Chain 2: 
Chain 2: Iteration:    1 / 6000 [  0%]  (Warmup)
Chain 2: Iteration:  600 / 6000 [ 10%]  (Warmup)
Chain 2: Iteration: 1200 / 6000 [ 20%]  (Warmup)
Chain 2: Iteration: 1201 / 6000 [ 20%]  (Sampling)
Chain 2: Iteration: 1800 / 6000 [ 30%]  (Sampling)
Chain 2: Iteration: 2400 / 6000 [ 40%]  (Sampling)
Chain 2: Iteration: 3000 / 6000 [ 50%]  (Sampling)
Chain 2: Iteration: 3600 / 6000 [ 60%]  (Sampling)
Chain 2: Iteration: 4200 / 6000 [ 70%]  (Sampling)
Chain 2: Iteration: 4800 / 6000 [ 80%]  (Sampling)
Chain 2: Iteration: 5400 / 6000 [ 90%]  (Sampling)
Chain 2: Iteration: 6000 / 6000 [100%]  (Sampling)
Chain 2: 
Chain 2:  Elapsed Time: 99.01 seconds (Warm-up)
Chain 2:                364.03 seconds (Sampling)
Chain 2:                463.04 seconds (Total)
Chain 2: 

SAMPLING FOR MODEL '2f8b09025defe902a4bedd6307763397' NOW (CHAIN 3).
Chain 3: 
Chain 3: Gradient evaluation took 0 seconds
Chain 3: 1000 transitions using 10 leapfrog steps per transition would take 0 seconds.
Chain 3: Adjust your expectations accordingly!
Chain 3: 
Chain 3: 
Chain 3: Iteration:    1 / 6000 [  0%]  (Warmup)
Chain 3: Iteration:  600 / 6000 [ 10%]  (Warmup)
Chain 3: Iteration: 1200 / 6000 [ 20%]  (Warmup)
Chain 3: Iteration: 1201 / 6000 [ 20%]  (Sampling)
Chain 3: Iteration: 1800 / 6000 [ 30%]  (Sampling)
Chain 3: Iteration: 2400 / 6000 [ 40%]  (Sampling)
Chain 3: Iteration: 3000 / 6000 [ 50%]  (Sampling)
Chain 3: Iteration: 3600 / 6000 [ 60%]  (Sampling)
Chain 3: Iteration: 4200 / 6000 [ 70%]  (Sampling)
Chain 3: Iteration: 4800 / 6000 [ 80%]  (Sampling)
Chain 3: Iteration: 5400 / 6000 [ 90%]  (Sampling)
Chain 3: Iteration: 6000 / 6000 [100%]  (Sampling)
Chain 3: 
Chain 3:  Elapsed Time: 76.42 seconds (Warm-up)
Chain 3:                375.15 seconds (Sampling)
Chain 3:                451.57 seconds (Total)
Chain 3: 
Error in `[.data.frame`(data, , phen[j]) : undefined columns selected
Calls: lapply ... BC.model -> [ -> [.data.frame -> which -> [ -> [.data.frame
In addition: There were 46 warnings (use warnings() to see them)
Execution halted
