── Attaching packages ─────────────────────────────────────── tidyverse 1.3.0 ──
✔ ggplot2 3.3.2     ✔ purrr   0.3.4
✔ tibble  3.0.4     ✔ dplyr   1.0.2
✔ tidyr   1.1.2     ✔ stringr 1.4.0
✔ readr   1.4.0     ✔ forcats 0.4.0
── Conflicts ────────────────────────────────────────── tidyverse_conflicts() ──
✖ dplyr::filter() masks stats::filter()
✖ dplyr::lag()    masks stats::lag()
Loading required package: StanHeaders
rstan (Version 2.21.2, GitRev: 2e1f913d3ca3)
For execution on a local, multicore CPU with excess RAM we recommend calling
options(mc.cores = parallel::detectCores()).
To avoid recompilation of unchanged Stan programs, we recommend calling
rstan_options(auto_write = TRUE)

Attaching package: ‘rstan’

The following object is masked from ‘package:tidyr’:

    extract


Attaching package: ‘data.table’

The following objects are masked from ‘package:dplyr’:

    between, first, last

The following object is masked from ‘package:purrr’:

    transpose

Loading required package: lme4
Loading required package: Matrix

Attaching package: ‘Matrix’

The following objects are masked from ‘package:tidyr’:

    expand, pack, unpack

Loading required package: methods

Attaching package: ‘lmerTest’

The following object is masked from ‘package:lme4’:

    lmer

The following object is masked from ‘package:stats’:

    step

Loading required package: carData

Attaching package: ‘car’

The following object is masked from ‘package:dplyr’:

    recode

The following object is masked from ‘package:purrr’:

    some

Loading required package: coda

Attaching package: ‘coda’

The following object is masked from ‘package:rstan’:

    traceplot

Linked to JAGS 4.3.0
Loaded modules: basemod,bugs
[1] "101 110"
boundary (singular) fit: see ?isSingular
[1] "everything worked: 1 phen 1"
boundary (singular) fit: see ?isSingular
[1] "everything worked: 2 phen 1"
boundary (singular) fit: see ?isSingular
[1] "everything worked: 3 phen 1"
boundary (singular) fit: see ?isSingular
[1] "everything worked: 4 phen 1"
boundary (singular) fit: see ?isSingular
[1] "everything worked: 5 phen 1"
boundary (singular) fit: see ?isSingular
[1] "everything worked: 6 phen 1"
boundary (singular) fit: see ?isSingular
[1] "everything worked: 7 phen 1"
boundary (singular) fit: see ?isSingular
[1] "everything worked: 8 phen 1"

SAMPLING FOR MODEL '2f8b09025defe902a4bedd6307763397' NOW (CHAIN 1).
Chain 1: 
Chain 1: Gradient evaluation took 0 seconds
Chain 1: 1000 transitions using 10 leapfrog steps per transition would take 0 seconds.
Chain 1: Adjust your expectations accordingly!
Chain 1: 
Chain 1: 
Chain 1: Iteration:    1 / 6000 [  0%]  (Warmup)
Chain 1: Iteration:  600 / 6000 [ 10%]  (Warmup)
Chain 1: Iteration: 1200 / 6000 [ 20%]  (Warmup)
Chain 1: Iteration: 1201 / 6000 [ 20%]  (Sampling)
Chain 1: Iteration: 1800 / 6000 [ 30%]  (Sampling)
Chain 1: Iteration: 2400 / 6000 [ 40%]  (Sampling)
Chain 1: Iteration: 3000 / 6000 [ 50%]  (Sampling)
Chain 1: Iteration: 3600 / 6000 [ 60%]  (Sampling)
Chain 1: Iteration: 4200 / 6000 [ 70%]  (Sampling)
Chain 1: Iteration: 4800 / 6000 [ 80%]  (Sampling)
Chain 1: Iteration: 5400 / 6000 [ 90%]  (Sampling)
Chain 1: Iteration: 6000 / 6000 [100%]  (Sampling)
Chain 1: 
Chain 1:  Elapsed Time: 61.21 seconds (Warm-up)
Chain 1:                257.29 seconds (Sampling)
Chain 1:                318.5 seconds (Total)
Chain 1: 

SAMPLING FOR MODEL '2f8b09025defe902a4bedd6307763397' NOW (CHAIN 2).
Chain 2: 
Chain 2: Gradient evaluation took 0 seconds
Chain 2: 1000 transitions using 10 leapfrog steps per transition would take 0 seconds.
Chain 2: Adjust your expectations accordingly!
Chain 2: 
Chain 2: 
Chain 2: Iteration:    1 / 6000 [  0%]  (Warmup)
Chain 2: Iteration:  600 / 6000 [ 10%]  (Warmup)
Chain 2: Iteration: 1200 / 6000 [ 20%]  (Warmup)
Chain 2: Iteration: 1201 / 6000 [ 20%]  (Sampling)
Chain 2: Iteration: 1800 / 6000 [ 30%]  (Sampling)
Chain 2: Iteration: 2400 / 6000 [ 40%]  (Sampling)
Chain 2: Iteration: 3000 / 6000 [ 50%]  (Sampling)
Chain 2: Iteration: 3600 / 6000 [ 60%]  (Sampling)
Chain 2: Iteration: 4200 / 6000 [ 70%]  (Sampling)
Chain 2: Iteration: 4800 / 6000 [ 80%]  (Sampling)
Chain 2: Iteration: 5400 / 6000 [ 90%]  (Sampling)
Chain 2: Iteration: 6000 / 6000 [100%]  (Sampling)
Chain 2: 
Chain 2:  Elapsed Time: 53.27 seconds (Warm-up)
Chain 2:                304.33 seconds (Sampling)
Chain 2:                357.6 seconds (Total)
Chain 2: 

SAMPLING FOR MODEL '2f8b09025defe902a4bedd6307763397' NOW (CHAIN 3).
Chain 3: 
Chain 3: Gradient evaluation took 0 seconds
Chain 3: 1000 transitions using 10 leapfrog steps per transition would take 0 seconds.
Chain 3: Adjust your expectations accordingly!
Chain 3: 
Chain 3: 
Chain 3: Iteration:    1 / 6000 [  0%]  (Warmup)
Chain 3: Iteration:  600 / 6000 [ 10%]  (Warmup)
Chain 3: Iteration: 1200 / 6000 [ 20%]  (Warmup)
Chain 3: Iteration: 1201 / 6000 [ 20%]  (Sampling)
Chain 3: Iteration: 1800 / 6000 [ 30%]  (Sampling)
Chain 3: Iteration: 2400 / 6000 [ 40%]  (Sampling)
Chain 3: Iteration: 3000 / 6000 [ 50%]  (Sampling)
Chain 3: Iteration: 3600 / 6000 [ 60%]  (Sampling)
Chain 3: Iteration: 4200 / 6000 [ 70%]  (Sampling)
Chain 3: Iteration: 4800 / 6000 [ 80%]  (Sampling)
Chain 3: Iteration: 5400 / 6000 [ 90%]  (Sampling)
Chain 3: Iteration: 6000 / 6000 [100%]  (Sampling)
Chain 3: 
Chain 3:  Elapsed Time: 69.59 seconds (Warm-up)
Chain 3:                314.08 seconds (Sampling)
Chain 3:                383.67 seconds (Total)
Chain 3: 
boundary (singular) fit: see ?isSingular
[1] "everything worked: 1 phen 1"
boundary (singular) fit: see ?isSingular
[1] "everything worked: 2 phen 1"
boundary (singular) fit: see ?isSingular
[1] "everything worked: 3 phen 1"
boundary (singular) fit: see ?isSingular
[1] "everything worked: 4 phen 1"
[1] "everything worked: 5 phen 1"
[1] "everything worked: 6 phen 1"
[1] "everything worked: 7 phen 1"
[1] "everything worked: 8 phen 1"

SAMPLING FOR MODEL '2f8b09025defe902a4bedd6307763397' NOW (CHAIN 1).
Chain 1: 
Chain 1: Gradient evaluation took 0 seconds
Chain 1: 1000 transitions using 10 leapfrog steps per transition would take 0 seconds.
Chain 1: Adjust your expectations accordingly!
Chain 1: 
Chain 1: 
Chain 1: Iteration:    1 / 6000 [  0%]  (Warmup)
Chain 1: Iteration:  600 / 6000 [ 10%]  (Warmup)
Chain 1: Iteration: 1200 / 6000 [ 20%]  (Warmup)
Chain 1: Iteration: 1201 / 6000 [ 20%]  (Sampling)
Chain 1: Iteration: 1800 / 6000 [ 30%]  (Sampling)
Chain 1: Iteration: 2400 / 6000 [ 40%]  (Sampling)
Chain 1: Iteration: 3000 / 6000 [ 50%]  (Sampling)
Chain 1: Iteration: 3600 / 6000 [ 60%]  (Sampling)
Chain 1: Iteration: 4200 / 6000 [ 70%]  (Sampling)
Chain 1: Iteration: 4800 / 6000 [ 80%]  (Sampling)
Chain 1: Iteration: 5400 / 6000 [ 90%]  (Sampling)
Chain 1: Iteration: 6000 / 6000 [100%]  (Sampling)
Chain 1: 
Chain 1:  Elapsed Time: 68.27 seconds (Warm-up)
Chain 1:                336.49 seconds (Sampling)
Chain 1:                404.76 seconds (Total)
Chain 1: 

SAMPLING FOR MODEL '2f8b09025defe902a4bedd6307763397' NOW (CHAIN 2).
Chain 2: 
Chain 2: Gradient evaluation took 0 seconds
Chain 2: 1000 transitions using 10 leapfrog steps per transition would take 0 seconds.
Chain 2: Adjust your expectations accordingly!
Chain 2: 
Chain 2: 
Chain 2: Iteration:    1 / 6000 [  0%]  (Warmup)
Chain 2: Iteration:  600 / 6000 [ 10%]  (Warmup)
Chain 2: Iteration: 1200 / 6000 [ 20%]  (Warmup)
Chain 2: Iteration: 1201 / 6000 [ 20%]  (Sampling)
Chain 2: Iteration: 1800 / 6000 [ 30%]  (Sampling)
Chain 2: Iteration: 2400 / 6000 [ 40%]  (Sampling)
Chain 2: Iteration: 3000 / 6000 [ 50%]  (Sampling)
Chain 2: Iteration: 3600 / 6000 [ 60%]  (Sampling)
Chain 2: Iteration: 4200 / 6000 [ 70%]  (Sampling)
Chain 2: Iteration: 4800 / 6000 [ 80%]  (Sampling)
Chain 2: Iteration: 5400 / 6000 [ 90%]  (Sampling)
Chain 2: Iteration: 6000 / 6000 [100%]  (Sampling)
Chain 2: 
Chain 2:  Elapsed Time: 60.97 seconds (Warm-up)
Chain 2:                294.21 seconds (Sampling)
Chain 2:                355.18 seconds (Total)
Chain 2: 

SAMPLING FOR MODEL '2f8b09025defe902a4bedd6307763397' NOW (CHAIN 3).
Chain 3: 
Chain 3: Gradient evaluation took 0 seconds
Chain 3: 1000 transitions using 10 leapfrog steps per transition would take 0 seconds.
Chain 3: Adjust your expectations accordingly!
Chain 3: 
Chain 3: 
Chain 3: Iteration:    1 / 6000 [  0%]  (Warmup)
Chain 3: Iteration:  600 / 6000 [ 10%]  (Warmup)
Chain 3: Iteration: 1200 / 6000 [ 20%]  (Warmup)
Chain 3: Iteration: 1201 / 6000 [ 20%]  (Sampling)
Chain 3: Iteration: 1800 / 6000 [ 30%]  (Sampling)
Chain 3: Iteration: 2400 / 6000 [ 40%]  (Sampling)
Chain 3: Iteration: 3000 / 6000 [ 50%]  (Sampling)
Chain 3: Iteration: 3600 / 6000 [ 60%]  (Sampling)
Chain 3: Iteration: 4200 / 6000 [ 70%]  (Sampling)
Chain 3: Iteration: 4800 / 6000 [ 80%]  (Sampling)
Chain 3: Iteration: 5400 / 6000 [ 90%]  (Sampling)
Chain 3: Iteration: 6000 / 6000 [100%]  (Sampling)
Chain 3: 
Chain 3:  Elapsed Time: 78.56 seconds (Warm-up)
Chain 3:                358.77 seconds (Sampling)
Chain 3:                437.33 seconds (Total)
Chain 3: 
boundary (singular) fit: see ?isSingular
[1] "everything worked: 1 phen 1"
boundary (singular) fit: see ?isSingular
[1] "everything worked: 2 phen 1"
[1] "everything worked: 3 phen 1"
[1] "everything worked: 4 phen 1"
[1] "everything worked: 5 phen 1"
[1] "everything worked: 6 phen 1"
boundary (singular) fit: see ?isSingular
[1] "everything worked: 7 phen 1"
boundary (singular) fit: see ?isSingular
[1] "everything worked: 8 phen 1"

SAMPLING FOR MODEL '2f8b09025defe902a4bedd6307763397' NOW (CHAIN 1).
Chain 1: 
Chain 1: Gradient evaluation took 0 seconds
Chain 1: 1000 transitions using 10 leapfrog steps per transition would take 0 seconds.
Chain 1: Adjust your expectations accordingly!
Chain 1: 
Chain 1: 
Chain 1: Iteration:    1 / 6000 [  0%]  (Warmup)
Chain 1: Iteration:  600 / 6000 [ 10%]  (Warmup)
Chain 1: Iteration: 1200 / 6000 [ 20%]  (Warmup)
Chain 1: Iteration: 1201 / 6000 [ 20%]  (Sampling)
Chain 1: Iteration: 1800 / 6000 [ 30%]  (Sampling)
Chain 1: Iteration: 2400 / 6000 [ 40%]  (Sampling)
Chain 1: Iteration: 3000 / 6000 [ 50%]  (Sampling)
Chain 1: Iteration: 3600 / 6000 [ 60%]  (Sampling)
Chain 1: Iteration: 4200 / 6000 [ 70%]  (Sampling)
Chain 1: Iteration: 4800 / 6000 [ 80%]  (Sampling)
Chain 1: Iteration: 5400 / 6000 [ 90%]  (Sampling)
Chain 1: Iteration: 6000 / 6000 [100%]  (Sampling)
Chain 1: 
Chain 1:  Elapsed Time: 49.52 seconds (Warm-up)
Chain 1:                336.23 seconds (Sampling)
Chain 1:                385.75 seconds (Total)
Chain 1: 

SAMPLING FOR MODEL '2f8b09025defe902a4bedd6307763397' NOW (CHAIN 2).
Chain 2: 
Chain 2: Gradient evaluation took 0 seconds
Chain 2: 1000 transitions using 10 leapfrog steps per transition would take 0 seconds.
Chain 2: Adjust your expectations accordingly!
Chain 2: 
Chain 2: 
Chain 2: Iteration:    1 / 6000 [  0%]  (Warmup)
Chain 2: Iteration:  600 / 6000 [ 10%]  (Warmup)
Chain 2: Iteration: 1200 / 6000 [ 20%]  (Warmup)
Chain 2: Iteration: 1201 / 6000 [ 20%]  (Sampling)
Chain 2: Iteration: 1800 / 6000 [ 30%]  (Sampling)
Chain 2: Iteration: 2400 / 6000 [ 40%]  (Sampling)
Chain 2: Iteration: 3000 / 6000 [ 50%]  (Sampling)
Chain 2: Iteration: 3600 / 6000 [ 60%]  (Sampling)
Chain 2: Iteration: 4200 / 6000 [ 70%]  (Sampling)
Chain 2: Iteration: 4800 / 6000 [ 80%]  (Sampling)
Chain 2: Iteration: 5400 / 6000 [ 90%]  (Sampling)
Chain 2: Iteration: 6000 / 6000 [100%]  (Sampling)
Chain 2: 
Chain 2:  Elapsed Time: 46.2 seconds (Warm-up)
Chain 2:                279.09 seconds (Sampling)
Chain 2:                325.29 seconds (Total)
Chain 2: 

SAMPLING FOR MODEL '2f8b09025defe902a4bedd6307763397' NOW (CHAIN 3).
Chain 3: 
Chain 3: Gradient evaluation took 0 seconds
Chain 3: 1000 transitions using 10 leapfrog steps per transition would take 0 seconds.
Chain 3: Adjust your expectations accordingly!
Chain 3: 
Chain 3: 
Chain 3: Iteration:    1 / 6000 [  0%]  (Warmup)
Chain 3: Iteration:  600 / 6000 [ 10%]  (Warmup)
Chain 3: Iteration: 1200 / 6000 [ 20%]  (Warmup)
Chain 3: Iteration: 1201 / 6000 [ 20%]  (Sampling)
Chain 3: Iteration: 1800 / 6000 [ 30%]  (Sampling)
Chain 3: Iteration: 2400 / 6000 [ 40%]  (Sampling)
Chain 3: Iteration: 3000 / 6000 [ 50%]  (Sampling)
Chain 3: Iteration: 3600 / 6000 [ 60%]  (Sampling)
Chain 3: Iteration: 4200 / 6000 [ 70%]  (Sampling)
Chain 3: Iteration: 4800 / 6000 [ 80%]  (Sampling)
Chain 3: Iteration: 5400 / 6000 [ 90%]  (Sampling)
Chain 3: Iteration: 6000 / 6000 [100%]  (Sampling)
Chain 3: 
Chain 3:  Elapsed Time: 57.36 seconds (Warm-up)
Chain 3:                300.59 seconds (Sampling)
Chain 3:                357.95 seconds (Total)
Chain 3: 
boundary (singular) fit: see ?isSingular
[1] "everything worked: 1 phen 1"
boundary (singular) fit: see ?isSingular
[1] "everything worked: 2 phen 1"
boundary (singular) fit: see ?isSingular
[1] "everything worked: 3 phen 1"
boundary (singular) fit: see ?isSingular
[1] "everything worked: 4 phen 1"
boundary (singular) fit: see ?isSingular
[1] "everything worked: 5 phen 1"
boundary (singular) fit: see ?isSingular
[1] "everything worked: 6 phen 1"
boundary (singular) fit: see ?isSingular
[1] "everything worked: 7 phen 1"
boundary (singular) fit: see ?isSingular
[1] "everything worked: 8 phen 1"

SAMPLING FOR MODEL '2f8b09025defe902a4bedd6307763397' NOW (CHAIN 1).
Chain 1: 
Chain 1: Gradient evaluation took 0 seconds
Chain 1: 1000 transitions using 10 leapfrog steps per transition would take 0 seconds.
Chain 1: Adjust your expectations accordingly!
Chain 1: 
Chain 1: 
Chain 1: Iteration:    1 / 6000 [  0%]  (Warmup)
Chain 1: Iteration:  600 / 6000 [ 10%]  (Warmup)
Chain 1: Iteration: 1200 / 6000 [ 20%]  (Warmup)
Chain 1: Iteration: 1201 / 6000 [ 20%]  (Sampling)
Chain 1: Iteration: 1800 / 6000 [ 30%]  (Sampling)
Chain 1: Iteration: 2400 / 6000 [ 40%]  (Sampling)
Chain 1: Iteration: 3000 / 6000 [ 50%]  (Sampling)
Chain 1: Iteration: 3600 / 6000 [ 60%]  (Sampling)
Chain 1: Iteration: 4200 / 6000 [ 70%]  (Sampling)
Chain 1: Iteration: 4800 / 6000 [ 80%]  (Sampling)
Chain 1: Iteration: 5400 / 6000 [ 90%]  (Sampling)
Chain 1: Iteration: 6000 / 6000 [100%]  (Sampling)
Chain 1: 
Chain 1:  Elapsed Time: 48.45 seconds (Warm-up)
Chain 1:                290.12 seconds (Sampling)
Chain 1:                338.57 seconds (Total)
Chain 1: 

SAMPLING FOR MODEL '2f8b09025defe902a4bedd6307763397' NOW (CHAIN 2).
Chain 2: 
Chain 2: Gradient evaluation took 0 seconds
Chain 2: 1000 transitions using 10 leapfrog steps per transition would take 0 seconds.
Chain 2: Adjust your expectations accordingly!
Chain 2: 
Chain 2: 
Chain 2: Iteration:    1 / 6000 [  0%]  (Warmup)
Chain 2: Iteration:  600 / 6000 [ 10%]  (Warmup)
Chain 2: Iteration: 1200 / 6000 [ 20%]  (Warmup)
Chain 2: Iteration: 1201 / 6000 [ 20%]  (Sampling)
Chain 2: Iteration: 1800 / 6000 [ 30%]  (Sampling)
Chain 2: Iteration: 2400 / 6000 [ 40%]  (Sampling)
Chain 2: Iteration: 3000 / 6000 [ 50%]  (Sampling)
Chain 2: Iteration: 3600 / 6000 [ 60%]  (Sampling)
Chain 2: Iteration: 4200 / 6000 [ 70%]  (Sampling)
Chain 2: Iteration: 4800 / 6000 [ 80%]  (Sampling)
Chain 2: Iteration: 5400 / 6000 [ 90%]  (Sampling)
Chain 2: Iteration: 6000 / 6000 [100%]  (Sampling)
Chain 2: 
Chain 2:  Elapsed Time: 46.64 seconds (Warm-up)
Chain 2:                235.29 seconds (Sampling)
Chain 2:                281.93 seconds (Total)
Chain 2: 

SAMPLING FOR MODEL '2f8b09025defe902a4bedd6307763397' NOW (CHAIN 3).
Chain 3: 
Chain 3: Gradient evaluation took 0 seconds
Chain 3: 1000 transitions using 10 leapfrog steps per transition would take 0 seconds.
Chain 3: Adjust your expectations accordingly!
Chain 3: 
Chain 3: 
Chain 3: Iteration:    1 / 6000 [  0%]  (Warmup)
Chain 3: Iteration:  600 / 6000 [ 10%]  (Warmup)
Chain 3: Iteration: 1200 / 6000 [ 20%]  (Warmup)
Chain 3: Iteration: 1201 / 6000 [ 20%]  (Sampling)
Chain 3: Iteration: 1800 / 6000 [ 30%]  (Sampling)
Chain 3: Iteration: 2400 / 6000 [ 40%]  (Sampling)
Chain 3: Iteration: 3000 / 6000 [ 50%]  (Sampling)
Chain 3: Iteration: 3600 / 6000 [ 60%]  (Sampling)
Chain 3: Iteration: 4200 / 6000 [ 70%]  (Sampling)
Chain 3: Iteration: 4800 / 6000 [ 80%]  (Sampling)
Chain 3: Iteration: 5400 / 6000 [ 90%]  (Sampling)
Chain 3: Iteration: 6000 / 6000 [100%]  (Sampling)
Chain 3: 
Chain 3:  Elapsed Time: 56.68 seconds (Warm-up)
Chain 3:                332.33 seconds (Sampling)
Chain 3:                389.01 seconds (Total)
Chain 3: 
boundary (singular) fit: see ?isSingular
[1] "everything worked: 1 phen 1"
boundary (singular) fit: see ?isSingular
[1] "everything worked: 2 phen 1"
boundary (singular) fit: see ?isSingular
[1] "everything worked: 3 phen 1"
boundary (singular) fit: see ?isSingular
[1] "everything worked: 4 phen 1"
boundary (singular) fit: see ?isSingular
[1] "everything worked: 5 phen 1"
boundary (singular) fit: see ?isSingular
[1] "everything worked: 6 phen 1"
[1] "everything worked: 7 phen 1"
[1] "everything worked: 8 phen 1"

SAMPLING FOR MODEL '2f8b09025defe902a4bedd6307763397' NOW (CHAIN 1).
Chain 1: 
Chain 1: Gradient evaluation took 0 seconds
Chain 1: 1000 transitions using 10 leapfrog steps per transition would take 0 seconds.
Chain 1: Adjust your expectations accordingly!
Chain 1: 
Chain 1: 
Chain 1: Iteration:    1 / 6000 [  0%]  (Warmup)
Chain 1: Iteration:  600 / 6000 [ 10%]  (Warmup)
Chain 1: Iteration: 1200 / 6000 [ 20%]  (Warmup)
Chain 1: Iteration: 1201 / 6000 [ 20%]  (Sampling)
Chain 1: Iteration: 1800 / 6000 [ 30%]  (Sampling)
Chain 1: Iteration: 2400 / 6000 [ 40%]  (Sampling)
Chain 1: Iteration: 3000 / 6000 [ 50%]  (Sampling)
Chain 1: Iteration: 3600 / 6000 [ 60%]  (Sampling)
Chain 1: Iteration: 4200 / 6000 [ 70%]  (Sampling)
Chain 1: Iteration: 4800 / 6000 [ 80%]  (Sampling)
Chain 1: Iteration: 5400 / 6000 [ 90%]  (Sampling)
Chain 1: Iteration: 6000 / 6000 [100%]  (Sampling)
Chain 1: 
Chain 1:  Elapsed Time: 49.73 seconds (Warm-up)
Chain 1:                308.77 seconds (Sampling)
Chain 1:                358.5 seconds (Total)
Chain 1: 

SAMPLING FOR MODEL '2f8b09025defe902a4bedd6307763397' NOW (CHAIN 2).
Chain 2: 
Chain 2: Gradient evaluation took 0 seconds
Chain 2: 1000 transitions using 10 leapfrog steps per transition would take 0 seconds.
Chain 2: Adjust your expectations accordingly!
Chain 2: 
Chain 2: 
Chain 2: Iteration:    1 / 6000 [  0%]  (Warmup)
Chain 2: Iteration:  600 / 6000 [ 10%]  (Warmup)
Chain 2: Iteration: 1200 / 6000 [ 20%]  (Warmup)
Chain 2: Iteration: 1201 / 6000 [ 20%]  (Sampling)
Chain 2: Iteration: 1800 / 6000 [ 30%]  (Sampling)
Chain 2: Iteration: 2400 / 6000 [ 40%]  (Sampling)
Chain 2: Iteration: 3000 / 6000 [ 50%]  (Sampling)
Chain 2: Iteration: 3600 / 6000 [ 60%]  (Sampling)
Chain 2: Iteration: 4200 / 6000 [ 70%]  (Sampling)
Chain 2: Iteration: 4800 / 6000 [ 80%]  (Sampling)
Chain 2: Iteration: 5400 / 6000 [ 90%]  (Sampling)
Chain 2: Iteration: 6000 / 6000 [100%]  (Sampling)
Chain 2: 
Chain 2:  Elapsed Time: 58.13 seconds (Warm-up)
Chain 2:                253.1 seconds (Sampling)
Chain 2:                311.23 seconds (Total)
Chain 2: 

SAMPLING FOR MODEL '2f8b09025defe902a4bedd6307763397' NOW (CHAIN 3).
Chain 3: 
Chain 3: Gradient evaluation took 0 seconds
Chain 3: 1000 transitions using 10 leapfrog steps per transition would take 0 seconds.
Chain 3: Adjust your expectations accordingly!
Chain 3: 
Chain 3: 
Chain 3: Iteration:    1 / 6000 [  0%]  (Warmup)
Chain 3: Iteration:  600 / 6000 [ 10%]  (Warmup)
Chain 3: Iteration: 1200 / 6000 [ 20%]  (Warmup)
Chain 3: Iteration: 1201 / 6000 [ 20%]  (Sampling)
Chain 3: Iteration: 1800 / 6000 [ 30%]  (Sampling)
Chain 3: Iteration: 2400 / 6000 [ 40%]  (Sampling)
Chain 3: Iteration: 3000 / 6000 [ 50%]  (Sampling)
Chain 3: Iteration: 3600 / 6000 [ 60%]  (Sampling)
Chain 3: Iteration: 4200 / 6000 [ 70%]  (Sampling)
Chain 3: Iteration: 4800 / 6000 [ 80%]  (Sampling)
Chain 3: Iteration: 5400 / 6000 [ 90%]  (Sampling)
Chain 3: Iteration: 6000 / 6000 [100%]  (Sampling)
Chain 3: 
Chain 3:  Elapsed Time: 54.26 seconds (Warm-up)
Chain 3:                320.38 seconds (Sampling)
Chain 3:                374.64 seconds (Total)
Chain 3: 
[1] "everything worked: 1 phen 1"
boundary (singular) fit: see ?isSingular
[1] "everything worked: 2 phen 1"
boundary (singular) fit: see ?isSingular
[1] "everything worked: 3 phen 1"
[1] "everything worked: 4 phen 1"
boundary (singular) fit: see ?isSingular
[1] "everything worked: 5 phen 1"
boundary (singular) fit: see ?isSingular
[1] "everything worked: 6 phen 1"
boundary (singular) fit: see ?isSingular
[1] "everything worked: 7 phen 1"
boundary (singular) fit: see ?isSingular
[1] "everything worked: 8 phen 1"

SAMPLING FOR MODEL '2f8b09025defe902a4bedd6307763397' NOW (CHAIN 1).
Chain 1: 
Chain 1: Gradient evaluation took 0 seconds
Chain 1: 1000 transitions using 10 leapfrog steps per transition would take 0 seconds.
Chain 1: Adjust your expectations accordingly!
Chain 1: 
Chain 1: 
Chain 1: Iteration:    1 / 6000 [  0%]  (Warmup)
Chain 1: Iteration:  600 / 6000 [ 10%]  (Warmup)
Chain 1: Iteration: 1200 / 6000 [ 20%]  (Warmup)
Chain 1: Iteration: 1201 / 6000 [ 20%]  (Sampling)
Chain 1: Iteration: 1800 / 6000 [ 30%]  (Sampling)
Chain 1: Iteration: 2400 / 6000 [ 40%]  (Sampling)
Chain 1: Iteration: 3000 / 6000 [ 50%]  (Sampling)
Chain 1: Iteration: 3600 / 6000 [ 60%]  (Sampling)
Chain 1: Iteration: 4200 / 6000 [ 70%]  (Sampling)
Chain 1: Iteration: 4800 / 6000 [ 80%]  (Sampling)
Chain 1: Iteration: 5400 / 6000 [ 90%]  (Sampling)
Chain 1: Iteration: 6000 / 6000 [100%]  (Sampling)
Chain 1: 
Chain 1:  Elapsed Time: 54.3 seconds (Warm-up)
Chain 1:                354.34 seconds (Sampling)
Chain 1:                408.64 seconds (Total)
Chain 1: 

SAMPLING FOR MODEL '2f8b09025defe902a4bedd6307763397' NOW (CHAIN 2).
Chain 2: 
Chain 2: Gradient evaluation took 0 seconds
Chain 2: 1000 transitions using 10 leapfrog steps per transition would take 0 seconds.
Chain 2: Adjust your expectations accordingly!
Chain 2: 
Chain 2: 
Chain 2: Iteration:    1 / 6000 [  0%]  (Warmup)
Chain 2: Iteration:  600 / 6000 [ 10%]  (Warmup)
Chain 2: Iteration: 1200 / 6000 [ 20%]  (Warmup)
Chain 2: Iteration: 1201 / 6000 [ 20%]  (Sampling)
Chain 2: Iteration: 1800 / 6000 [ 30%]  (Sampling)
Chain 2: Iteration: 2400 / 6000 [ 40%]  (Sampling)
Chain 2: Iteration: 3000 / 6000 [ 50%]  (Sampling)
Chain 2: Iteration: 3600 / 6000 [ 60%]  (Sampling)
Chain 2: Iteration: 4200 / 6000 [ 70%]  (Sampling)
Chain 2: Iteration: 4800 / 6000 [ 80%]  (Sampling)
Chain 2: Iteration: 5400 / 6000 [ 90%]  (Sampling)
Chain 2: Iteration: 6000 / 6000 [100%]  (Sampling)
Chain 2: 
Chain 2:  Elapsed Time: 56.02 seconds (Warm-up)
Chain 2:                260.43 seconds (Sampling)
Chain 2:                316.45 seconds (Total)
Chain 2: 

SAMPLING FOR MODEL '2f8b09025defe902a4bedd6307763397' NOW (CHAIN 3).
Chain 3: 
Chain 3: Gradient evaluation took 0 seconds
Chain 3: 1000 transitions using 10 leapfrog steps per transition would take 0 seconds.
Chain 3: Adjust your expectations accordingly!
Chain 3: 
Chain 3: 
Chain 3: Iteration:    1 / 6000 [  0%]  (Warmup)
Chain 3: Iteration:  600 / 6000 [ 10%]  (Warmup)
Chain 3: Iteration: 1200 / 6000 [ 20%]  (Warmup)
Chain 3: Iteration: 1201 / 6000 [ 20%]  (Sampling)
Chain 3: Iteration: 1800 / 6000 [ 30%]  (Sampling)
Chain 3: Iteration: 2400 / 6000 [ 40%]  (Sampling)
Chain 3: Iteration: 3000 / 6000 [ 50%]  (Sampling)
Chain 3: Iteration: 3600 / 6000 [ 60%]  (Sampling)
Chain 3: Iteration: 4200 / 6000 [ 70%]  (Sampling)
Chain 3: Iteration: 4800 / 6000 [ 80%]  (Sampling)
Chain 3: Iteration: 5400 / 6000 [ 90%]  (Sampling)
Chain 3: Iteration: 6000 / 6000 [100%]  (Sampling)
Chain 3: 
Chain 3:  Elapsed Time: 52.16 seconds (Warm-up)
Chain 3:                317.6 seconds (Sampling)
Chain 3:                369.76 seconds (Total)
Chain 3: 
boundary (singular) fit: see ?isSingular
[1] "everything worked: 1 phen 1"
boundary (singular) fit: see ?isSingular
[1] "everything worked: 2 phen 1"
boundary (singular) fit: see ?isSingular
[1] "everything worked: 3 phen 1"
boundary (singular) fit: see ?isSingular
[1] "everything worked: 4 phen 1"
boundary (singular) fit: see ?isSingular
[1] "everything worked: 5 phen 1"
boundary (singular) fit: see ?isSingular
[1] "everything worked: 6 phen 1"
[1] "everything worked: 7 phen 1"
[1] "everything worked: 8 phen 1"

SAMPLING FOR MODEL '2f8b09025defe902a4bedd6307763397' NOW (CHAIN 1).
Chain 1: 
Chain 1: Gradient evaluation took 0 seconds
Chain 1: 1000 transitions using 10 leapfrog steps per transition would take 0 seconds.
Chain 1: Adjust your expectations accordingly!
Chain 1: 
Chain 1: 
Chain 1: Iteration:    1 / 6000 [  0%]  (Warmup)
Chain 1: Iteration:  600 / 6000 [ 10%]  (Warmup)
Chain 1: Iteration: 1200 / 6000 [ 20%]  (Warmup)
Chain 1: Iteration: 1201 / 6000 [ 20%]  (Sampling)
Chain 1: Iteration: 1800 / 6000 [ 30%]  (Sampling)
Chain 1: Iteration: 2400 / 6000 [ 40%]  (Sampling)
Chain 1: Iteration: 3000 / 6000 [ 50%]  (Sampling)
Chain 1: Iteration: 3600 / 6000 [ 60%]  (Sampling)
Chain 1: Iteration: 4200 / 6000 [ 70%]  (Sampling)
Chain 1: Iteration: 4800 / 6000 [ 80%]  (Sampling)
Chain 1: Iteration: 5400 / 6000 [ 90%]  (Sampling)
Chain 1: Iteration: 6000 / 6000 [100%]  (Sampling)
Chain 1: 
Chain 1:  Elapsed Time: 45.28 seconds (Warm-up)
Chain 1:                281.97 seconds (Sampling)
Chain 1:                327.25 seconds (Total)
Chain 1: 

SAMPLING FOR MODEL '2f8b09025defe902a4bedd6307763397' NOW (CHAIN 2).
Chain 2: 
Chain 2: Gradient evaluation took 0 seconds
Chain 2: 1000 transitions using 10 leapfrog steps per transition would take 0 seconds.
Chain 2: Adjust your expectations accordingly!
Chain 2: 
Chain 2: 
Chain 2: Iteration:    1 / 6000 [  0%]  (Warmup)
Chain 2: Iteration:  600 / 6000 [ 10%]  (Warmup)
Chain 2: Iteration: 1200 / 6000 [ 20%]  (Warmup)
Chain 2: Iteration: 1201 / 6000 [ 20%]  (Sampling)
Chain 2: Iteration: 1800 / 6000 [ 30%]  (Sampling)
Chain 2: Iteration: 2400 / 6000 [ 40%]  (Sampling)
Chain 2: Iteration: 3000 / 6000 [ 50%]  (Sampling)
Chain 2: Iteration: 3600 / 6000 [ 60%]  (Sampling)
Chain 2: Iteration: 4200 / 6000 [ 70%]  (Sampling)
Chain 2: Iteration: 4800 / 6000 [ 80%]  (Sampling)
Chain 2: Iteration: 5400 / 6000 [ 90%]  (Sampling)
Chain 2: Iteration: 6000 / 6000 [100%]  (Sampling)
Chain 2: 
Chain 2:  Elapsed Time: 54.3 seconds (Warm-up)
Chain 2:                284.56 seconds (Sampling)
Chain 2:                338.86 seconds (Total)
Chain 2: 

SAMPLING FOR MODEL '2f8b09025defe902a4bedd6307763397' NOW (CHAIN 3).
Chain 3: 
Chain 3: Gradient evaluation took 0 seconds
Chain 3: 1000 transitions using 10 leapfrog steps per transition would take 0 seconds.
Chain 3: Adjust your expectations accordingly!
Chain 3: 
Chain 3: 
Chain 3: Iteration:    1 / 6000 [  0%]  (Warmup)
Chain 3: Iteration:  600 / 6000 [ 10%]  (Warmup)
Chain 3: Iteration: 1200 / 6000 [ 20%]  (Warmup)
Chain 3: Iteration: 1201 / 6000 [ 20%]  (Sampling)
Chain 3: Iteration: 1800 / 6000 [ 30%]  (Sampling)
Chain 3: Iteration: 2400 / 6000 [ 40%]  (Sampling)
Chain 3: Iteration: 3000 / 6000 [ 50%]  (Sampling)
Chain 3: Iteration: 3600 / 6000 [ 60%]  (Sampling)
Chain 3: Iteration: 4200 / 6000 [ 70%]  (Sampling)
Chain 3: Iteration: 4800 / 6000 [ 80%]  (Sampling)
Chain 3: Iteration: 5400 / 6000 [ 90%]  (Sampling)
Chain 3: Iteration: 6000 / 6000 [100%]  (Sampling)
Chain 3: 
Chain 3:  Elapsed Time: 45.07 seconds (Warm-up)
Chain 3:                269.15 seconds (Sampling)
Chain 3:                314.22 seconds (Total)
Chain 3: 
boundary (singular) fit: see ?isSingular
[1] "everything worked: 1 phen 1"
boundary (singular) fit: see ?isSingular
[1] "everything worked: 2 phen 1"
boundary (singular) fit: see ?isSingular
[1] "everything worked: 3 phen 1"
boundary (singular) fit: see ?isSingular
[1] "everything worked: 4 phen 1"
boundary (singular) fit: see ?isSingular
[1] "everything worked: 5 phen 1"
boundary (singular) fit: see ?isSingular
[1] "everything worked: 6 phen 1"
boundary (singular) fit: see ?isSingular
[1] "everything worked: 7 phen 1"
boundary (singular) fit: see ?isSingular
[1] "everything worked: 8 phen 1"

SAMPLING FOR MODEL '2f8b09025defe902a4bedd6307763397' NOW (CHAIN 1).
Chain 1: 
Chain 1: Gradient evaluation took 0 seconds
Chain 1: 1000 transitions using 10 leapfrog steps per transition would take 0 seconds.
Chain 1: Adjust your expectations accordingly!
Chain 1: 
Chain 1: 
Chain 1: Iteration:    1 / 6000 [  0%]  (Warmup)
Chain 1: Iteration:  600 / 6000 [ 10%]  (Warmup)
Chain 1: Iteration: 1200 / 6000 [ 20%]  (Warmup)
Chain 1: Iteration: 1201 / 6000 [ 20%]  (Sampling)
Chain 1: Iteration: 1800 / 6000 [ 30%]  (Sampling)
Chain 1: Iteration: 2400 / 6000 [ 40%]  (Sampling)
Chain 1: Iteration: 3000 / 6000 [ 50%]  (Sampling)
Chain 1: Iteration: 3600 / 6000 [ 60%]  (Sampling)
Chain 1: Iteration: 4200 / 6000 [ 70%]  (Sampling)
Chain 1: Iteration: 4800 / 6000 [ 80%]  (Sampling)
Chain 1: Iteration: 5400 / 6000 [ 90%]  (Sampling)
Chain 1: Iteration: 6000 / 6000 [100%]  (Sampling)
Chain 1: 
Chain 1:  Elapsed Time: 56.46 seconds (Warm-up)
Chain 1:                240.58 seconds (Sampling)
Chain 1:                297.04 seconds (Total)
Chain 1: 

SAMPLING FOR MODEL '2f8b09025defe902a4bedd6307763397' NOW (CHAIN 2).
Chain 2: 
Chain 2: Gradient evaluation took 0 seconds
Chain 2: 1000 transitions using 10 leapfrog steps per transition would take 0 seconds.
Chain 2: Adjust your expectations accordingly!
Chain 2: 
Chain 2: 
Chain 2: Iteration:    1 / 6000 [  0%]  (Warmup)
Chain 2: Iteration:  600 / 6000 [ 10%]  (Warmup)
Chain 2: Iteration: 1200 / 6000 [ 20%]  (Warmup)
Chain 2: Iteration: 1201 / 6000 [ 20%]  (Sampling)
Chain 2: Iteration: 1800 / 6000 [ 30%]  (Sampling)
Chain 2: Iteration: 2400 / 6000 [ 40%]  (Sampling)
Chain 2: Iteration: 3000 / 6000 [ 50%]  (Sampling)
Chain 2: Iteration: 3600 / 6000 [ 60%]  (Sampling)
Chain 2: Iteration: 4200 / 6000 [ 70%]  (Sampling)
Chain 2: Iteration: 4800 / 6000 [ 80%]  (Sampling)
Chain 2: Iteration: 5400 / 6000 [ 90%]  (Sampling)
Chain 2: Iteration: 6000 / 6000 [100%]  (Sampling)
Chain 2: 
Chain 2:  Elapsed Time: 53.94 seconds (Warm-up)
Chain 2:                249.6 seconds (Sampling)
Chain 2:                303.54 seconds (Total)
Chain 2: 

SAMPLING FOR MODEL '2f8b09025defe902a4bedd6307763397' NOW (CHAIN 3).
Chain 3: 
Chain 3: Gradient evaluation took 0 seconds
Chain 3: 1000 transitions using 10 leapfrog steps per transition would take 0 seconds.
Chain 3: Adjust your expectations accordingly!
Chain 3: 
Chain 3: 
Chain 3: Iteration:    1 / 6000 [  0%]  (Warmup)
Chain 3: Iteration:  600 / 6000 [ 10%]  (Warmup)
Chain 3: Iteration: 1200 / 6000 [ 20%]  (Warmup)
Chain 3: Iteration: 1201 / 6000 [ 20%]  (Sampling)
Chain 3: Iteration: 1800 / 6000 [ 30%]  (Sampling)
Chain 3: Iteration: 2400 / 6000 [ 40%]  (Sampling)
Chain 3: Iteration: 3000 / 6000 [ 50%]  (Sampling)
Chain 3: Iteration: 3600 / 6000 [ 60%]  (Sampling)
Chain 3: Iteration: 4200 / 6000 [ 70%]  (Sampling)
Chain 3: Iteration: 4800 / 6000 [ 80%]  (Sampling)
Chain 3: Iteration: 5400 / 6000 [ 90%]  (Sampling)
Chain 3: Iteration: 6000 / 6000 [100%]  (Sampling)
Chain 3: 
Chain 3:  Elapsed Time: 50.74 seconds (Warm-up)
Chain 3:                350.83 seconds (Sampling)
Chain 3:                401.57 seconds (Total)
Chain 3: 
boundary (singular) fit: see ?isSingular
[1] "everything worked: 1 phen 1"
boundary (singular) fit: see ?isSingular
[1] "everything worked: 2 phen 1"
boundary (singular) fit: see ?isSingular
[1] "everything worked: 3 phen 1"
boundary (singular) fit: see ?isSingular
[1] "everything worked: 4 phen 1"
boundary (singular) fit: see ?isSingular
[1] "everything worked: 5 phen 1"
boundary (singular) fit: see ?isSingular
[1] "everything worked: 6 phen 1"
boundary (singular) fit: see ?isSingular
[1] "everything worked: 7 phen 1"
boundary (singular) fit: see ?isSingular
[1] "everything worked: 8 phen 1"

SAMPLING FOR MODEL '2f8b09025defe902a4bedd6307763397' NOW (CHAIN 1).
Chain 1: 
Chain 1: Gradient evaluation took 0 seconds
Chain 1: 1000 transitions using 10 leapfrog steps per transition would take 0 seconds.
Chain 1: Adjust your expectations accordingly!
Chain 1: 
Chain 1: 
Chain 1: Iteration:    1 / 6000 [  0%]  (Warmup)
Chain 1: Iteration:  600 / 6000 [ 10%]  (Warmup)
Chain 1: Iteration: 1200 / 6000 [ 20%]  (Warmup)
Chain 1: Iteration: 1201 / 6000 [ 20%]  (Sampling)
Chain 1: Iteration: 1800 / 6000 [ 30%]  (Sampling)
Chain 1: Iteration: 2400 / 6000 [ 40%]  (Sampling)
Chain 1: Iteration: 3000 / 6000 [ 50%]  (Sampling)
Chain 1: Iteration: 3600 / 6000 [ 60%]  (Sampling)
Chain 1: Iteration: 4200 / 6000 [ 70%]  (Sampling)
Chain 1: Iteration: 4800 / 6000 [ 80%]  (Sampling)
Chain 1: Iteration: 5400 / 6000 [ 90%]  (Sampling)
Chain 1: Iteration: 6000 / 6000 [100%]  (Sampling)
Chain 1: 
Chain 1:  Elapsed Time: 66.85 seconds (Warm-up)
Chain 1:                251.9 seconds (Sampling)
Chain 1:                318.75 seconds (Total)
Chain 1: 

SAMPLING FOR MODEL '2f8b09025defe902a4bedd6307763397' NOW (CHAIN 2).
Chain 2: 
Chain 2: Gradient evaluation took 0 seconds
Chain 2: 1000 transitions using 10 leapfrog steps per transition would take 0 seconds.
Chain 2: Adjust your expectations accordingly!
Chain 2: 
Chain 2: 
Chain 2: Iteration:    1 / 6000 [  0%]  (Warmup)
Chain 2: Iteration:  600 / 6000 [ 10%]  (Warmup)
Chain 2: Iteration: 1200 / 6000 [ 20%]  (Warmup)
Chain 2: Iteration: 1201 / 6000 [ 20%]  (Sampling)
Chain 2: Iteration: 1800 / 6000 [ 30%]  (Sampling)
Chain 2: Iteration: 2400 / 6000 [ 40%]  (Sampling)
Chain 2: Iteration: 3000 / 6000 [ 50%]  (Sampling)
Chain 2: Iteration: 3600 / 6000 [ 60%]  (Sampling)
Chain 2: Iteration: 4200 / 6000 [ 70%]  (Sampling)
Chain 2: Iteration: 4800 / 6000 [ 80%]  (Sampling)
Chain 2: Iteration: 5400 / 6000 [ 90%]  (Sampling)
Chain 2: Iteration: 6000 / 6000 [100%]  (Sampling)
Chain 2: 
Chain 2:  Elapsed Time: 43.65 seconds (Warm-up)
Chain 2:                278.03 seconds (Sampling)
Chain 2:                321.68 seconds (Total)
Chain 2: 

SAMPLING FOR MODEL '2f8b09025defe902a4bedd6307763397' NOW (CHAIN 3).
Chain 3: 
Chain 3: Gradient evaluation took 0 seconds
Chain 3: 1000 transitions using 10 leapfrog steps per transition would take 0 seconds.
Chain 3: Adjust your expectations accordingly!
Chain 3: 
Chain 3: 
Chain 3: Iteration:    1 / 6000 [  0%]  (Warmup)
Chain 3: Iteration:  600 / 6000 [ 10%]  (Warmup)
Chain 3: Iteration: 1200 / 6000 [ 20%]  (Warmup)
Chain 3: Iteration: 1201 / 6000 [ 20%]  (Sampling)
Chain 3: Iteration: 1800 / 6000 [ 30%]  (Sampling)
Chain 3: Iteration: 2400 / 6000 [ 40%]  (Sampling)
Chain 3: Iteration: 3000 / 6000 [ 50%]  (Sampling)
Chain 3: Iteration: 3600 / 6000 [ 60%]  (Sampling)
Chain 3: Iteration: 4200 / 6000 [ 70%]  (Sampling)
Chain 3: Iteration: 4800 / 6000 [ 80%]  (Sampling)
Chain 3: Iteration: 5400 / 6000 [ 90%]  (Sampling)
Chain 3: Iteration: 6000 / 6000 [100%]  (Sampling)
Chain 3: 
Chain 3:  Elapsed Time: 45.89 seconds (Warm-up)
Chain 3:                237.36 seconds (Sampling)
Chain 3:                283.25 seconds (Total)
Chain 3: 
boundary (singular) fit: see ?isSingular
[1] "everything worked: 1 phen 1"
boundary (singular) fit: see ?isSingular
[1] "everything worked: 2 phen 1"
boundary (singular) fit: see ?isSingular
[1] "everything worked: 3 phen 1"
boundary (singular) fit: see ?isSingular
[1] "everything worked: 4 phen 1"
boundary (singular) fit: see ?isSingular
[1] "everything worked: 5 phen 1"
[1] "everything worked: 6 phen 1"
boundary (singular) fit: see ?isSingular
[1] "everything worked: 7 phen 1"
boundary (singular) fit: see ?isSingular
[1] "everything worked: 8 phen 1"

SAMPLING FOR MODEL '2f8b09025defe902a4bedd6307763397' NOW (CHAIN 1).
Chain 1: 
Chain 1: Gradient evaluation took 0 seconds
Chain 1: 1000 transitions using 10 leapfrog steps per transition would take 0 seconds.
Chain 1: Adjust your expectations accordingly!
Chain 1: 
Chain 1: 
Chain 1: Iteration:    1 / 6000 [  0%]  (Warmup)
Chain 1: Iteration:  600 / 6000 [ 10%]  (Warmup)
Chain 1: Iteration: 1200 / 6000 [ 20%]  (Warmup)
Chain 1: Iteration: 1201 / 6000 [ 20%]  (Sampling)
Chain 1: Iteration: 1800 / 6000 [ 30%]  (Sampling)
Chain 1: Iteration: 2400 / 6000 [ 40%]  (Sampling)
Chain 1: Iteration: 3000 / 6000 [ 50%]  (Sampling)
Chain 1: Iteration: 3600 / 6000 [ 60%]  (Sampling)
Chain 1: Iteration: 4200 / 6000 [ 70%]  (Sampling)
Chain 1: Iteration: 4800 / 6000 [ 80%]  (Sampling)
Chain 1: Iteration: 5400 / 6000 [ 90%]  (Sampling)
Chain 1: Iteration: 6000 / 6000 [100%]  (Sampling)
Chain 1: 
Chain 1:  Elapsed Time: 52.82 seconds (Warm-up)
Chain 1:                318.9 seconds (Sampling)
Chain 1:                371.72 seconds (Total)
Chain 1: 

SAMPLING FOR MODEL '2f8b09025defe902a4bedd6307763397' NOW (CHAIN 2).
Chain 2: 
Chain 2: Gradient evaluation took 0 seconds
Chain 2: 1000 transitions using 10 leapfrog steps per transition would take 0 seconds.
Chain 2: Adjust your expectations accordingly!
Chain 2: 
Chain 2: 
Chain 2: Iteration:    1 / 6000 [  0%]  (Warmup)
Chain 2: Iteration:  600 / 6000 [ 10%]  (Warmup)
Chain 2: Iteration: 1200 / 6000 [ 20%]  (Warmup)
Chain 2: Iteration: 1201 / 6000 [ 20%]  (Sampling)
Chain 2: Iteration: 1800 / 6000 [ 30%]  (Sampling)
Chain 2: Iteration: 2400 / 6000 [ 40%]  (Sampling)
Chain 2: Iteration: 3000 / 6000 [ 50%]  (Sampling)
Chain 2: Iteration: 3600 / 6000 [ 60%]  (Sampling)
Chain 2: Iteration: 4200 / 6000 [ 70%]  (Sampling)
Chain 2: Iteration: 4800 / 6000 [ 80%]  (Sampling)
Chain 2: Iteration: 5400 / 6000 [ 90%]  (Sampling)
Chain 2: Iteration: 6000 / 6000 [100%]  (Sampling)
Chain 2: 
Chain 2:  Elapsed Time: 50.96 seconds (Warm-up)
Chain 2:                301.57 seconds (Sampling)
Chain 2:                352.53 seconds (Total)
Chain 2: 

SAMPLING FOR MODEL '2f8b09025defe902a4bedd6307763397' NOW (CHAIN 3).
Chain 3: 
Chain 3: Gradient evaluation took 0 seconds
Chain 3: 1000 transitions using 10 leapfrog steps per transition would take 0 seconds.
Chain 3: Adjust your expectations accordingly!
Chain 3: 
Chain 3: 
Chain 3: Iteration:    1 / 6000 [  0%]  (Warmup)
Chain 3: Iteration:  600 / 6000 [ 10%]  (Warmup)
Chain 3: Iteration: 1200 / 6000 [ 20%]  (Warmup)
Chain 3: Iteration: 1201 / 6000 [ 20%]  (Sampling)
Chain 3: Iteration: 1800 / 6000 [ 30%]  (Sampling)
Chain 3: Iteration: 2400 / 6000 [ 40%]  (Sampling)
Chain 3: Iteration: 3000 / 6000 [ 50%]  (Sampling)
Chain 3: Iteration: 3600 / 6000 [ 60%]  (Sampling)
Chain 3: Iteration: 4200 / 6000 [ 70%]  (Sampling)
Chain 3: Iteration: 4800 / 6000 [ 80%]  (Sampling)
Chain 3: Iteration: 5400 / 6000 [ 90%]  (Sampling)
Chain 3: Iteration: 6000 / 6000 [100%]  (Sampling)
Chain 3: 
Chain 3:  Elapsed Time: 52.68 seconds (Warm-up)
Chain 3:                279.24 seconds (Sampling)
Chain 3:                331.92 seconds (Total)
Chain 3: 
There were 50 or more warnings (use warnings() to see the first 50)
